{"/Users/abhishek/tradeanalytics-v2/frontend/src/app/layout.tsx": {"path":"/Users/abhishek/tradeanalytics-v2/frontend/src/app/layout.tsx","statementMap":{"0":{"start":{"line":25,"column":24},"end":{"line":25,"column":35}},"1":{"start":{"line":12,"column":13},"end":{"line":12,"column":21}},"2":{"start":{"line":19,"column":13},"end":{"line":19,"column":21}},"3":{"start":{"line":2,"column":22},"end":{"line":2,"column":null}},"4":{"start":{"line":3,"column":7},"end":{"line":3,"column":null}},"5":{"start":{"line":4,"column":30},"end":{"line":4,"column":null}},"6":{"start":{"line":5,"column":33},"end":{"line":5,"column":null}},"7":{"start":{"line":6,"column":30},"end":{"line":6,"column":null}},"8":{"start":{"line":7,"column":24},"end":{"line":7,"column":null}},"9":{"start":{"line":8,"column":35},"end":{"line":8,"column":null}},"10":{"start":{"line":10,"column":14},"end":{"line":10,"column":null}},"11":{"start":{"line":12,"column":34},"end":{"line":17,"column":null}},"12":{"start":{"line":19,"column":34},"end":{"line":23,"column":null}}},"fnMap":{"0":{"name":"RootLayout","decl":{"start":{"line":25,"column":24},"end":{"line":25,"column":35}},"loc":{"start":{"line":29,"column":1},"end":{"line":64,"column":1}}}},"branchMap":{},"s":{"0":0,"1":0,"2":0,"3":0,"4":0,"5":0,"6":0,"7":0,"8":0,"9":0,"10":0,"11":0,"12":0},"f":{"0":0},"b":{}}
,"/Users/abhishek/tradeanalytics-v2/frontend/src/app/page.tsx": {"path":"/Users/abhishek/tradeanalytics-v2/frontend/src/app/page.tsx","statementMap":{"0":{"start":{"line":3,"column":24},"end":{"line":3,"column":null}},"1":{"start":{"line":1,"column":25},"end":{"line":1,"column":null}},"2":{"start":{"line":5,"column":2},"end":{"line":5,"column":null}}},"fnMap":{"0":{"name":"HomePage","decl":{"start":{"line":3,"column":24},"end":{"line":3,"column":null}},"loc":{"start":{"line":3,"column":24},"end":{"line":6,"column":null}}}},"branchMap":{},"s":{"0":0,"1":0,"2":0},"f":{"0":0},"b":{}}
,"/Users/abhishek/tradeanalytics-v2/frontend/src/app/dashboard/page.tsx": {"path":"/Users/abhishek/tradeanalytics-v2/frontend/src/app/dashboard/page.tsx","statementMap":{"0":{"start":{"line":672,"column":24},"end":{"line":672,"column":null}},"1":{"start":{"line":3,"column":36},"end":{"line":3,"column":null}},"2":{"start":{"line":4,"column":26},"end":{"line":4,"column":null}},"3":{"start":{"line":5,"column":244},"end":{"line":5,"column":null}},"4":{"start":{"line":6,"column":28},"end":{"line":6,"column":null}},"5":{"start":{"line":7,"column":38},"end":{"line":7,"column":null}},"6":{"start":{"line":8,"column":37},"end":{"line":8,"column":null}},"7":{"start":{"line":9,"column":34},"end":{"line":9,"column":null}},"8":{"start":{"line":10,"column":27},"end":{"line":10,"column":null}},"9":{"start":{"line":27,"column":26},"end":{"line":27,"column":null}},"10":{"start":{"line":28,"column":28},"end":{"line":28,"column":null}},"11":{"start":{"line":29,"column":21},"end":{"line":29,"column":null}},"12":{"start":{"line":31,"column":27},"end":{"line":31,"column":null}},"13":{"start":{"line":32,"column":29},"end":{"line":32,"column":null}},"14":{"start":{"line":33,"column":22},"end":{"line":33,"column":null}},"15":{"start":{"line":35,"column":25},"end":{"line":35,"column":null}},"16":{"start":{"line":36,"column":27},"end":{"line":36,"column":null}},"17":{"start":{"line":37,"column":20},"end":{"line":37,"column":null}},"18":{"start":{"line":39,"column":29},"end":{"line":39,"column":null}},"19":{"start":{"line":73,"column":37},"end":{"line":73,"column":null}},"20":{"start":{"line":74,"column":38},"end":{"line":74,"column":null}},"21":{"start":{"line":75,"column":37},"end":{"line":75,"column":null}},"22":{"start":{"line":76,"column":39},"end":{"line":76,"column":null}},"23":{"start":{"line":77,"column":32},"end":{"line":77,"column":null}},"24":{"start":{"line":78,"column":16},"end":{"line":78,"column":null}},"25":{"start":{"line":138,"column":2},"end":{"line":145,"column":null}},"26":{"start":{"line":178,"column":12},"end":{"line":178,"column":29}},"27":{"start":{"line":223,"column":48},"end":{"line":223,"column":null}},"28":{"start":{"line":224,"column":48},"end":{"line":224,"column":null}},"29":{"start":{"line":225,"column":46},"end":{"line":225,"column":null}},"30":{"start":{"line":227,"column":2},"end":{"line":244,"column":null}},"31":{"start":{"line":247,"column":23},"end":{"line":258,"column":null}},"32":{"start":{"line":260,"column":28},"end":{"line":260,"column":60}},"33":{"start":{"line":261,"column":21},"end":{"line":261,"column":46}},"34":{"start":{"line":353,"column":27},"end":{"line":353,"column":null}},"35":{"start":{"line":369,"column":16},"end":{"line":369,"column":33}},"36":{"start":{"line":395,"column":27},"end":{"line":395,"column":null}},"37":{"start":{"line":411,"column":16},"end":{"line":411,"column":33}},"38":{"start":{"line":519,"column":27},"end":{"line":519,"column":null}},"39":{"start":{"line":556,"column":12},"end":{"line":557,"column":null}},"40":{"start":{"line":573,"column":39},"end":{"line":573,"column":null}},"41":{"start":{"line":649,"column":29},"end":{"line":649,"column":null}},"42":{"start":{"line":673,"column":17},"end":{"line":673,"column":null}},"43":{"start":{"line":674,"column":36},"end":{"line":674,"column":null}},"44":{"start":{"line":675,"column":48},"end":{"line":675,"column":null}},"45":{"start":{"line":676,"column":40},"end":{"line":676,"column":null}},"46":{"start":{"line":677,"column":38},"end":{"line":677,"column":null}},"47":{"start":{"line":678,"column":44},"end":{"line":683,"column":null}},"48":{"start":{"line":684,"column":28},"end":{"line":684,"column":null}},"49":{"start":{"line":685,"column":40},"end":{"line":685,"column":null}},"50":{"start":{"line":686,"column":36},"end":{"line":686,"column":null}},"51":{"start":{"line":687,"column":38},"end":{"line":687,"column":null}},"52":{"start":{"line":688,"column":48},"end":{"line":688,"column":null}},"53":{"start":{"line":689,"column":42},"end":{"line":689,"column":null}},"54":{"start":{"line":690,"column":42},"end":{"line":690,"column":null}},"55":{"start":{"line":693,"column":38},"end":{"line":693,"column":null}},"56":{"start":{"line":694,"column":56},"end":{"line":694,"column":null}},"57":{"start":{"line":695,"column":44},"end":{"line":695,"column":60}},"58":{"start":{"line":696,"column":42},"end":{"line":696,"column":null}},"59":{"start":{"line":699,"column":54},"end":{"line":699,"column":null}},"60":{"start":{"line":700,"column":48},"end":{"line":700,"column":64}},"61":{"start":{"line":701,"column":64},"end":{"line":701,"column":null}},"62":{"start":{"line":703,"column":2},"end":{"line":730,"column":null}},"63":{"start":{"line":705,"column":22},"end":{"line":727,"column":null}},"64":{"start":{"line":706,"column":6},"end":{"line":726,"column":null}},"65":{"start":{"line":707,"column":27},"end":{"line":707,"column":null}},"66":{"start":{"line":708,"column":8},"end":{"line":719,"column":null}},"67":{"start":{"line":710,"column":30},"end":{"line":710,"column":null}},"68":{"start":{"line":711,"column":10},"end":{"line":711,"column":null}},"69":{"start":{"line":713,"column":10},"end":{"line":716,"column":null}},"70":{"start":{"line":715,"column":12},"end":{"line":715,"column":null}},"71":{"start":{"line":718,"column":10},"end":{"line":718,"column":null}},"72":{"start":{"line":721,"column":8},"end":{"line":721,"column":null}},"73":{"start":{"line":722,"column":8},"end":{"line":722,"column":null}},"74":{"start":{"line":723,"column":8},"end":{"line":723,"column":null}},"75":{"start":{"line":725,"column":8},"end":{"line":725,"column":null}},"76":{"start":{"line":729,"column":4},"end":{"line":729,"column":null}},"77":{"start":{"line":733,"column":2},"end":{"line":745,"column":null}},"78":{"start":{"line":734,"column":4},"end":{"line":734,"column":null}},"79":{"start":{"line":734,"column":64},"end":{"line":734,"column":null}},"80":{"start":{"line":736,"column":21},"end":{"line":742,"column":null}},"81":{"start":{"line":737,"column":6},"end":{"line":737,"column":null}},"82":{"start":{"line":738,"column":6},"end":{"line":738,"column":null}},"83":{"start":{"line":740,"column":6},"end":{"line":740,"column":null}},"84":{"start":{"line":741,"column":6},"end":{"line":741,"column":null}},"85":{"start":{"line":741,"column":23},"end":{"line":741,"column":58}},"86":{"start":{"line":744,"column":4},"end":{"line":744,"column":null}},"87":{"start":{"line":744,"column":17},"end":{"line":744,"column":null}},"88":{"start":{"line":748,"column":2},"end":{"line":757,"column":null}},"89":{"start":{"line":749,"column":4},"end":{"line":749,"column":null}},"90":{"start":{"line":749,"column":65},"end":{"line":749,"column":null}},"91":{"start":{"line":751,"column":21},"end":{"line":754,"column":null}},"92":{"start":{"line":752,"column":6},"end":{"line":752,"column":null}},"93":{"start":{"line":753,"column":6},"end":{"line":753,"column":null}},"94":{"start":{"line":756,"column":4},"end":{"line":756,"column":null}},"95":{"start":{"line":756,"column":17},"end":{"line":756,"column":null}},"96":{"start":{"line":760,"column":2},"end":{"line":764,"column":null}},"97":{"start":{"line":761,"column":4},"end":{"line":763,"column":null}},"98":{"start":{"line":762,"column":6},"end":{"line":762,"column":null}},"99":{"start":{"line":767,"column":2},"end":{"line":775,"column":null}},"100":{"start":{"line":768,"column":4},"end":{"line":774,"column":null}},"101":{"start":{"line":770,"column":20},"end":{"line":772,"column":null}},"102":{"start":{"line":771,"column":8},"end":{"line":771,"column":null}},"103":{"start":{"line":773,"column":6},"end":{"line":773,"column":null}},"104":{"start":{"line":773,"column":19},"end":{"line":773,"column":null}},"105":{"start":{"line":777,"column":29},"end":{"line":845,"column":null}},"106":{"start":{"line":778,"column":4},"end":{"line":778,"column":null}},"107":{"start":{"line":778,"column":26},"end":{"line":778,"column":null}},"108":{"start":{"line":780,"column":4},"end":{"line":780,"column":null}},"109":{"start":{"line":781,"column":4},"end":{"line":781,"column":null}},"110":{"start":{"line":783,"column":4},"end":{"line":844,"column":null}},"111":{"start":{"line":784,"column":29},"end":{"line":790,"column":null}},"112":{"start":{"line":787,"column":10},"end":{"line":787,"column":null}},"113":{"start":{"line":788,"column":10},"end":{"line":788,"column":null}},"114":{"start":{"line":793,"column":6},"end":{"line":831,"column":null}},"115":{"start":{"line":794,"column":8},"end":{"line":794,"column":null}},"116":{"start":{"line":795,"column":8},"end":{"line":795,"column":null}},"117":{"start":{"line":796,"column":8},"end":{"line":826,"column":null}},"118":{"start":{"line":798,"column":32},"end":{"line":798,"column":null}},"119":{"start":{"line":799,"column":10},"end":{"line":799,"column":null}},"120":{"start":{"line":801,"column":10},"end":{"line":818,"column":null}},"121":{"start":{"line":803,"column":30},"end":{"line":803,"column":null}},"122":{"start":{"line":804,"column":12},"end":{"line":813,"column":null}},"123":{"start":{"line":805,"column":14},"end":{"line":805,"column":null}},"124":{"start":{"line":806,"column":14},"end":{"line":806,"column":null}},"125":{"start":{"line":807,"column":14},"end":{"line":807,"column":null}},"126":{"start":{"line":808,"column":14},"end":{"line":808,"column":null}},"127":{"start":{"line":810,"column":14},"end":{"line":810,"column":null}},"128":{"start":{"line":811,"column":14},"end":{"line":811,"column":null}},"129":{"start":{"line":812,"column":14},"end":{"line":812,"column":null}},"130":{"start":{"line":815,"column":12},"end":{"line":815,"column":null}},"131":{"start":{"line":816,"column":12},"end":{"line":816,"column":null}},"132":{"start":{"line":817,"column":12},"end":{"line":817,"column":null}},"133":{"start":{"line":820,"column":10},"end":{"line":820,"column":null}},"134":{"start":{"line":821,"column":10},"end":{"line":821,"column":null}},"135":{"start":{"line":822,"column":10},"end":{"line":822,"column":null}},"136":{"start":{"line":823,"column":10},"end":{"line":823,"column":null}},"137":{"start":{"line":825,"column":10},"end":{"line":825,"column":null}},"138":{"start":{"line":828,"column":8},"end":{"line":828,"column":null}},"139":{"start":{"line":829,"column":8},"end":{"line":829,"column":null}},"140":{"start":{"line":830,"column":8},"end":{"line":830,"column":null}},"141":{"start":{"line":833,"column":6},"end":{"line":833,"column":null}},"142":{"start":{"line":834,"column":6},"end":{"line":841,"column":null}},"143":{"start":{"line":836,"column":8},"end":{"line":836,"column":null}},"144":{"start":{"line":837,"column":8},"end":{"line":837,"column":null}},"145":{"start":{"line":838,"column":8},"end":{"line":838,"column":null}},"146":{"start":{"line":840,"column":8},"end":{"line":840,"column":null}},"147":{"start":{"line":843,"column":6},"end":{"line":843,"column":null}},"148":{"start":{"line":847,"column":31},"end":{"line":849,"column":null}},"149":{"start":{"line":848,"column":4},"end":{"line":848,"column":null}},"150":{"start":{"line":851,"column":27},"end":{"line":857,"column":null}},"151":{"start":{"line":852,"column":4},"end":{"line":852,"column":null}},"152":{"start":{"line":853,"column":4},"end":{"line":853,"column":null}},"153":{"start":{"line":854,"column":4},"end":{"line":854,"column":null}},"154":{"start":{"line":855,"column":4},"end":{"line":855,"column":null}},"155":{"start":{"line":856,"column":4},"end":{"line":856,"column":null}},"156":{"start":{"line":859,"column":24},"end":{"line":862,"column":null}},"157":{"start":{"line":861,"column":4},"end":{"line":861,"column":null}},"158":{"start":{"line":864,"column":29},"end":{"line":866,"column":null}},"159":{"start":{"line":865,"column":4},"end":{"line":865,"column":null}},"160":{"start":{"line":868,"column":27},"end":{"line":883,"column":null}},"161":{"start":{"line":869,"column":4},"end":{"line":869,"column":null}},"162":{"start":{"line":870,"column":4},"end":{"line":870,"column":null}},"163":{"start":{"line":871,"column":4},"end":{"line":871,"column":null}},"164":{"start":{"line":873,"column":4},"end":{"line":882,"column":null}},"165":{"start":{"line":875,"column":20},"end":{"line":875,"column":null}},"166":{"start":{"line":876,"column":6},"end":{"line":876,"column":null}},"167":{"start":{"line":878,"column":6},"end":{"line":878,"column":null}},"168":{"start":{"line":879,"column":6},"end":{"line":879,"column":null}},"169":{"start":{"line":881,"column":6},"end":{"line":881,"column":null}},"170":{"start":{"line":885,"column":26},"end":{"line":889,"column":null}},"171":{"start":{"line":886,"column":4},"end":{"line":886,"column":null}},"172":{"start":{"line":887,"column":4},"end":{"line":887,"column":null}},"173":{"start":{"line":888,"column":4},"end":{"line":888,"column":null}},"174":{"start":{"line":891,"column":25},"end":{"line":896,"column":null}},"175":{"start":{"line":892,"column":4},"end":{"line":895,"column":null}},"176":{"start":{"line":898,"column":24},"end":{"line":900,"column":null}},"177":{"start":{"line":899,"column":4},"end":{"line":899,"column":null}},"178":{"start":{"line":903,"column":27},"end":{"line":914,"column":null}},"179":{"start":{"line":904,"column":23},"end":{"line":912,"column":null}},"180":{"start":{"line":917,"column":26},"end":{"line":938,"column":null}},"181":{"start":{"line":918,"column":4},"end":{"line":918,"column":null}},"182":{"start":{"line":918,"column":65},"end":{"line":918,"column":null}},"183":{"start":{"line":920,"column":4},"end":{"line":937,"column":null}},"184":{"start":{"line":921,"column":29},"end":{"line":927,"column":null}},"185":{"start":{"line":924,"column":10},"end":{"line":924,"column":null}},"186":{"start":{"line":925,"column":10},"end":{"line":925,"column":null}},"187":{"start":{"line":929,"column":26},"end":{"line":929,"column":null}},"188":{"start":{"line":931,"column":6},"end":{"line":934,"column":null}},"189":{"start":{"line":932,"column":8},"end":{"line":932,"column":null}},"190":{"start":{"line":933,"column":8},"end":{"line":933,"column":null}},"191":{"start":{"line":936,"column":6},"end":{"line":936,"column":null}},"192":{"start":{"line":940,"column":2},"end":{"line":948,"column":null}},"193":{"start":{"line":981,"column":41},"end":{"line":981,"column":null}},"194":{"start":{"line":988,"column":39},"end":{"line":988,"column":null}},"195":{"start":{"line":1004,"column":41},"end":{"line":1004,"column":null}},"196":{"start":{"line":1011,"column":39},"end":{"line":1011,"column":null}},"197":{"start":{"line":1142,"column":40},"end":{"line":1142,"column":null}},"198":{"start":{"line":1143,"column":38},"end":{"line":1143,"column":null}},"199":{"start":{"line":1144,"column":42},"end":{"line":1144,"column":null}},"200":{"start":{"line":1145,"column":39},"end":{"line":1145,"column":null}},"201":{"start":{"line":1209,"column":22},"end":{"line":1210,"column":null}},"202":{"start":{"line":1211,"column":39},"end":{"line":1211,"column":null}},"203":{"start":{"line":1342,"column":47},"end":{"line":1342,"column":null}},"204":{"start":{"line":1343,"column":24},"end":{"line":1361,"column":null}},"205":{"start":{"line":1344,"column":49},"end":{"line":1346,"column":86}},"206":{"start":{"line":1348,"column":26},"end":{"line":1360,"column":null}},"207":{"start":{"line":1349,"column":28},"end":{"line":1359,"column":null}},"208":{"start":{"line":1350,"column":46},"end":{"line":1350,"column":78}},"209":{"start":{"line":1351,"column":30},"end":{"line":1354,"column":null}},"210":{"start":{"line":1356,"column":30},"end":{"line":1358,"column":null}},"211":{"start":{"line":1363,"column":24},"end":{"line":1364,"column":72}}},"fnMap":{"0":{"name":"PortfolioTab","decl":{"start":{"line":22,"column":9},"end":{"line":22,"column":22}},"loc":{"start":{"line":26,"column":1},"end":{"line":130,"column":null}}},"1":{"name":"(anonymous_3)","decl":{"start":{"line":72,"column":16},"end":{"line":72,"column":null}},"loc":{"start":{"line":72,"column":16},"end":{"line":79,"column":null}}},"2":{"name":"StocksTab","decl":{"start":{"line":133,"column":9},"end":{"line":133,"column":19}},"loc":{"start":{"line":137,"column":1},"end":{"line":210,"column":null}}},"3":{"name":"(anonymous_5)","decl":{"start":{"line":177,"column":32},"end":{"line":177,"column":33}},"loc":{"start":{"line":178,"column":12},"end":{"line":178,"column":29}}},"4":{"name":"OptionsTab","decl":{"start":{"line":213,"column":9},"end":{"line":213,"column":20}},"loc":{"start":{"line":222,"column":1},"end":{"line":669,"column":null}}},"5":{"name":"(anonymous_7)","decl":{"start":{"line":353,"column":21},"end":{"line":353,"column":27}},"loc":{"start":{"line":353,"column":27},"end":{"line":353,"column":null}}},"6":{"name":"(anonymous_8)","decl":{"start":{"line":368,"column":37},"end":{"line":368,"column":38}},"loc":{"start":{"line":369,"column":16},"end":{"line":369,"column":33}}},"7":{"name":"(anonymous_9)","decl":{"start":{"line":395,"column":21},"end":{"line":395,"column":27}},"loc":{"start":{"line":395,"column":27},"end":{"line":395,"column":null}}},"8":{"name":"(anonymous_10)","decl":{"start":{"line":410,"column":43},"end":{"line":410,"column":44}},"loc":{"start":{"line":411,"column":16},"end":{"line":411,"column":33}}},"9":{"name":"(anonymous_11)","decl":{"start":{"line":519,"column":21},"end":{"line":519,"column":27}},"loc":{"start":{"line":519,"column":27},"end":{"line":519,"column":null}}},"10":{"name":"(anonymous_12)","decl":{"start":{"line":555,"column":85},"end":{"line":555,"column":86}},"loc":{"start":{"line":556,"column":12},"end":{"line":557,"column":null}}},"11":{"name":"(anonymous_13)","decl":{"start":{"line":573,"column":33},"end":{"line":573,"column":39}},"loc":{"start":{"line":573,"column":39},"end":{"line":573,"column":null}}},"12":{"name":"(anonymous_14)","decl":{"start":{"line":649,"column":23},"end":{"line":649,"column":29}},"loc":{"start":{"line":649,"column":29},"end":{"line":649,"column":null}}},"13":{"name":"Dashboard","decl":{"start":{"line":672,"column":24},"end":{"line":672,"column":null}},"loc":{"start":{"line":672,"column":24},"end":{"line":1548,"column":null}}},"14":{"name":"(anonymous_16)","decl":{"start":{"line":703,"column":12},"end":{"line":703,"column":null}},"loc":{"start":{"line":703,"column":12},"end":{"line":730,"column":5}}},"15":{"name":"(anonymous_17)","decl":{"start":{"line":705,"column":22},"end":{"line":705,"column":null}},"loc":{"start":{"line":705,"column":22},"end":{"line":727,"column":null}}},"16":{"name":"(anonymous_18)","decl":{"start":{"line":733,"column":12},"end":{"line":733,"column":null}},"loc":{"start":{"line":733,"column":12},"end":{"line":745,"column":5}}},"17":{"name":"(anonymous_19)","decl":{"start":{"line":736,"column":33},"end":{"line":736,"column":null}},"loc":{"start":{"line":736,"column":33},"end":{"line":742,"column":7}}},"18":{"name":"(anonymous_20)","decl":{"start":{"line":741,"column":17},"end":{"line":741,"column":23}},"loc":{"start":{"line":741,"column":23},"end":{"line":741,"column":58}}},"19":{"name":"(anonymous_21)","decl":{"start":{"line":744,"column":11},"end":{"line":744,"column":17}},"loc":{"start":{"line":744,"column":17},"end":{"line":744,"column":null}}},"20":{"name":"(anonymous_22)","decl":{"start":{"line":748,"column":12},"end":{"line":748,"column":null}},"loc":{"start":{"line":748,"column":12},"end":{"line":757,"column":5}}},"21":{"name":"(anonymous_23)","decl":{"start":{"line":751,"column":33},"end":{"line":751,"column":null}},"loc":{"start":{"line":751,"column":33},"end":{"line":754,"column":7}}},"22":{"name":"(anonymous_24)","decl":{"start":{"line":756,"column":11},"end":{"line":756,"column":17}},"loc":{"start":{"line":756,"column":17},"end":{"line":756,"column":null}}},"23":{"name":"(anonymous_25)","decl":{"start":{"line":760,"column":12},"end":{"line":760,"column":null}},"loc":{"start":{"line":760,"column":12},"end":{"line":764,"column":5}}},"24":{"name":"(anonymous_26)","decl":{"start":{"line":767,"column":12},"end":{"line":767,"column":null}},"loc":{"start":{"line":767,"column":12},"end":{"line":775,"column":5}}},"25":{"name":"(anonymous_27)","decl":{"start":{"line":770,"column":31},"end":{"line":770,"column":null}},"loc":{"start":{"line":770,"column":31},"end":{"line":772,"column":9}}},"26":{"name":"(anonymous_28)","decl":{"start":{"line":773,"column":13},"end":{"line":773,"column":19}},"loc":{"start":{"line":773,"column":19},"end":{"line":773,"column":null}}},"27":{"name":"(anonymous_29)","decl":{"start":{"line":777,"column":29},"end":{"line":777,"column":null}},"loc":{"start":{"line":777,"column":29},"end":{"line":845,"column":null}}},"28":{"name":"(anonymous_30)","decl":{"start":{"line":786,"column":35},"end":{"line":786,"column":null}},"loc":{"start":{"line":786,"column":35},"end":{"line":789,"column":null}}},"29":{"name":"(anonymous_31)","decl":{"start":{"line":847,"column":31},"end":{"line":847,"column":null}},"loc":{"start":{"line":847,"column":31},"end":{"line":849,"column":null}}},"30":{"name":"(anonymous_32)","decl":{"start":{"line":851,"column":27},"end":{"line":851,"column":null}},"loc":{"start":{"line":851,"column":27},"end":{"line":857,"column":null}}},"31":{"name":"(anonymous_33)","decl":{"start":{"line":859,"column":24},"end":{"line":859,"column":null}},"loc":{"start":{"line":859,"column":24},"end":{"line":862,"column":null}}},"32":{"name":"(anonymous_34)","decl":{"start":{"line":864,"column":29},"end":{"line":864,"column":null}},"loc":{"start":{"line":864,"column":29},"end":{"line":866,"column":null}}},"33":{"name":"(anonymous_35)","decl":{"start":{"line":868,"column":27},"end":{"line":868,"column":34}},"loc":{"start":{"line":868,"column":34},"end":{"line":883,"column":null}}},"34":{"name":"(anonymous_36)","decl":{"start":{"line":885,"column":26},"end":{"line":885,"column":null}},"loc":{"start":{"line":885,"column":26},"end":{"line":889,"column":null}}},"35":{"name":"(anonymous_37)","decl":{"start":{"line":891,"column":25},"end":{"line":891,"column":26}},"loc":{"start":{"line":891,"column":26},"end":{"line":896,"column":null}}},"36":{"name":"(anonymous_38)","decl":{"start":{"line":898,"column":24},"end":{"line":898,"column":25}},"loc":{"start":{"line":898,"column":25},"end":{"line":900,"column":null}}},"37":{"name":"(anonymous_39)","decl":{"start":{"line":903,"column":27},"end":{"line":903,"column":28}},"loc":{"start":{"line":903,"column":28},"end":{"line":914,"column":null}}},"38":{"name":"(anonymous_40)","decl":{"start":{"line":917,"column":26},"end":{"line":917,"column":null}},"loc":{"start":{"line":917,"column":26},"end":{"line":938,"column":null}}},"39":{"name":"(anonymous_41)","decl":{"start":{"line":923,"column":35},"end":{"line":923,"column":null}},"loc":{"start":{"line":923,"column":35},"end":{"line":926,"column":null}}},"40":{"name":"(anonymous_42)","decl":{"start":{"line":981,"column":34},"end":{"line":981,"column":35}},"loc":{"start":{"line":981,"column":41},"end":{"line":981,"column":null}}},"41":{"name":"(anonymous_43)","decl":{"start":{"line":988,"column":32},"end":{"line":988,"column":33}},"loc":{"start":{"line":988,"column":39},"end":{"line":988,"column":null}}},"42":{"name":"(anonymous_44)","decl":{"start":{"line":1004,"column":34},"end":{"line":1004,"column":35}},"loc":{"start":{"line":1004,"column":41},"end":{"line":1004,"column":null}}},"43":{"name":"(anonymous_45)","decl":{"start":{"line":1011,"column":32},"end":{"line":1011,"column":33}},"loc":{"start":{"line":1011,"column":39},"end":{"line":1011,"column":null}}},"44":{"name":"(anonymous_46)","decl":{"start":{"line":1141,"column":20},"end":{"line":1141,"column":null}},"loc":{"start":{"line":1141,"column":20},"end":{"line":1158,"column":null}}},"45":{"name":"(anonymous_47)","decl":{"start":{"line":1208,"column":87},"end":{"line":1208,"column":88}},"loc":{"start":{"line":1209,"column":22},"end":{"line":1210,"column":null}}},"46":{"name":"(anonymous_48)","decl":{"start":{"line":1211,"column":33},"end":{"line":1211,"column":39}},"loc":{"start":{"line":1211,"column":39},"end":{"line":1211,"column":null}}},"47":{"name":"(anonymous_49)","decl":{"start":{"line":1340,"column":55},"end":{"line":1340,"column":56}},"loc":{"start":{"line":1340,"column":63},"end":{"line":1533,"column":null}}}},"branchMap":{"0":{"loc":{"start":{"line":27,"column":26},"end":{"line":27,"column":null}},"type":"binary-expr","locations":[{"start":{"line":27,"column":26},"end":{"line":27,"column":63}},{"start":{"line":27,"column":63},"end":{"line":27,"column":null}}]},"1":{"loc":{"start":{"line":28,"column":28},"end":{"line":28,"column":null}},"type":"binary-expr","locations":[{"start":{"line":28,"column":28},"end":{"line":28,"column":66}},{"start":{"line":28,"column":66},"end":{"line":28,"column":null}}]},"2":{"loc":{"start":{"line":31,"column":27},"end":{"line":31,"column":null}},"type":"binary-expr","locations":[{"start":{"line":31,"column":27},"end":{"line":31,"column":65}},{"start":{"line":31,"column":65},"end":{"line":31,"column":null}}]},"3":{"loc":{"start":{"line":32,"column":29},"end":{"line":32,"column":null}},"type":"binary-expr","locations":[{"start":{"line":32,"column":29},"end":{"line":32,"column":68}},{"start":{"line":32,"column":68},"end":{"line":32,"column":null}}]},"4":{"loc":{"start":{"line":35,"column":25},"end":{"line":35,"column":null}},"type":"binary-expr","locations":[{"start":{"line":35,"column":25},"end":{"line":35,"column":61}},{"start":{"line":35,"column":61},"end":{"line":35,"column":null}}]},"5":{"loc":{"start":{"line":36,"column":27},"end":{"line":36,"column":null}},"type":"binary-expr","locations":[{"start":{"line":36,"column":27},"end":{"line":36,"column":64}},{"start":{"line":36,"column":64},"end":{"line":36,"column":null}}]},"6":{"loc":{"start":{"line":39,"column":29},"end":{"line":39,"column":null}},"type":"cond-expr","locations":[{"start":{"line":39,"column":45},"end":{"line":39,"column":79}},{"start":{"line":39,"column":79},"end":{"line":39,"column":null}}]},"7":{"loc":{"start":{"line":63,"column":16},"end":{"line":63,"column":63}},"type":"binary-expr","locations":[{"start":{"line":63,"column":16},"end":{"line":63,"column":57}},{"start":{"line":63,"column":57},"end":{"line":63,"column":63}}]},"8":{"loc":{"start":{"line":63,"column":63},"end":{"line":63,"column":null}},"type":"binary-expr","locations":[{"start":{"line":63,"column":63},"end":{"line":63,"column":105}},{"start":{"line":63,"column":105},"end":{"line":63,"column":null}}]},"9":{"loc":{"start":{"line":66,"column":15},"end":{"line":66,"column":58}},"type":"binary-expr","locations":[{"start":{"line":66,"column":15},"end":{"line":66,"column":56}},{"start":{"line":66,"column":56},"end":{"line":66,"column":58}}]},"10":{"loc":{"start":{"line":66,"column":68},"end":{"line":66,"column":112}},"type":"binary-expr","locations":[{"start":{"line":66,"column":68},"end":{"line":66,"column":110}},{"start":{"line":66,"column":110},"end":{"line":66,"column":112}}]},"11":{"loc":{"start":{"line":73,"column":37},"end":{"line":73,"column":null}},"type":"binary-expr","locations":[{"start":{"line":73,"column":37},"end":{"line":73,"column":70}},{"start":{"line":73,"column":70},"end":{"line":73,"column":null}}]},"12":{"loc":{"start":{"line":74,"column":38},"end":{"line":74,"column":null}},"type":"binary-expr","locations":[{"start":{"line":74,"column":38},"end":{"line":74,"column":72}},{"start":{"line":74,"column":72},"end":{"line":74,"column":null}}]},"13":{"loc":{"start":{"line":76,"column":40},"end":{"line":76,"column":87}},"type":"binary-expr","locations":[{"start":{"line":76,"column":40},"end":{"line":76,"column":81}},{"start":{"line":76,"column":81},"end":{"line":76,"column":87}}]},"14":{"loc":{"start":{"line":76,"column":87},"end":{"line":76,"column":null}},"type":"binary-expr","locations":[{"start":{"line":76,"column":87},"end":{"line":76,"column":129}},{"start":{"line":76,"column":129},"end":{"line":76,"column":null}}]},"15":{"loc":{"start":{"line":77,"column":32},"end":{"line":77,"column":null}},"type":"cond-expr","locations":[{"start":{"line":77,"column":53},"end":{"line":77,"column":93}},{"start":{"line":77,"column":93},"end":{"line":77,"column":null}}]},"16":{"loc":{"start":{"line":94,"column":19},"end":{"line":94,"column":null}},"type":"cond-expr","locations":[{"start":{"line":94,"column":36},"end":{"line":94,"column":90}},{"start":{"line":94,"column":90},"end":{"line":94,"column":null}}]},"17":{"loc":{"start":{"line":103,"column":19},"end":{"line":103,"column":null}},"type":"cond-expr","locations":[{"start":{"line":103,"column":36},"end":{"line":103,"column":92}},{"start":{"line":103,"column":92},"end":{"line":103,"column":null}}]},"18":{"loc":{"start":{"line":115,"column":45},"end":{"line":115,"column":103}},"type":"cond-expr","locations":[{"start":{"line":115,"column":69},"end":{"line":115,"column":88}},{"start":{"line":115,"column":88},"end":{"line":115,"column":103}}]},"19":{"loc":{"start":{"line":121,"column":45},"end":{"line":121,"column":105}},"type":"cond-expr","locations":[{"start":{"line":121,"column":71},"end":{"line":121,"column":90}},{"start":{"line":121,"column":90},"end":{"line":121,"column":105}}]},"20":{"loc":{"start":{"line":138,"column":2},"end":{"line":145,"column":null}},"type":"if","locations":[{"start":{"line":138,"column":2},"end":{"line":145,"column":null}}]},"21":{"loc":{"start":{"line":138,"column":6},"end":{"line":138,"column":48}},"type":"binary-expr","locations":[{"start":{"line":138,"column":6},"end":{"line":138,"column":17}},{"start":{"line":138,"column":17},"end":{"line":138,"column":48}}]},"22":{"loc":{"start":{"line":197,"column":43},"end":{"line":197,"column":106}},"type":"cond-expr","locations":[{"start":{"line":197,"column":72},"end":{"line":197,"column":91}},{"start":{"line":197,"column":91},"end":{"line":197,"column":106}}]},"23":{"loc":{"start":{"line":200,"column":43},"end":{"line":200,"column":108}},"type":"cond-expr","locations":[{"start":{"line":200,"column":74},"end":{"line":200,"column":93}},{"start":{"line":200,"column":93},"end":{"line":200,"column":108}}]},"24":{"loc":{"start":{"line":227,"column":2},"end":{"line":244,"column":null}},"type":"if","locations":[{"start":{"line":227,"column":2},"end":{"line":244,"column":null}}]},"25":{"loc":{"start":{"line":227,"column":6},"end":{"line":227,"column":50}},"type":"binary-expr","locations":[{"start":{"line":227,"column":6},"end":{"line":227,"column":18}},{"start":{"line":227,"column":18},"end":{"line":227,"column":50}}]},"26":{"loc":{"start":{"line":231,"column":10},"end":{"line":237,"column":null}},"type":"cond-expr","locations":[{"start":{"line":231,"column":10},"end":{"line":237,"column":null}}]},"27":{"loc":{"start":{"line":247,"column":23},"end":{"line":258,"column":null}},"type":"binary-expr","locations":[{"start":{"line":247,"column":23},"end":{"line":247,"column":44}},{"start":{"line":247,"column":48},"end":{"line":258,"column":null}}]},"28":{"loc":{"start":{"line":248,"column":15},"end":{"line":248,"column":null}},"type":"binary-expr","locations":[{"start":{"line":248,"column":15},"end":{"line":248,"column":35}},{"start":{"line":248,"column":39},"end":{"line":248,"column":null}}]},"29":{"loc":{"start":{"line":250,"column":20},"end":{"line":250,"column":null}},"type":"binary-expr","locations":[{"start":{"line":250,"column":20},"end":{"line":250,"column":40}},{"start":{"line":250,"column":44},"end":{"line":250,"column":null}}]},"30":{"loc":{"start":{"line":251,"column":18},"end":{"line":251,"column":null}},"type":"binary-expr","locations":[{"start":{"line":251,"column":18},"end":{"line":251,"column":41}},{"start":{"line":251,"column":45},"end":{"line":251,"column":null}}]},"31":{"loc":{"start":{"line":253,"column":20},"end":{"line":253,"column":null}},"type":"binary-expr","locations":[{"start":{"line":253,"column":20},"end":{"line":253,"column":43}},{"start":{"line":253,"column":47},"end":{"line":253,"column":null}}]},"32":{"loc":{"start":{"line":254,"column":14},"end":{"line":254,"column":null}},"type":"binary-expr","locations":[{"start":{"line":254,"column":14},"end":{"line":254,"column":30}},{"start":{"line":254,"column":34},"end":{"line":254,"column":null}}]},"33":{"loc":{"start":{"line":260,"column":28},"end":{"line":260,"column":60}},"type":"binary-expr","locations":[{"start":{"line":260,"column":28},"end":{"line":260,"column":54}},{"start":{"line":260,"column":58},"end":{"line":260,"column":60}}]},"34":{"loc":{"start":{"line":261,"column":21},"end":{"line":261,"column":46}},"type":"binary-expr","locations":[{"start":{"line":261,"column":21},"end":{"line":261,"column":40}},{"start":{"line":261,"column":44},"end":{"line":261,"column":46}}]},"35":{"loc":{"start":{"line":301,"column":47},"end":{"line":301,"column":111}},"type":"cond-expr","locations":[{"start":{"line":301,"column":77},"end":{"line":301,"column":96}},{"start":{"line":301,"column":96},"end":{"line":301,"column":111}}]},"36":{"loc":{"start":{"line":308,"column":47},"end":{"line":308,"column":114}},"type":"cond-expr","locations":[{"start":{"line":308,"column":80},"end":{"line":308,"column":99}},{"start":{"line":308,"column":99},"end":{"line":308,"column":114}}]},"37":{"loc":{"start":{"line":315,"column":47},"end":{"line":315,"column":116}},"type":"cond-expr","locations":[{"start":{"line":315,"column":82},"end":{"line":315,"column":101}},{"start":{"line":315,"column":101},"end":{"line":315,"column":116}}]},"38":{"loc":{"start":{"line":342,"column":47},"end":{"line":342,"column":115}},"type":"cond-expr","locations":[{"start":{"line":342,"column":81},"end":{"line":342,"column":100}},{"start":{"line":342,"column":100},"end":{"line":342,"column":115}}]},"39":{"loc":{"start":{"line":350,"column":7},"end":{"line":350,"column":null}},"type":"binary-expr","locations":[{"start":{"line":350,"column":7},"end":{"line":350,"column":null}}]},"40":{"loc":{"start":{"line":358,"column":57},"end":{"line":358,"column":92}},"type":"cond-expr","locations":[{"start":{"line":358,"column":74},"end":{"line":358,"column":89}},{"start":{"line":358,"column":89},"end":{"line":358,"column":92}}]},"41":{"loc":{"start":{"line":366,"column":11},"end":{"line":366,"column":null}},"type":"binary-expr","locations":[{"start":{"line":366,"column":11},"end":{"line":366,"column":null}}]},"42":{"loc":{"start":{"line":377,"column":59},"end":{"line":377,"column":118}},"type":"cond-expr","locations":[{"start":{"line":377,"column":84},"end":{"line":377,"column":103}},{"start":{"line":377,"column":103},"end":{"line":377,"column":118}}]},"43":{"loc":{"start":{"line":392,"column":7},"end":{"line":392,"column":null}},"type":"binary-expr","locations":[{"start":{"line":392,"column":7},"end":{"line":392,"column":null}}]},"44":{"loc":{"start":{"line":400,"column":57},"end":{"line":400,"column":93}},"type":"cond-expr","locations":[{"start":{"line":400,"column":75},"end":{"line":400,"column":90}},{"start":{"line":400,"column":90},"end":{"line":400,"column":93}}]},"45":{"loc":{"start":{"line":408,"column":11},"end":{"line":408,"column":null}},"type":"binary-expr","locations":[{"start":{"line":408,"column":11},"end":{"line":408,"column":null}}]},"46":{"loc":{"start":{"line":427,"column":59},"end":{"line":427,"column":117}},"type":"cond-expr","locations":[{"start":{"line":427,"column":83},"end":{"line":427,"column":102}},{"start":{"line":427,"column":102},"end":{"line":427,"column":117}}]},"47":{"loc":{"start":{"line":441,"column":7},"end":{"line":441,"column":null}},"type":"binary-expr","locations":[{"start":{"line":441,"column":7},"end":{"line":441,"column":null}}]},"48":{"loc":{"start":{"line":447,"column":49},"end":{"line":447,"column":107}},"type":"cond-expr","locations":[{"start":{"line":447,"column":73},"end":{"line":447,"column":92}},{"start":{"line":447,"column":92},"end":{"line":447,"column":107}}]},"49":{"loc":{"start":{"line":451,"column":17},"end":{"line":451,"column":null}},"type":"cond-expr","locations":[{"start":{"line":451,"column":40},"end":{"line":451,"column":52}},{"start":{"line":451,"column":52},"end":{"line":451,"column":null}}]},"50":{"loc":{"start":{"line":451,"column":52},"end":{"line":451,"column":null}},"type":"cond-expr","locations":[{"start":{"line":451,"column":75},"end":{"line":451,"column":87}},{"start":{"line":451,"column":87},"end":{"line":451,"column":null}}]},"51":{"loc":{"start":{"line":461,"column":49},"end":{"line":461,"column":107}},"type":"cond-expr","locations":[{"start":{"line":461,"column":73},"end":{"line":461,"column":92}},{"start":{"line":461,"column":92},"end":{"line":461,"column":107}}]},"52":{"loc":{"start":{"line":465,"column":17},"end":{"line":465,"column":null}},"type":"cond-expr","locations":[{"start":{"line":465,"column":41},"end":{"line":465,"column":52}},{"start":{"line":465,"column":52},"end":{"line":465,"column":null}}]},"53":{"loc":{"start":{"line":526,"column":57},"end":{"line":526,"column":93}},"type":"cond-expr","locations":[{"start":{"line":526,"column":75},"end":{"line":526,"column":90}},{"start":{"line":526,"column":90},"end":{"line":526,"column":93}}]},"54":{"loc":{"start":{"line":536,"column":11},"end":{"line":536,"column":null}},"type":"binary-expr","locations":[{"start":{"line":536,"column":11},"end":{"line":536,"column":null}}]},"55":{"loc":{"start":{"line":542,"column":18},"end":{"line":542,"column":null}},"type":"cond-expr","locations":[{"start":{"line":542,"column":31},"end":{"line":542,"column":46}},{"start":{"line":542,"column":46},"end":{"line":542,"column":null}}]},"56":{"loc":{"start":{"line":547,"column":20},"end":{"line":547,"column":null}},"type":"cond-expr","locations":[{"start":{"line":547,"column":33},"end":{"line":547,"column":51}},{"start":{"line":547,"column":51},"end":{"line":547,"column":null}}]},"57":{"loc":{"start":{"line":555,"column":12},"end":{"line":555,"column":78}},"type":"cond-expr","locations":[{"start":{"line":555,"column":30},"end":{"line":555,"column":47}},{"start":{"line":555,"column":50},"end":{"line":555,"column":78}}]},"58":{"loc":{"start":{"line":570,"column":19},"end":{"line":570,"column":33}},"type":"binary-expr","locations":[{"start":{"line":570,"column":19},"end":{"line":570,"column":33}},{"start":{"line":570,"column":33},"end":{"line":570,"column":50}}]},"59":{"loc":{"start":{"line":579,"column":23},"end":{"line":579,"column":50}},"type":"binary-expr","locations":[{"start":{"line":579,"column":23},"end":{"line":579,"column":50}}]},"60":{"loc":{"start":{"line":588,"column":20},"end":{"line":590,"column":null}},"type":"cond-expr","locations":[{"start":{"line":589,"column":24},"end":{"line":589,"column":null}},{"start":{"line":590,"column":24},"end":{"line":590,"column":null}}]},"61":{"loc":{"start":{"line":604,"column":17},"end":{"line":604,"column":31}},"type":"binary-expr","locations":[{"start":{"line":604,"column":17},"end":{"line":604,"column":31}},{"start":{"line":604,"column":31},"end":{"line":604,"column":48}}]},"62":{"loc":{"start":{"line":608,"column":34},"end":{"line":608,"column":65}},"type":"binary-expr","locations":[{"start":{"line":608,"column":34},"end":{"line":608,"column":59}},{"start":{"line":608,"column":63},"end":{"line":608,"column":65}}]},"63":{"loc":{"start":{"line":609,"column":25},"end":{"line":609,"column":50}},"type":"binary-expr","locations":[{"start":{"line":609,"column":25},"end":{"line":609,"column":50}}]},"64":{"loc":{"start":{"line":613,"column":54},"end":{"line":613,"column":186}},"type":"cond-expr","locations":[{"start":{"line":613,"column":114},"end":{"line":613,"column":153}},{"start":{"line":613,"column":153},"end":{"line":613,"column":186}}]},"65":{"loc":{"start":{"line":613,"column":54},"end":{"line":613,"column":114}},"type":"binary-expr","locations":[{"start":{"line":613,"column":54},"end":{"line":613,"column":78}},{"start":{"line":613,"column":82},"end":{"line":613,"column":114}}]},"66":{"loc":{"start":{"line":614,"column":51},"end":{"line":614,"column":null}},"type":"binary-expr","locations":[{"start":{"line":614,"column":51},"end":{"line":614,"column":75}},{"start":{"line":614,"column":79},"end":{"line":614,"column":null}}]},"67":{"loc":{"start":{"line":620,"column":17},"end":{"line":620,"column":32}},"type":"binary-expr","locations":[{"start":{"line":620,"column":17},"end":{"line":620,"column":32}}]},"68":{"loc":{"start":{"line":629,"column":43},"end":{"line":629,"column":106}},"type":"cond-expr","locations":[{"start":{"line":629,"column":72},"end":{"line":629,"column":91}},{"start":{"line":629,"column":91},"end":{"line":629,"column":106}}]},"69":{"loc":{"start":{"line":632,"column":43},"end":{"line":632,"column":108}},"type":"cond-expr","locations":[{"start":{"line":632,"column":74},"end":{"line":632,"column":93}},{"start":{"line":632,"column":93},"end":{"line":632,"column":108}}]},"70":{"loc":{"start":{"line":637,"column":17},"end":{"line":637,"column":31}},"type":"binary-expr","locations":[{"start":{"line":637,"column":17},"end":{"line":637,"column":31}},{"start":{"line":637,"column":31},"end":{"line":637,"column":48}},{"start":{"line":637,"column":52},"end":{"line":637,"column":null}}]},"71":{"loc":{"start":{"line":639,"column":47},"end":{"line":639,"column":151}},"type":"cond-expr","locations":[{"start":{"line":639,"column":79},"end":{"line":639,"column":118}},{"start":{"line":639,"column":118},"end":{"line":639,"column":151}}]},"72":{"loc":{"start":{"line":647,"column":11},"end":{"line":647,"column":31}},"type":"binary-expr","locations":[{"start":{"line":647,"column":11},"end":{"line":647,"column":31}},{"start":{"line":647,"column":31},"end":{"line":647,"column":null}}]},"73":{"loc":{"start":{"line":708,"column":8},"end":{"line":719,"column":null}},"type":"if","locations":[{"start":{"line":708,"column":8},"end":{"line":719,"column":null}},{"start":{"line":717,"column":15},"end":{"line":719,"column":null}}]},"74":{"loc":{"start":{"line":713,"column":10},"end":{"line":716,"column":null}},"type":"if","locations":[{"start":{"line":713,"column":10},"end":{"line":716,"column":null}}]},"75":{"loc":{"start":{"line":734,"column":4},"end":{"line":734,"column":null}},"type":"if","locations":[{"start":{"line":734,"column":4},"end":{"line":734,"column":null}}]},"76":{"loc":{"start":{"line":734,"column":8},"end":{"line":734,"column":64}},"type":"binary-expr","locations":[{"start":{"line":734,"column":8},"end":{"line":734,"column":28}},{"start":{"line":734,"column":28},"end":{"line":734,"column":51}},{"start":{"line":734,"column":51},"end":{"line":734,"column":64}}]},"77":{"loc":{"start":{"line":749,"column":4},"end":{"line":749,"column":null}},"type":"if","locations":[{"start":{"line":749,"column":4},"end":{"line":749,"column":null}}]},"78":{"loc":{"start":{"line":749,"column":8},"end":{"line":749,"column":65}},"type":"binary-expr","locations":[{"start":{"line":749,"column":8},"end":{"line":749,"column":28}},{"start":{"line":749,"column":28},"end":{"line":749,"column":52}},{"start":{"line":749,"column":52},"end":{"line":749,"column":65}}]},"79":{"loc":{"start":{"line":761,"column":4},"end":{"line":763,"column":null}},"type":"if","locations":[{"start":{"line":761,"column":4},"end":{"line":763,"column":null}}]},"80":{"loc":{"start":{"line":761,"column":8},"end":{"line":761,"column":41}},"type":"binary-expr","locations":[{"start":{"line":761,"column":8},"end":{"line":761,"column":27}},{"start":{"line":761,"column":27},"end":{"line":761,"column":41}}]},"81":{"loc":{"start":{"line":768,"column":4},"end":{"line":774,"column":null}},"type":"if","locations":[{"start":{"line":768,"column":4},"end":{"line":774,"column":null}}]},"82":{"loc":{"start":{"line":768,"column":8},"end":{"line":768,"column":65}},"type":"binary-expr","locations":[{"start":{"line":768,"column":8},"end":{"line":768,"column":27}},{"start":{"line":768,"column":27},"end":{"line":768,"column":43}},{"start":{"line":768,"column":43},"end":{"line":768,"column":65}}]},"83":{"loc":{"start":{"line":778,"column":4},"end":{"line":778,"column":null}},"type":"if","locations":[{"start":{"line":778,"column":4},"end":{"line":778,"column":null}}]},"84":{"loc":{"start":{"line":793,"column":6},"end":{"line":831,"column":null}},"type":"if","locations":[{"start":{"line":793,"column":6},"end":{"line":831,"column":null}},{"start":{"line":827,"column":13},"end":{"line":831,"column":null}}]},"85":{"loc":{"start":{"line":793,"column":10},"end":{"line":793,"column":64}},"type":"binary-expr","locations":[{"start":{"line":793,"column":10},"end":{"line":793,"column":23}},{"start":{"line":793,"column":27},"end":{"line":793,"column":64}}]},"86":{"loc":{"start":{"line":801,"column":10},"end":{"line":818,"column":null}},"type":"if","locations":[{"start":{"line":801,"column":10},"end":{"line":818,"column":null}},{"start":{"line":814,"column":17},"end":{"line":818,"column":null}}]},"87":{"loc":{"start":{"line":801,"column":14},"end":{"line":801,"column":63}},"type":"binary-expr","locations":[{"start":{"line":801,"column":14},"end":{"line":801,"column":35}},{"start":{"line":801,"column":39},"end":{"line":801,"column":63}}]},"88":{"loc":{"start":{"line":804,"column":12},"end":{"line":813,"column":null}},"type":"if","locations":[{"start":{"line":804,"column":12},"end":{"line":813,"column":null}},{"start":{"line":809,"column":19},"end":{"line":813,"column":null}}]},"89":{"loc":{"start":{"line":804,"column":16},"end":{"line":804,"column":77}},"type":"binary-expr","locations":[{"start":{"line":804,"column":16},"end":{"line":804,"column":33}},{"start":{"line":804,"column":37},"end":{"line":804,"column":77}}]},"90":{"loc":{"start":{"line":834,"column":6},"end":{"line":841,"column":null}},"type":"if","locations":[{"start":{"line":834,"column":6},"end":{"line":841,"column":null}},{"start":{"line":839,"column":13},"end":{"line":841,"column":null}}]},"91":{"loc":{"start":{"line":834,"column":10},"end":{"line":834,"column":65}},"type":"binary-expr","locations":[{"start":{"line":834,"column":10},"end":{"line":834,"column":35}},{"start":{"line":834,"column":39},"end":{"line":834,"column":65}}]},"92":{"loc":{"start":{"line":840,"column":17},"end":{"line":840,"column":null}},"type":"cond-expr","locations":[{"start":{"line":840,"column":42},"end":{"line":840,"column":55}},{"start":{"line":840,"column":58},"end":{"line":840,"column":null}}]},"93":{"loc":{"start":{"line":899,"column":14},"end":{"line":899,"column":36}},"type":"cond-expr","locations":[{"start":{"line":899,"column":27},"end":{"line":899,"column":33}},{"start":{"line":899,"column":33},"end":{"line":899,"column":36}}]},"94":{"loc":{"start":{"line":918,"column":4},"end":{"line":918,"column":null}},"type":"if","locations":[{"start":{"line":918,"column":4},"end":{"line":918,"column":null}}]},"95":{"loc":{"start":{"line":918,"column":8},"end":{"line":918,"column":65}},"type":"binary-expr","locations":[{"start":{"line":918,"column":8},"end":{"line":918,"column":28}},{"start":{"line":918,"column":28},"end":{"line":918,"column":52}},{"start":{"line":918,"column":52},"end":{"line":918,"column":65}}]},"96":{"loc":{"start":{"line":931,"column":6},"end":{"line":934,"column":null}},"type":"if","locations":[{"start":{"line":931,"column":6},"end":{"line":934,"column":null}}]},"97":{"loc":{"start":{"line":931,"column":10},"end":{"line":931,"column":56}},"type":"binary-expr","locations":[{"start":{"line":931,"column":10},"end":{"line":931,"column":26}},{"start":{"line":931,"column":26},"end":{"line":931,"column":56}}]},"98":{"loc":{"start":{"line":940,"column":2},"end":{"line":948,"column":null}},"type":"if","locations":[{"start":{"line":940,"column":2},"end":{"line":948,"column":null}}]},"99":{"loc":{"start":{"line":958,"column":16},"end":{"line":1040,"column":17}},"type":"cond-expr","locations":[{"start":{"line":958,"column":16},"end":{"line":1040,"column":17}}]},"100":{"loc":{"start":{"line":962,"column":21},"end":{"line":962,"column":null}},"type":"binary-expr","locations":[{"start":{"line":962,"column":21},"end":{"line":962,"column":null}}]},"101":{"loc":{"start":{"line":968,"column":19},"end":{"line":968,"column":null}},"type":"binary-expr","locations":[{"start":{"line":968,"column":19},"end":{"line":968,"column":null}}]},"102":{"loc":{"start":{"line":971,"column":23},"end":{"line":971,"column":null}},"type":"binary-expr","locations":[{"start":{"line":971,"column":23},"end":{"line":971,"column":null}}]},"103":{"loc":{"start":{"line":1027,"column":21},"end":{"line":1027,"column":null}},"type":"cond-expr","locations":[{"start":{"line":1027,"column":35},"end":{"line":1027,"column":53}},{"start":{"line":1027,"column":53},"end":{"line":1027,"column":null}}]},"104":{"loc":{"start":{"line":1028,"column":21},"end":{"line":1028,"column":null}},"type":"binary-expr","locations":[{"start":{"line":1028,"column":21},"end":{"line":1028,"column":null}}]},"105":{"loc":{"start":{"line":1050,"column":11},"end":{"line":1050,"column":null}},"type":"binary-expr","locations":[{"start":{"line":1050,"column":11},"end":{"line":1050,"column":null}}]},"106":{"loc":{"start":{"line":1062,"column":11},"end":{"line":1062,"column":null}},"type":"binary-expr","locations":[{"start":{"line":1062,"column":11},"end":{"line":1062,"column":null}}]},"107":{"loc":{"start":{"line":1071,"column":11},"end":{"line":1071,"column":null}},"type":"binary-expr","locations":[{"start":{"line":1071,"column":11},"end":{"line":1071,"column":null}}]},"108":{"loc":{"start":{"line":1092,"column":16},"end":{"line":1096,"column":32}},"type":"cond-expr","locations":[{"start":{"line":1092,"column":16},"end":{"line":1096,"column":32}}]},"109":{"loc":{"start":{"line":1097,"column":16},"end":{"line":1106,"column":null}},"type":"cond-expr","locations":[{"start":{"line":1097,"column":16},"end":{"line":1106,"column":null}}]},"110":{"loc":{"start":{"line":1099,"column":25},"end":{"line":1099,"column":null}},"type":"binary-expr","locations":[{"start":{"line":1099,"column":25},"end":{"line":1099,"column":60}},{"start":{"line":1099,"column":64},"end":{"line":1099,"column":null}}]},"111":{"loc":{"start":{"line":1116,"column":16},"end":{"line":1121,"column":null}},"type":"cond-expr","locations":[{"start":{"line":1116,"column":16},"end":{"line":1121,"column":null}}]},"112":{"loc":{"start":{"line":1123,"column":22},"end":{"line":1123,"column":69}},"type":"binary-expr","locations":[{"start":{"line":1123,"column":22},"end":{"line":1123,"column":63}},{"start":{"line":1123,"column":63},"end":{"line":1123,"column":69}}]},"113":{"loc":{"start":{"line":1123,"column":69},"end":{"line":1123,"column":null}},"type":"binary-expr","locations":[{"start":{"line":1123,"column":69},"end":{"line":1123,"column":111}},{"start":{"line":1123,"column":111},"end":{"line":1123,"column":null}}]},"114":{"loc":{"start":{"line":1126,"column":21},"end":{"line":1126,"column":64}},"type":"binary-expr","locations":[{"start":{"line":1126,"column":21},"end":{"line":1126,"column":62}},{"start":{"line":1126,"column":62},"end":{"line":1126,"column":64}}]},"115":{"loc":{"start":{"line":1126,"column":74},"end":{"line":1126,"column":118}},"type":"binary-expr","locations":[{"start":{"line":1126,"column":74},"end":{"line":1126,"column":116}},{"start":{"line":1126,"column":116},"end":{"line":1126,"column":118}}]},"116":{"loc":{"start":{"line":1135,"column":16},"end":{"line":1140,"column":null}},"type":"cond-expr","locations":[{"start":{"line":1135,"column":16},"end":{"line":1140,"column":null}}]},"117":{"loc":{"start":{"line":1142,"column":41},"end":{"line":1142,"column":85}},"type":"binary-expr","locations":[{"start":{"line":1142,"column":41},"end":{"line":1142,"column":79}},{"start":{"line":1142,"column":79},"end":{"line":1142,"column":85}}]},"118":{"loc":{"start":{"line":1142,"column":85},"end":{"line":1142,"column":null}},"type":"binary-expr","locations":[{"start":{"line":1142,"column":85},"end":{"line":1142,"column":124}},{"start":{"line":1142,"column":124},"end":{"line":1142,"column":null}}]},"119":{"loc":{"start":{"line":1143,"column":39},"end":{"line":1143,"column":81}},"type":"binary-expr","locations":[{"start":{"line":1143,"column":39},"end":{"line":1143,"column":75}},{"start":{"line":1143,"column":75},"end":{"line":1143,"column":81}}]},"120":{"loc":{"start":{"line":1143,"column":81},"end":{"line":1143,"column":null}},"type":"binary-expr","locations":[{"start":{"line":1143,"column":81},"end":{"line":1143,"column":118}},{"start":{"line":1143,"column":118},"end":{"line":1143,"column":null}}]},"121":{"loc":{"start":{"line":1144,"column":42},"end":{"line":1144,"column":null}},"type":"cond-expr","locations":[{"start":{"line":1144,"column":58},"end":{"line":1144,"column":92}},{"start":{"line":1144,"column":92},"end":{"line":1144,"column":null}}]},"122":{"loc":{"start":{"line":1165,"column":12},"end":{"line":1203,"column":null}},"type":"cond-expr","locations":[{"start":{"line":1165,"column":12},"end":{"line":1203,"column":null}}]},"123":{"loc":{"start":{"line":1213,"column":26},"end":{"line":1215,"column":null}},"type":"cond-expr","locations":[{"start":{"line":1214,"column":30},"end":{"line":1214,"column":null}},{"start":{"line":1215,"column":30},"end":{"line":1215,"column":null}}]},"124":{"loc":{"start":{"line":1219,"column":25},"end":{"line":1219,"column":45}},"type":"binary-expr","locations":[{"start":{"line":1219,"column":25},"end":{"line":1219,"column":45}},{"start":{"line":1219,"column":45},"end":{"line":1219,"column":65}}]},"125":{"loc":{"start":{"line":1224,"column":25},"end":{"line":1224,"column":46}},"type":"binary-expr","locations":[{"start":{"line":1224,"column":25},"end":{"line":1224,"column":46}},{"start":{"line":1224,"column":46},"end":{"line":1224,"column":67}}]},"126":{"loc":{"start":{"line":1247,"column":20},"end":{"line":1258,"column":null}},"type":"cond-expr","locations":[{"start":{"line":1247,"column":20},"end":{"line":1258,"column":null}}]},"127":{"loc":{"start":{"line":1259,"column":23},"end":{"line":1259,"column":52}},"type":"binary-expr","locations":[{"start":{"line":1259,"column":23},"end":{"line":1259,"column":52}}]},"128":{"loc":{"start":{"line":1260,"column":23},"end":{"line":1260,"column":49}},"type":"binary-expr","locations":[{"start":{"line":1260,"column":23},"end":{"line":1260,"column":49}}]},"129":{"loc":{"start":{"line":1261,"column":23},"end":{"line":1261,"column":50}},"type":"binary-expr","locations":[{"start":{"line":1261,"column":23},"end":{"line":1261,"column":50}}]},"130":{"loc":{"start":{"line":1262,"column":23},"end":{"line":1262,"column":51}},"type":"binary-expr","locations":[{"start":{"line":1262,"column":23},"end":{"line":1262,"column":51}}]},"131":{"loc":{"start":{"line":1273,"column":7},"end":{"line":1273,"column":null}},"type":"binary-expr","locations":[{"start":{"line":1273,"column":7},"end":{"line":1273,"column":null}}]},"132":{"loc":{"start":{"line":1278,"column":31},"end":{"line":1278,"column":47}},"type":"binary-expr","locations":[{"start":{"line":1278,"column":31},"end":{"line":1278,"column":47}}]},"133":{"loc":{"start":{"line":1292,"column":16},"end":{"line":1296,"column":null}},"type":"cond-expr","locations":[{"start":{"line":1292,"column":16},"end":{"line":1296,"column":null}}]},"134":{"loc":{"start":{"line":1297,"column":16},"end":{"line":1538,"column":17}},"type":"cond-expr","locations":[{"start":{"line":1297,"column":16},"end":{"line":1538,"column":17}}]},"135":{"loc":{"start":{"line":1315,"column":26},"end":{"line":1317,"column":null}},"type":"cond-expr","locations":[{"start":{"line":1315,"column":61},"end":{"line":1315,"column":null}},{"start":{"line":1316,"column":26},"end":{"line":1317,"column":null}}]},"136":{"loc":{"start":{"line":1316,"column":26},"end":{"line":1317,"column":null}},"type":"cond-expr","locations":[{"start":{"line":1316,"column":61},"end":{"line":1316,"column":null}},{"start":{"line":1317,"column":26},"end":{"line":1317,"column":null}}]},"137":{"loc":{"start":{"line":1324,"column":60},"end":{"line":1324,"column":null}},"type":"binary-expr","locations":[{"start":{"line":1324,"column":60},"end":{"line":1324,"column":85}},{"start":{"line":1324,"column":89},"end":{"line":1324,"column":null}}]},"138":{"loc":{"start":{"line":1325,"column":79},"end":{"line":1325,"column":108}},"type":"binary-expr","locations":[{"start":{"line":1325,"column":79},"end":{"line":1325,"column":102}},{"start":{"line":1325,"column":106},"end":{"line":1325,"column":108}}]},"139":{"loc":{"start":{"line":1329,"column":61},"end":{"line":1329,"column":170}},"type":"cond-expr","locations":[{"start":{"line":1329,"column":98},"end":{"line":1329,"column":137}},{"start":{"line":1329,"column":137},"end":{"line":1329,"column":170}}]},"140":{"loc":{"start":{"line":1329,"column":62},"end":{"line":1329,"column":94}},"type":"binary-expr","locations":[{"start":{"line":1329,"column":62},"end":{"line":1329,"column":84}},{"start":{"line":1329,"column":88},"end":{"line":1329,"column":94}}]},"141":{"loc":{"start":{"line":1330,"column":42},"end":{"line":1330,"column":null}},"type":"binary-expr","locations":[{"start":{"line":1330,"column":42},"end":{"line":1330,"column":64}},{"start":{"line":1330,"column":68},"end":{"line":1330,"column":null}}]},"142":{"loc":{"start":{"line":1338,"column":78},"end":{"line":1338,"column":111}},"type":"binary-expr","locations":[{"start":{"line":1338,"column":78},"end":{"line":1338,"column":109}},{"start":{"line":1338,"column":109},"end":{"line":1338,"column":111}}]},"143":{"loc":{"start":{"line":1340,"column":24},"end":{"line":1340,"column":48}},"type":"binary-expr","locations":[{"start":{"line":1340,"column":24},"end":{"line":1340,"column":43}},{"start":{"line":1340,"column":47},"end":{"line":1340,"column":48}}]},"144":{"loc":{"start":{"line":1343,"column":24},"end":{"line":1361,"column":null}},"type":"if","locations":[{"start":{"line":1343,"column":24},"end":{"line":1361,"column":null}}]},"145":{"loc":{"start":{"line":1344,"column":49},"end":{"line":1346,"column":86}},"type":"binary-expr","locations":[{"start":{"line":1344,"column":49},"end":{"line":1344,"column":86}},{"start":{"line":1345,"column":48},"end":{"line":1345,"column":null}},{"start":{"line":1346,"column":48},"end":{"line":1346,"column":86}}]},"146":{"loc":{"start":{"line":1348,"column":26},"end":{"line":1360,"column":null}},"type":"if","locations":[{"start":{"line":1348,"column":26},"end":{"line":1360,"column":null}}]},"147":{"loc":{"start":{"line":1349,"column":28},"end":{"line":1359,"column":null}},"type":"if","locations":[{"start":{"line":1349,"column":28},"end":{"line":1359,"column":null}},{"start":{"line":1355,"column":35},"end":{"line":1359,"column":null}}]},"148":{"loc":{"start":{"line":1351,"column":49},"end":{"line":1354,"column":82}},"type":"binary-expr","locations":[{"start":{"line":1351,"column":49},"end":{"line":1351,"column":null}},{"start":{"line":1352,"column":32},"end":{"line":1352,"column":84}},{"start":{"line":1353,"column":32},"end":{"line":1353,"column":90}},{"start":{"line":1354,"column":32},"end":{"line":1354,"column":82}}]},"149":{"loc":{"start":{"line":1356,"column":49},"end":{"line":1358,"column":80}},"type":"binary-expr","locations":[{"start":{"line":1356,"column":49},"end":{"line":1356,"column":99}},{"start":{"line":1357,"column":32},"end":{"line":1357,"column":88}},{"start":{"line":1358,"column":32},"end":{"line":1358,"column":80}}]},"150":{"loc":{"start":{"line":1368,"column":33},"end":{"line":1368,"column":null}},"type":"binary-expr","locations":[{"start":{"line":1368,"column":33},"end":{"line":1368,"column":null}}]},"151":{"loc":{"start":{"line":1374,"column":34},"end":{"line":1374,"column":null}},"type":"cond-expr","locations":[{"start":{"line":1374,"column":65},"end":{"line":1374,"column":147}},{"start":{"line":1374,"column":147},"end":{"line":1374,"column":null}}]},"152":{"loc":{"start":{"line":1376,"column":35},"end":{"line":1376,"column":null}},"type":"binary-expr","locations":[{"start":{"line":1376,"column":35},"end":{"line":1376,"column":69}},{"start":{"line":1376,"column":69},"end":{"line":1376,"column":null}}]},"153":{"loc":{"start":{"line":1378,"column":33},"end":{"line":1378,"column":51}},"type":"binary-expr","locations":[{"start":{"line":1378,"column":33},"end":{"line":1378,"column":51}}]},"154":{"loc":{"start":{"line":1385,"column":32},"end":{"line":1385,"column":null}},"type":"cond-expr","locations":[{"start":{"line":1385,"column":63},"end":{"line":1385,"column":102}},{"start":{"line":1385,"column":102},"end":{"line":1385,"column":null}}]},"155":{"loc":{"start":{"line":1387,"column":33},"end":{"line":1387,"column":75}},"type":"cond-expr","locations":[{"start":{"line":1387,"column":64},"end":{"line":1387,"column":70}},{"start":{"line":1387,"column":70},"end":{"line":1387,"column":75}}]},"156":{"loc":{"start":{"line":1387,"column":90},"end":{"line":1387,"column":null}},"type":"binary-expr","locations":[{"start":{"line":1387,"column":90},"end":{"line":1387,"column":113}},{"start":{"line":1387,"column":117},"end":{"line":1387,"column":130}},{"start":{"line":1387,"column":134},"end":{"line":1387,"column":null}}]},"157":{"loc":{"start":{"line":1393,"column":30},"end":{"line":1475,"column":56}},"type":"cond-expr","locations":[{"start":{"line":1393,"column":30},"end":{"line":1475,"column":56}}]},"158":{"loc":{"start":{"line":1413,"column":41},"end":{"line":1413,"column":61}},"type":"binary-expr","locations":[{"start":{"line":1413,"column":41},"end":{"line":1413,"column":55}},{"start":{"line":1413,"column":59},"end":{"line":1413,"column":61}}]},"159":{"loc":{"start":{"line":1431,"column":37},"end":{"line":1431,"column":null}},"type":"binary-expr","locations":[{"start":{"line":1431,"column":37},"end":{"line":1431,"column":null}}]},"160":{"loc":{"start":{"line":1453,"column":41},"end":{"line":1453,"column":61}},"type":"binary-expr","locations":[{"start":{"line":1453,"column":41},"end":{"line":1453,"column":55}},{"start":{"line":1453,"column":59},"end":{"line":1453,"column":61}}]},"161":{"loc":{"start":{"line":1478,"column":33},"end":{"line":1478,"column":null}},"type":"binary-expr","locations":[{"start":{"line":1478,"column":33},"end":{"line":1478,"column":null}}]},"162":{"loc":{"start":{"line":1491,"column":33},"end":{"line":1491,"column":null}},"type":"binary-expr","locations":[{"start":{"line":1491,"column":33},"end":{"line":1491,"column":null}}]},"163":{"loc":{"start":{"line":1507,"column":61},"end":{"line":1507,"column":null}},"type":"binary-expr","locations":[{"start":{"line":1507,"column":61},"end":{"line":1507,"column":97}},{"start":{"line":1507,"column":97},"end":{"line":1507,"column":null}}]},"164":{"loc":{"start":{"line":1519,"column":39},"end":{"line":1519,"column":59}},"type":"binary-expr","locations":[{"start":{"line":1519,"column":39},"end":{"line":1519,"column":53}},{"start":{"line":1519,"column":57},"end":{"line":1519,"column":59}}]},"165":{"loc":{"start":{"line":1524,"column":67},"end":{"line":1524,"column":194}},"type":"cond-expr","locations":[{"start":{"line":1524,"column":122},"end":{"line":1524,"column":161}},{"start":{"line":1524,"column":161},"end":{"line":1524,"column":194}}]},"166":{"loc":{"start":{"line":1524,"column":68},"end":{"line":1524,"column":118}},"type":"binary-expr","locations":[{"start":{"line":1524,"column":68},"end":{"line":1524,"column":91}},{"start":{"line":1524,"column":95},"end":{"line":1524,"column":108}},{"start":{"line":1524,"column":112},"end":{"line":1524,"column":118}}]},"167":{"loc":{"start":{"line":1525,"column":54},"end":{"line":1525,"column":null}},"type":"binary-expr","locations":[{"start":{"line":1525,"column":54},"end":{"line":1525,"column":77}},{"start":{"line":1525,"column":81},"end":{"line":1525,"column":94}},{"start":{"line":1525,"column":98},"end":{"line":1525,"column":null}}]},"168":{"loc":{"start":{"line":1364,"column":36},"end":{"line":1364,"column":70}},"type":"binary-expr","locations":[{"start":{"line":1364,"column":36},"end":{"line":1364,"column":50}},{"start":{"line":1364,"column":54},"end":{"line":1364,"column":70}}]}},"s":{"0":0,"1":0,"2":0,"3":0,"4":0,"5":0,"6":0,"7":0,"8":0,"9":0,"10":0,"11":0,"12":0,"13":0,"14":0,"15":0,"16":0,"17":0,"18":0,"19":0,"20":0,"21":0,"22":0,"23":0,"24":0,"25":0,"26":0,"27":0,"28":0,"29":0,"30":0,"31":0,"32":0,"33":0,"34":0,"35":0,"36":0,"37":0,"38":0,"39":0,"40":0,"41":0,"42":0,"43":0,"44":0,"45":0,"46":0,"47":0,"48":0,"49":0,"50":0,"51":0,"52":0,"53":0,"54":0,"55":0,"56":0,"57":0,"58":0,"59":0,"60":0,"61":0,"62":0,"63":0,"64":0,"65":0,"66":0,"67":0,"68":0,"69":0,"70":0,"71":0,"72":0,"73":0,"74":0,"75":0,"76":0,"77":0,"78":0,"79":0,"80":0,"81":0,"82":0,"83":0,"84":0,"85":0,"86":0,"87":0,"88":0,"89":0,"90":0,"91":0,"92":0,"93":0,"94":0,"95":0,"96":0,"97":0,"98":0,"99":0,"100":0,"101":0,"102":0,"103":0,"104":0,"105":0,"106":0,"107":0,"108":0,"109":0,"110":0,"111":0,"112":0,"113":0,"114":0,"115":0,"116":0,"117":0,"118":0,"119":0,"120":0,"121":0,"122":0,"123":0,"124":0,"125":0,"126":0,"127":0,"128":0,"129":0,"130":0,"131":0,"132":0,"133":0,"134":0,"135":0,"136":0,"137":0,"138":0,"139":0,"140":0,"141":0,"142":0,"143":0,"144":0,"145":0,"146":0,"147":0,"148":0,"149":0,"150":0,"151":0,"152":0,"153":0,"154":0,"155":0,"156":0,"157":0,"158":0,"159":0,"160":0,"161":0,"162":0,"163":0,"164":0,"165":0,"166":0,"167":0,"168":0,"169":0,"170":0,"171":0,"172":0,"173":0,"174":0,"175":0,"176":0,"177":0,"178":0,"179":0,"180":0,"181":0,"182":0,"183":0,"184":0,"185":0,"186":0,"187":0,"188":0,"189":0,"190":0,"191":0,"192":0,"193":0,"194":0,"195":0,"196":0,"197":0,"198":0,"199":0,"200":0,"201":0,"202":0,"203":0,"204":0,"205":0,"206":0,"207":0,"208":0,"209":0,"210":0,"211":0},"f":{"0":0,"1":0,"2":0,"3":0,"4":0,"5":0,"6":0,"7":0,"8":0,"9":0,"10":0,"11":0,"12":0,"13":0,"14":0,"15":0,"16":0,"17":0,"18":0,"19":0,"20":0,"21":0,"22":0,"23":0,"24":0,"25":0,"26":0,"27":0,"28":0,"29":0,"30":0,"31":0,"32":0,"33":0,"34":0,"35":0,"36":0,"37":0,"38":0,"39":0,"40":0,"41":0,"42":0,"43":0,"44":0,"45":0,"46":0,"47":0},"b":{"0":[0,0],"1":[0,0],"2":[0,0],"3":[0,0],"4":[0,0],"5":[0,0],"6":[0,0],"7":[0,0],"8":[0,0],"9":[0,0],"10":[0,0],"11":[0,0],"12":[0,0],"13":[0,0],"14":[0,0],"15":[0,0],"16":[0,0],"17":[0,0],"18":[0,0],"19":[0,0],"20":[0],"21":[0,0],"22":[0,0],"23":[0,0],"24":[0],"25":[0,0],"26":[0],"27":[0,0],"28":[0,0],"29":[0,0],"30":[0,0],"31":[0,0],"32":[0,0],"33":[0,0],"34":[0,0],"35":[0,0],"36":[0,0],"37":[0,0],"38":[0,0],"39":[0],"40":[0,0],"41":[0],"42":[0,0],"43":[0],"44":[0,0],"45":[0],"46":[0,0],"47":[0],"48":[0,0],"49":[0,0],"50":[0,0],"51":[0,0],"52":[0,0],"53":[0,0],"54":[0],"55":[0,0],"56":[0,0],"57":[0,0],"58":[0,0],"59":[0],"60":[0,0],"61":[0,0],"62":[0,0],"63":[0],"64":[0,0],"65":[0,0],"66":[0,0],"67":[0],"68":[0,0],"69":[0,0],"70":[0,0,0],"71":[0,0],"72":[0,0],"73":[0,0],"74":[0],"75":[0],"76":[0,0,0],"77":[0],"78":[0,0,0],"79":[0],"80":[0,0],"81":[0],"82":[0,0,0],"83":[0],"84":[0,0],"85":[0,0],"86":[0,0],"87":[0,0],"88":[0,0],"89":[0,0],"90":[0,0],"91":[0,0],"92":[0,0],"93":[0,0],"94":[0],"95":[0,0,0],"96":[0],"97":[0,0],"98":[0],"99":[0],"100":[0],"101":[0],"102":[0],"103":[0,0],"104":[0],"105":[0],"106":[0],"107":[0],"108":[0],"109":[0],"110":[0,0],"111":[0],"112":[0,0],"113":[0,0],"114":[0,0],"115":[0,0],"116":[0],"117":[0,0],"118":[0,0],"119":[0,0],"120":[0,0],"121":[0,0],"122":[0],"123":[0,0],"124":[0,0],"125":[0,0],"126":[0],"127":[0],"128":[0],"129":[0],"130":[0],"131":[0],"132":[0],"133":[0],"134":[0],"135":[0,0],"136":[0,0],"137":[0,0],"138":[0,0],"139":[0,0],"140":[0,0],"141":[0,0],"142":[0,0],"143":[0,0],"144":[0],"145":[0,0,0],"146":[0],"147":[0,0],"148":[0,0,0,0],"149":[0,0,0],"150":[0],"151":[0,0],"152":[0,0],"153":[0],"154":[0,0],"155":[0,0],"156":[0,0,0],"157":[0],"158":[0,0],"159":[0],"160":[0,0],"161":[0],"162":[0],"163":[0,0],"164":[0,0],"165":[0,0],"166":[0,0,0],"167":[0,0,0],"168":[0,0]}}
,"/Users/abhishek/tradeanalytics-v2/frontend/src/app/dashboard/breakdown/[metric]/page.tsx": {"path":"/Users/abhishek/tradeanalytics-v2/frontend/src/app/dashboard/breakdown/[metric]/page.tsx","statementMap":{"0":{"start":{"line":18,"column":24},"end":{"line":18,"column":null}},"1":{"start":{"line":3,"column":36},"end":{"line":3,"column":null}},"2":{"start":{"line":4,"column":54},"end":{"line":4,"column":null}},"3":{"start":{"line":5,"column":75},"end":{"line":5,"column":null}},"4":{"start":{"line":15,"column":7},"end":{"line":15,"column":null}},"5":{"start":{"line":16,"column":36},"end":{"line":16,"column":null}},"6":{"start":{"line":19,"column":17},"end":{"line":19,"column":null}},"7":{"start":{"line":20,"column":17},"end":{"line":20,"column":null}},"8":{"start":{"line":21,"column":23},"end":{"line":21,"column":null}},"9":{"start":{"line":23,"column":17},"end":{"line":23,"column":30}},"10":{"start":{"line":24,"column":44},"end":{"line":24,"column":null}},"11":{"start":{"line":25,"column":32},"end":{"line":25,"column":null}},"12":{"start":{"line":26,"column":28},"end":{"line":26,"column":null}},"13":{"start":{"line":27,"column":48},"end":{"line":27,"column":null}},"14":{"start":{"line":30,"column":48},"end":{"line":31,"column":null}},"15":{"start":{"line":33,"column":44},"end":{"line":34,"column":null}},"16":{"start":{"line":36,"column":46},"end":{"line":37,"column":null}},"17":{"start":{"line":39,"column":62},"end":{"line":40,"column":null}},"18":{"start":{"line":42,"column":54},"end":{"line":42,"column":null}},"19":{"start":{"line":45,"column":2},"end":{"line":64,"column":null}},"20":{"start":{"line":46,"column":22},"end":{"line":62,"column":null}},"21":{"start":{"line":47,"column":6},"end":{"line":61,"column":null}},"22":{"start":{"line":48,"column":27},"end":{"line":48,"column":null}},"23":{"start":{"line":49,"column":8},"end":{"line":57,"column":null}},"24":{"start":{"line":50,"column":30},"end":{"line":50,"column":null}},"25":{"start":{"line":51,"column":10},"end":{"line":51,"column":null}},"26":{"start":{"line":52,"column":10},"end":{"line":54,"column":null}},"27":{"start":{"line":53,"column":12},"end":{"line":53,"column":null}},"28":{"start":{"line":56,"column":10},"end":{"line":56,"column":null}},"29":{"start":{"line":59,"column":8},"end":{"line":59,"column":null}},"30":{"start":{"line":60,"column":8},"end":{"line":60,"column":null}},"31":{"start":{"line":63,"column":4},"end":{"line":63,"column":null}},"32":{"start":{"line":67,"column":2},"end":{"line":78,"column":null}},"33":{"start":{"line":68,"column":4},"end":{"line":68,"column":null}},"34":{"start":{"line":68,"column":26},"end":{"line":68,"column":null}},"35":{"start":{"line":70,"column":19},"end":{"line":70,"column":null}},"36":{"start":{"line":71,"column":4},"end":{"line":71,"column":null}},"37":{"start":{"line":72,"column":4},"end":{"line":72,"column":null}},"38":{"start":{"line":73,"column":4},"end":{"line":73,"column":null}},"39":{"start":{"line":74,"column":4},"end":{"line":74,"column":null}},"40":{"start":{"line":74,"column":32},"end":{"line":74,"column":null}},"41":{"start":{"line":76,"column":19},"end":{"line":76,"column":72}},"42":{"start":{"line":77,"column":4},"end":{"line":77,"column":null}},"43":{"start":{"line":81,"column":2},"end":{"line":84,"column":null}},"44":{"start":{"line":82,"column":4},"end":{"line":82,"column":null}},"45":{"start":{"line":82,"column":26},"end":{"line":82,"column":null}},"46":{"start":{"line":83,"column":4},"end":{"line":83,"column":null}},"47":{"start":{"line":86,"column":29},"end":{"line":118,"column":null}},"48":{"start":{"line":87,"column":4},"end":{"line":87,"column":null}},"49":{"start":{"line":88,"column":4},"end":{"line":88,"column":null}},"50":{"start":{"line":90,"column":4},"end":{"line":117,"column":null}},"51":{"start":{"line":91,"column":40},"end":{"line":97,"column":null}},"52":{"start":{"line":101,"column":6},"end":{"line":109,"column":null}},"53":{"start":{"line":102,"column":8},"end":{"line":102,"column":null}},"54":{"start":{"line":103,"column":13},"end":{"line":109,"column":null}},"55":{"start":{"line":104,"column":8},"end":{"line":104,"column":null}},"56":{"start":{"line":105,"column":13},"end":{"line":109,"column":null}},"57":{"start":{"line":106,"column":8},"end":{"line":106,"column":null}},"58":{"start":{"line":108,"column":8},"end":{"line":108,"column":null}},"59":{"start":{"line":111,"column":6},"end":{"line":111,"column":null}},"60":{"start":{"line":113,"column":6},"end":{"line":113,"column":null}},"61":{"start":{"line":114,"column":6},"end":{"line":114,"column":null}},"62":{"start":{"line":116,"column":6},"end":{"line":116,"column":null}},"63":{"start":{"line":120,"column":25},"end":{"line":125,"column":null}},"64":{"start":{"line":121,"column":4},"end":{"line":124,"column":null}},"65":{"start":{"line":127,"column":24},"end":{"line":133,"column":null}},"66":{"start":{"line":128,"column":4},"end":{"line":132,"column":null}},"67":{"start":{"line":135,"column":31},"end":{"line":146,"column":null}},"68":{"start":{"line":136,"column":42},"end":{"line":144,"column":null}},"69":{"start":{"line":145,"column":4},"end":{"line":145,"column":null}},"70":{"start":{"line":148,"column":31},"end":{"line":151,"column":null}},"71":{"start":{"line":149,"column":4},"end":{"line":149,"column":null}},"72":{"start":{"line":150,"column":4},"end":{"line":150,"column":null}},"73":{"start":{"line":153,"column":27},"end":{"line":160,"column":null}},"74":{"start":{"line":154,"column":4},"end":{"line":159,"column":null}},"75":{"start":{"line":155,"column":6},"end":{"line":155,"column":null}},"76":{"start":{"line":157,"column":6},"end":{"line":157,"column":null}},"77":{"start":{"line":158,"column":6},"end":{"line":158,"column":null}},"78":{"start":{"line":162,"column":34},"end":{"line":170,"column":null}},"79":{"start":{"line":163,"column":24},"end":{"line":163,"column":null}},"80":{"start":{"line":164,"column":4},"end":{"line":168,"column":null}},"81":{"start":{"line":165,"column":6},"end":{"line":165,"column":null}},"82":{"start":{"line":167,"column":6},"end":{"line":167,"column":null}},"83":{"start":{"line":169,"column":4},"end":{"line":169,"column":null}},"84":{"start":{"line":172,"column":22},"end":{"line":183,"column":null}},"85":{"start":{"line":173,"column":4},"end":{"line":182,"column":null}},"86":{"start":{"line":174,"column":6},"end":{"line":177,"column":null}},"87":{"start":{"line":180,"column":6},"end":{"line":180,"column":null}},"88":{"start":{"line":185,"column":23},"end":{"line":188,"column":null}},"89":{"start":{"line":187,"column":4},"end":{"line":187,"column":null}},"90":{"start":{"line":190,"column":2},"end":{"line":192,"column":null}},"91":{"start":{"line":203,"column":31},"end":{"line":203,"column":null}},"92":{"start":{"line":259,"column":33},"end":{"line":259,"column":null}},"93":{"start":{"line":277,"column":33},"end":{"line":277,"column":null}},"94":{"start":{"line":291,"column":31},"end":{"line":291,"column":null}},"95":{"start":{"line":301,"column":31},"end":{"line":301,"column":null}},"96":{"start":{"line":311,"column":31},"end":{"line":311,"column":null}},"97":{"start":{"line":325,"column":31},"end":{"line":325,"column":null}},"98":{"start":{"line":483,"column":24},"end":{"line":483,"column":41}}},"fnMap":{"0":{"name":"BreakdownPage","decl":{"start":{"line":18,"column":24},"end":{"line":18,"column":null}},"loc":{"start":{"line":18,"column":24},"end":{"line":510,"column":null}}},"1":{"name":"(anonymous_2)","decl":{"start":{"line":45,"column":12},"end":{"line":45,"column":null}},"loc":{"start":{"line":45,"column":12},"end":{"line":64,"column":5}}},"2":{"name":"(anonymous_3)","decl":{"start":{"line":46,"column":22},"end":{"line":46,"column":null}},"loc":{"start":{"line":46,"column":22},"end":{"line":62,"column":null}}},"3":{"name":"(anonymous_4)","decl":{"start":{"line":67,"column":12},"end":{"line":67,"column":null}},"loc":{"start":{"line":67,"column":12},"end":{"line":78,"column":5}}},"4":{"name":"(anonymous_5)","decl":{"start":{"line":81,"column":12},"end":{"line":81,"column":null}},"loc":{"start":{"line":81,"column":12},"end":{"line":84,"column":5}}},"5":{"name":"(anonymous_6)","decl":{"start":{"line":86,"column":29},"end":{"line":86,"column":null}},"loc":{"start":{"line":86,"column":29},"end":{"line":118,"column":null}}},"6":{"name":"(anonymous_7)","decl":{"start":{"line":120,"column":25},"end":{"line":120,"column":26}},"loc":{"start":{"line":120,"column":26},"end":{"line":125,"column":null}}},"7":{"name":"(anonymous_8)","decl":{"start":{"line":127,"column":24},"end":{"line":127,"column":25}},"loc":{"start":{"line":127,"column":25},"end":{"line":133,"column":null}}},"8":{"name":"(anonymous_9)","decl":{"start":{"line":135,"column":31},"end":{"line":135,"column":32}},"loc":{"start":{"line":135,"column":32},"end":{"line":146,"column":null}}},"9":{"name":"(anonymous_10)","decl":{"start":{"line":148,"column":31},"end":{"line":148,"column":32}},"loc":{"start":{"line":148,"column":32},"end":{"line":151,"column":null}}},"10":{"name":"(anonymous_11)","decl":{"start":{"line":153,"column":27},"end":{"line":153,"column":28}},"loc":{"start":{"line":153,"column":28},"end":{"line":160,"column":null}}},"11":{"name":"(anonymous_12)","decl":{"start":{"line":162,"column":34},"end":{"line":162,"column":35}},"loc":{"start":{"line":162,"column":35},"end":{"line":170,"column":null}}},"12":{"name":"(anonymous_13)","decl":{"start":{"line":172,"column":22},"end":{"line":172,"column":null}},"loc":{"start":{"line":172,"column":22},"end":{"line":183,"column":null}}},"13":{"name":"(anonymous_14)","decl":{"start":{"line":185,"column":23},"end":{"line":185,"column":null}},"loc":{"start":{"line":185,"column":23},"end":{"line":188,"column":null}}},"14":{"name":"(anonymous_15)","decl":{"start":{"line":203,"column":25},"end":{"line":203,"column":31}},"loc":{"start":{"line":203,"column":31},"end":{"line":203,"column":null}}},"15":{"name":"(anonymous_16)","decl":{"start":{"line":259,"column":26},"end":{"line":259,"column":27}},"loc":{"start":{"line":259,"column":33},"end":{"line":259,"column":null}}},"16":{"name":"(anonymous_17)","decl":{"start":{"line":277,"column":26},"end":{"line":277,"column":27}},"loc":{"start":{"line":277,"column":33},"end":{"line":277,"column":null}}},"17":{"name":"(anonymous_18)","decl":{"start":{"line":291,"column":25},"end":{"line":291,"column":31}},"loc":{"start":{"line":291,"column":31},"end":{"line":291,"column":null}}},"18":{"name":"(anonymous_19)","decl":{"start":{"line":301,"column":25},"end":{"line":301,"column":31}},"loc":{"start":{"line":301,"column":31},"end":{"line":301,"column":null}}},"19":{"name":"(anonym
[...]
,"/Users/abhishek/tradeanalytics-v2/frontend/src/lib/logoUtils.ts": {"path":"/Users/abhishek/tradeanalytics-v2/frontend/src/lib/logoUtils.ts","statementMap":{"0":{"start":{"line":105,"column":13},"end":{"line":105,"column":27}},"1":{"start":{"line":83,"column":13},"end":{"line":83,"column":25}},"2":{"start":{"line":117,"column":13},"end":{"line":117,"column":29}},"3":{"start":{"line":154,"column":13},"end":{"line":154,"column":30}},"4":{"start":{"line":144,"column":13},"end":{"line":144,"column":30}},"5":{"start":{"line":10,"column":23},"end":{"line":10,"column":null}},"6":{"start":{"line":11,"column":23},"end":{"line":11,"column":44}},"7":{"start":{"line":14,"column":24},"end":{"line":35,"column":null}},"8":{"start":{"line":38,"column":23},"end":{"line":56,"column":null}},"9":{"start":{"line":39,"column":2},"end":{"line":39,"column":null}},"10":{"start":{"line":39,"column":37},"end":{"line":39,"column":null}},"11":{"start":{"line":41,"column":2},"end":{"line":54,"column":null}},"12":{"start":{"line":42,"column":19},"end":{"line":42,"column":null}},"13":{"start":{"line":43,"column":4},"end":{"line":51,"column":null}},"14":{"start":{"line":44,"column":21},"end":{"line":44,"column":null}},"15":{"start":{"line":46,"column":18},"end":{"line":46,"column":null}},"16":{"start":{"line":47,"column":27},"end":{"line":48,"column":null}},"17":{"start":{"line":48,"column":38},"end":{"line":48,"column":null}},"18":{"start":{"line":50,"column":6},"end":{"line":50,"column":null}},"19":{"start":{"line":53,"column":4},"end":{"line":53,"column":null}},"20":{"start":{"line":55,"column":2},"end":{"line":55,"column":null}},"21":{"start":{"line":59,"column":24},"end":{"line":72,"column":null}},"22":{"start":{"line":60,"column":2},"end":{"line":60,"column":null}},"23":{"start":{"line":60,"column":37},"end":{"line":60,"column":null}},"24":{"start":{"line":62,"column":2},"end":{"line":71,"column":null}},"25":{"start":{"line":63,"column":18},"end":{"line":63,"column":null}},"26":{"start":{"line":64,"column":4},"end":{"line":67,"column":null}},"27":{"start":{"line":68,"column":4},"end":{"line":68,"column":null}},"28":{"start":{"line":70,"column":4},"end":{"line":70,"column":null}},"29":{"start":{"line":75,"column":25},"end":{"line":80,"column":null}},"30":{"start":{"line":76,"column":22},"end":{"line":76,"column":null}},"31":{"start":{"line":78,"column":20},"end":{"line":78,"column":null}},"32":{"start":{"line":79,"column":2},"end":{"line":79,"column":null}},"33":{"start":{"line":83,"column":28},"end":{"line":102,"column":null}},"34":{"start":{"line":84,"column":2},"end":{"line":84,"column":null}},"35":{"start":{"line":84,"column":15},"end":{"line":84,"column":null}},"36":{"start":{"line":86,"column":2},"end":{"line":86,"column":null}},"37":{"start":{"line":88,"column":22},"end":{"line":88,"column":null}},"38":{"start":{"line":91,"column":2},"end":{"line":97,"column":null}},"39":{"start":{"line":92,"column":20},"end":{"line":92,"column":null}},"40":{"start":{"line":93,"column":4},"end":{"line":93,"column":null}},"41":{"start":{"line":96,"column":4},"end":{"line":96,"column":null}},"42":{"start":{"line":99,"column":2},"end":{"line":99,"column":null}},"43":{"start":{"line":101,"column":2},"end":{"line":101,"column":null}},"44":{"start":{"line":105,"column":30},"end":{"line":114,"column":null}},"45":{"start":{"line":106,"column":2},"end":{"line":106,"column":null}},"46":{"start":{"line":106,"column":37},"end":{"line":106,"column":null}},"47":{"start":{"line":108,"column":2},"end":{"line":113,"column":null}},"48":{"start":{"line":109,"column":4},"end":{"line":109,"column":null}},"49":{"start":{"line":110,"column":4},"end":{"line":110,"column":null}},"50":{"start":{"line":112,"column":4},"end":{"line":112,"column":null}},"51":{"start":{"line":117,"column":32},"end":{"line":141,"column":null}},"52":{"start":{"line":118,"column":2},"end":{"line":118,"column":null}},"53":{"start":{"line":118,"column":15},"end":{"line":118,"column":null}},"54":{"start":{"line":120,"column":22},"end":{"line":120,"column":null}},"55":{"start":{"line":123,"column":2},"end":{"line":131,"column":null}},"56":{"start":{"line":124,"column":4},"end":{"line":130,"column":null}},"57":{"start":{"line":125,"column":20},"end":{"line":125,"column":null}},"58":{"start":{"line":126,"column":6},"end":{"line":126,"column":null}},"59":{"start":{"line":127,"column":6},"end":{"line":127,"column":null}},"60":{"start":{"line":129,"column":6},"end":{"line":129,"column":null}},"61":{"start":{"line":134,"column":2},"end":{"line":138,"column":null}},"62":{"start":{"line":135,"column":20},"end":{"line":135,"column":null}},"63":{"start":{"line":136,"column":4},"end":{"line":136,"column":null}},"64":{"start":{"line":137,"column":4},"end":{"line":137,"column":null}},"65":{"start":{"line":140,"column":2},"end":{"line":140,"column":null}},"66":{"start":{"line":144,"column":33},"end":{"line":151,"column":null}},"67":{"start":{"line":145,"column":16},"end":{"line":145,"column":null}},"68":{"start":{"line":146,"column":2},"end":{"line":150,"column":null}},"69":{"start":{"line":154,"column":33},"end":{"line":156,"column":null}},"70":{"start":{"line":155,"column":2},"end":{"line":155,"column":null}}},"fnMap":{"0":{"name":"(anonymous_6)","decl":{"start":{"line":38,"column":23},"end":{"line":38,"column":null}},"loc":{"start":{"line":38,"column":23},"end":{"line":56,"column":null}}},"1":{"name":"(anonymous_7)","decl":{"start":{"line":48,"column":8},"end":{"line":48,"column":9}},"loc":{"start":{"line":48,"column":38},"end":{"line":48,"column":null}}},"2":{"name":"(anonymous_8)","decl":{"start":{"line":59,"column":24},"end":{"line":59,"column":25}},"loc":{"start":{"line":59,"column":41},"end":{"line":72,"column":null}}},"3":{"name":"(anonymous_9)","decl":{"start":{"line":75,"column":25},"end":{"line":75,"column":26}},"loc":{"start":{"line":75,"column":26},"end":{"line":80,"column":null}}},"4":{"name":"(anonymous_10)","decl":{"start":{"line":83,"column":28},"end":{"line":83,"column":35}},"loc":{"start":{"line":83,"column":35},"end":{"line":102,"column":null}}},"5":{"name":"(anonymous_11)","decl":{"start":{"line":105,"column":30},"end":{"line":105,"column":null}},"loc":{"start":{"line":105,"column":30},"end":{"line":114,"column":null}}},"6":{"name":"(anonymous_12)","decl":{"start":{"line":117,"column":32},"end":{"line":117,"column":33}},"loc":{"start":{"line":117,"column":33},"end":{"line":141,"column":null}}},"7":{"name":"(anonymous_13)","decl":{"start":{"line":144,"column":33},"end":{"line":144,"column":null}},"loc":{"start":{"line":144,"column":33},"end":{"line":151,"column":null}}},"8":{"name":"(anonymous_14)","decl":{"start":{"line":154,"column":33},"end":{"line":154,"column":null}},"loc":{"start":{"line":154,"column":33},"end":{"line":156,"column":null}}}},"branchMap":{"0":{"loc":{"start":{"line":39,"column":2},"end":{"line":39,"column":null}},"type":"if","locations":[{"start":{"line":39,"column":2},"end":{"line":39,"column":null}}]},"1":{"loc":{"start":{"line":43,"column":4},"end":{"line":51,"column":null}},"type":"if","locations":[{"start":{"line":43,"column":4},"end":{"line":51,"column":null}}]},"2":{"loc":{"start":{"line":60,"column":2},"end":{"line":60,"column":null}},"type":"if","locations":[{"start":{"line":60,"column":2},"end":{"line":60,"column":null}}]},"3":{"loc":{"start":{"line":84,"column":2},"end":{"line":84,"column":null}},"type":"if","locations":[{"start":{"line":84,"column":2},"end":{"line":84,"column":null}}]},"4":{"loc":{"start":{"line":91,"column":2},"end":{"line":97,"column":null}},"type":"if","locations":[{"start":{"line":91,"column":2},"end":{"line":97,"column":null}}]},"5":{"loc":{"start":{"line":106,"column":2},"end":{"line":106,"column":null}},"type":"if","locations":[{"start":{"line":106,"column":2},"end":{"line":106,"column":null}}]},"6":{"loc":{"start":{"line":118,"column":2},"end":{"line":118,"column":null}},"type":"if","locations":[{"start":{"line":118,"column":2},"end":{"line":118,"column":null}}]},"7":{"loc":{"start":{"line":123,"column":2},"end":{"line":131,"column":null}},"type":"if","locations":[{"start":{"line":123,"column":2},"end":{"line":131,"column":null}}]},"8":{"loc":{"start":{"line":134,"column":2},"end":{"line":138,"column":null}},"type":"if","locations":[{"start":{"line":134,"column":2},"end":{"line":138,"column":null}}]}},"s":{"0":0,"1":0,"2":0,"3":0,"4":0,"5":0,"6":0,"7":0,"8":0,"9":0,"10":0,"11":0,"12":0,"13":0,"14":0,"15":0,"16":0,"17":0,"18":0,"19":0,"20":0,"21":0,"22":0,"23":0,"24":0,"25":0,"26":0,"27":0,"28":0,"29":0,"30":0,"31":0,"32":0,"33":0,"34":0,"35":0,"36":0,"37":0,"38":0,"39":0,"40":0,"41":0,"42":0,"43":0,"44":0,"45":0,"46":0,"47":0,"48":0,"49":0,"50":0,"51":0,"52":0,"53":0,"54":0,"55":0,"56":0,"57":0,"58":0,"59":0,"60":0,"61":0,"62":0,"63":0,"64":0,"65":0,"66":0,"67":0,"68":0,"69":0,"70":0},"f":{"0":0,"1":0,"2":0,"3":0,"4":0,"5":0,"6":0,"7":0,"8":0},"b":{"0":[0],"1":[0],"2":[0],"3":[0],"4":[0],"5":[0],"6":[0],"7":[0],"8":[0]}}
,"/Users/abhishek/tradeanalytics-v2/frontend/src/lib/utils.ts": {"path":"/Users/abhishek/tradeanalytics-v2/frontend/src/lib/utils.ts","statementMap":{"0":{"start":{"line":4,"column":16},"end":{"line":4,"column":19}},"1":{"start":{"line":1,"column":38},"end":{"line":1,"column":null}},"2":{"start":{"line":2,"column":24},"end":{"line":2,"column":null}},"3":{"start":{"line":5,"column":2},"end":{"line":5,"column":null}}},"fnMap":{"0":{"name":"cn","decl":{"start":{"line":4,"column":16},"end":{"line":4,"column":19}},"loc":{"start":{"line":4,"column":42},"end":{"line":6,"column":null}}}},"branchMap":{},"s":{"0":110,"1":2,"2":2,"3":110},"f":{"0":110},"b":{}}
,"/Users/abhishek/tradeanalytics-v2/frontend/src/lib/providers/query-provider.tsx": {"path":"/Users/abhishek/tradeanalytics-v2/frontend/src/lib/providers/query-provider.tsx","statementMap":{"0":{"start":{"line":7,"column":16},"end":{"line":7,"column":30}},"1":{"start":{"line":3,"column":49},"end":{"line":3,"column":null}},"2":{"start":{"line":4,"column":35},"end":{"line":4,"column":null}},"3":{"start":{"line":5,"column":25},"end":{"line":5,"column":null}},"4":{"start":{"line":8,"column":24},"end":{"line":33,"column":null}},"5":{"start":{"line":10,"column":6},"end":{"line":33,"column":null}},"6":{"start":{"line":17,"column":14},"end":{"line":19,"column":null}},"7":{"start":{"line":18,"column":16},"end":{"line":18,"column":null}},"8":{"start":{"line":21,"column":14},"end":{"line":21,"column":null}},"9":{"start":{"line":29,"column":14},"end":{"line":29,"column":null}}},"fnMap":{"0":{"name":"QueryProvider","decl":{"start":{"line":7,"column":16},"end":{"line":7,"column":30}},"loc":{"start":{"line":7,"column":73},"end":{"line":44,"column":null}}},"1":{"name":"(anonymous_2)","decl":{"start":{"line":9,"column":4},"end":{"line":9,"column":null}},"loc":{"start":{"line":10,"column":6},"end":{"line":33,"column":null}}},"2":{"name":"(anonymous_3)","decl":{"start":{"line":15,"column":19},"end":{"line":15,"column":20}},"loc":{"start":{"line":15,"column":34},"end":{"line":22,"column":null}}},"3":{"name":"(anonymous_4)","decl":{"start":{"line":28,"column":21},"end":{"line":28,"column":22}},"loc":{"start":{"line":28,"column":22},"end":{"line":30,"column":null}}}},"branchMap":{"0":{"loc":{"start":{"line":17,"column":14},"end":{"line":19,"column":null}},"type":"if","locations":[{"start":{"line":17,"column":14},"end":{"line":19,"column":null}}]},"1":{"loc":{"start":{"line":17,"column":18},"end":{"line":17,"column":86}},"type":"binary-expr","locations":[{"start":{"line":17,"column":18},"end":{"line":17,"column":53}},{"start":{"line":17,"column":53},"end":{"line":17,"column":86}}]},"2":{"loc":{"start":{"line":39,"column":7},"end":{"line":39,"column":null}},"type":"binary-expr","locations":[{"start":{"line":39,"column":7},"end":{"line":39,"column":null}}]}},"s":{"0":0,"1":0,"2":0,"3":0,"4":0,"5":0,"6":0,"7":0,"8":0,"9":0},"f":{"0":0,"1":0,"2":0,"3":0},"b":{"0":[0],"1":[0,0],"2":[0]}}
,"/Users/abhishek/tradeanalytics-v2/frontend/src/lib/providers/supabase-provider.tsx": {"path":"/Users/abhishek/tradeanalytics-v2/frontend/src/lib/providers/supabase-provider.tsx","statementMap":{"0":{"start":{"line":14,"column":16},"end":{"line":14,"column":32}},"1":{"start":{"line":40,"column":13},"end":{"line":40,"column":24}},"2":{"start":{"line":3,"column":63},"end":{"line":3,"column":null}},"3":{"start":{"line":4,"column":44},"end":{"line":4,"column":null}},"4":{"start":{"line":12,"column":16},"end":{"line":12,"column":null}},"5":{"start":{"line":15,"column":21},"end":{"line":15,"column":null}},"6":{"start":{"line":15,"column":36},"end":{"line":15,"column":null}},"7":{"start":{"line":17,"column":2},"end":{"line":31,"column":null}},"8":{"start":{"line":20,"column":8},"end":{"line":26,"column":null}},"9":{"start":{"line":21,"column":6},"end":{"line":25,"column":null}},"10":{"start":{"line":22,"column":8},"end":{"line":22,"column":null}},"11":{"start":{"line":23,"column":13},"end":{"line":25,"column":null}},"12":{"start":{"line":24,"column":8},"end":{"line":24,"column":null}},"13":{"start":{"line":28,"column":4},"end":{"line":30,"column":null}},"14":{"start":{"line":29,"column":6},"end":{"line":29,"column":null}},"15":{"start":{"line":40,"column":27},"end":{"line":46,"column":null}},"16":{"start":{"line":41,"column":18},"end":{"line":41,"column":null}},"17":{"start":{"line":42,"column":2},"end":{"line":44,"column":null}},"18":{"start":{"line":43,"column":4},"end":{"line":43,"column":null}},"19":{"start":{"line":45,"column":2},"end":{"line":45,"column":null}}},"fnMap":{"0":{"name":"SupabaseProvider","decl":{"start":{"line":14,"column":16},"end":{"line":14,"column":32}},"loc":{"start":{"line":14,"column":76},"end":{"line":38,"column":null}}},"1":{"name":"(anonymous_4)","decl":{"start":{"line":15,"column":30},"end":{"line":15,"column":36}},"loc":{"start":{"line":15,"column":36},"end":{"line":15,"column":null}}},"2":{"name":"(anonymous_5)","decl":{"start":{"line":17,"column":12},"end":{"line":17,"column":null}},"loc":{"start":{"line":17,"column":12},"end":{"line":31,"column":5}}},"3":{"name":"(anonymous_6)","decl":{"start":{"line":20,"column":40},"end":{"line":20,"column":41}},"loc":{"start":{"line":20,"column":48},"end":{"line":26,"column":null}}},"4":{"name":"(anonymous_7)","decl":{"start":{"line":28,"column":11},"end":{"line":28,"column":null}},"loc":{"start":{"line":28,"column":11},"end":{"line":30,"column":null}}},"5":{"name":"(anonymous_8)","decl":{"start":{"line":40,"column":27},"end":{"line":40,"column":null}},"loc":{"start":{"line":40,"column":27},"end":{"line":46,"column":null}}}},"branchMap":{"0":{"loc":{"start":{"line":21,"column":6},"end":{"line":25,"column":null}},"type":"if","locations":[{"start":{"line":21,"column":6},"end":{"line":25,"column":null}},{"start":{"line":23,"column":13},"end":{"line":25,"column":null}}]},"1":{"loc":{"start":{"line":23,"column":13},"end":{"line":25,"column":null}},"type":"if","locations":[{"start":{"line":23,"column":13},"end":{"line":25,"column":null}}]},"2":{"loc":{"start":{"line":42,"column":2},"end":{"line":44,"column":null}},"type":"if","locations":[{"start":{"line":42,"column":2},"end":{"line":44,"column":null}}]}},"s":{"0":0,"1":0,"2":0,"3":0,"4":0,"5":0,"6":0,"7":0,"8":0,"9":0,"10":0,"11":0,"12":0,"13":0,"14":0,"15":0,"16":0,"17":0,"18":0,"19":0},"f":{"0":0,"1":0,"2":0,"3":0,"4":0,"5":0},"b":{"0":[0,0],"1":[0],"2":[0]}}
,"/Users/abhishek/tradeanalytics-v2/frontend/src/lib/providers/theme-provider.tsx": {"path":"/Users/abhishek/tradeanalytics-v2/frontend/src/lib/providers/theme-provider.tsx","statementMap":{"0":{"start":{"line":7,"column":16},"end":{"line":7,"column":30}},"1":{"start":{"line":3,"column":23},"end":{"line":3,"column":null}},"2":{"start":{"line":4,"column":52},"end":{"line":4,"column":null}}},"fnMap":{"0":{"name":"ThemeProvider","decl":{"start":{"line":7,"column":16},"end":{"line":7,"column":30}},"loc":{"start":{"line":7,"column":72},"end":{"line":9,"column":null}}}},"branchMap":{},"s":{"0":0,"1":0,"2":0},"f":{"0":0},"b":{}}
,"/Users/abhishek/tradeanalytics-v2/frontend/src/test-utils/index.tsx": {"path":"/Users/abhishek/tradeanalytics-v2/frontend/src/test-utils/index.tsx","statementMap":{"0":{"start":{"line":31,"column":9},"end":{"line":31,"column":25}},"1":{"start":{"line":1,"column":36},"end":{"line":1,"column":null}},"2":{"start":{"line":2,"column":38},"end":{"line":2,"column":null}},"3":{"start":{"line":3,"column":49},"end":{"line":3,"column":null}},"4":{"start":{"line":6,"column":24},"end":{"line":23,"column":null}},"5":{"start":{"line":8,"column":22},"end":{"line":16,"column":null}},"6":{"start":{"line":25,"column":21},"end":{"line":28,"column":null}},"7":{"start":{"line":28,"column":5},"end":{"line":28,"column":null}}},"fnMap":{"0":{"name":"(anonymous_5)","decl":{"start":{"line":6,"column":24},"end":{"line":6,"column":25}},"loc":{"start":{"line":6,"column":68},"end":{"line":23,"column":null}}},"1":{"name":"(anonymous_6)","decl":{"start":{"line":25,"column":21},"end":{"line":25,"column":null}},"loc":{"start":{"line":28,"column":5},"end":{"line":28,"column":null}}}},"branchMap":{},"s":{"0":17,"1":2,"2":2,"3":2,"4":2,"5":17,"6":2,"7":17},"f":{"0":17,"1":17},"b":{}}
,"/Users/abhishek/tradeanalytics-v2/frontend/src/test-utils/mocks.ts": {"path":"/Users/abhishek/tradeanalytics-v2/frontend/src/test-utils/mocks.ts","statementMap":{"0":{"start":{"line":150,"column":13},"end":{"line":150,"column":34}},"1":{"start":{"line":166,"column":13},"end":{"line":166,"column":25}},"2":{"start":{"line":158,"column":13},"end":{"line":158,"column":25}},"3":{"start":{"line":29,"column":13},"end":{"line":29,"column":30}},"4":{"start":{"line":77,"column":13},"end":{"line":77,"column":31}},"5":{"start":{"line":4,"column":13},"end":{"line":4,"column":29}},"6":{"start":{"line":125,"column":13},"end":{"line":125,"column":31}},"7":{"start":{"line":107,"column":13},"end":{"line":107,"column":40}},"8":{"start":{"line":4,"column":56},"end":{"line":27,"column":null}},"9":{"start":{"line":29,"column":57},"end":{"line":75,"column":null}},"10":{"start":{"line":77,"column":50},"end":{"line":105,"column":null}},"11":{"start":{"line":107,"column":75},"end":{"line":123,"column":null}},"12":{"start":{"line":125,"column":50},"end":{"line":147,"column":null}},"13":{"start":{"line":150,"column":37},"end":{"line":155,"column":null}},"14":{"start":{"line":150,"column":54},"end":{"line":155,"column":null}},"15":{"start":{"line":158,"column":28},"end":{"line":163,"column":null}},"16":{"start":{"line":166,"column":28},"end":{"line":184,"column":null}}},"fnMap":{"0":{"name":"(anonymous_9)","decl":{"start":{"line":150,"column":37},"end":{"line":150,"column":41}},"loc":{"start":{"line":150,"column":54},"end":{"line":155,"column":null}}}},"branchMap":{},"s":{"0":0,"1":0,"2":0,"3":1,"4":0,"5":8,"6":0,"7":13,"8":2,"9":2,"10":2,"11":2,"12":2,"13":2,"14":0,"15":2,"16":2},"f":{"0":0},"b":{}}
}
