TN:
SF:src/app/layout.tsx
FN:25,RootLayout
FNF:1
FNH:0
FNDA:0,RootLayout
DA:2,0
DA:3,0
DA:4,0
DA:5,0
DA:6,0
DA:7,0
DA:8,0
DA:10,0
DA:12,0
DA:19,0
DA:25,0
LF:11
LH:0
BRF:0
BRH:0
end_of_record
TN:
SF:src/app/page.tsx
FN:3,HomePage
FNF:1
FNH:0
FNDA:0,HomePage
DA:1,0
DA:3,0
DA:5,0
LF:3
LH:0
BRF:0
BRH:0
end_of_record
TN:
SF:src/app/dashboard/page.tsx
FN:22,PortfolioTab
FN:72,(anonymous_3)
FN:133,StocksTab
FN:177,(anonymous_5)
FN:213,OptionsTab
FN:353,(anonymous_7)
FN:368,(anonymous_8)
FN:395,(anonymous_9)
FN:410,(anonymous_10)
FN:519,(anonymous_11)
FN:555,(anonymous_12)
FN:573,(anonymous_13)
FN:649,(anonymous_14)
FN:672,Dashboard
FN:703,(anonymous_16)
FN:705,(anonymous_17)
FN:733,(anonymous_18)
FN:736,(anonymous_19)
FN:741,(anonymous_20)
FN:744,(anonymous_21)
FN:748,(anonymous_22)
FN:751,(anonymous_23)
FN:756,(anonymous_24)
FN:760,(anonymous_25)
FN:767,(anonymous_26)
FN:770,(anonymous_27)
FN:773,(anonymous_28)
FN:777,(anonymous_29)
FN:786,(anonymous_30)
FN:847,(anonymous_31)
FN:851,(anonymous_32)
FN:859,(anonymous_33)
FN:864,(anonymous_34)
FN:868,(anonymous_35)
FN:885,(anonymous_36)
FN:891,(anonymous_37)
FN:898,(anonymous_38)
FN:903,(anonymous_39)
FN:917,(anonymous_40)
FN:923,(anonymous_41)
FN:981,(anonymous_42)
FN:988,(anonymous_43)
FN:1004,(anonymous_44)
FN:1011,(anonymous_45)
FN:1141,(anonymous_46)
FN:1208,(anonymous_47)
FN:1211,(anonymous_48)
FN:1340,(anonymous_49)
FNF:48
FNH:0
FNDA:0,PortfolioTab
FNDA:0,(anonymous_3)
FNDA:0,StocksTab
FNDA:0,(anonymous_5)
FNDA:0,OptionsTab
FNDA:0,(anonymous_7)
FNDA:0,(anonymous_8)
FNDA:0,(anonymous_9)
FNDA:0,(anonymous_10)
FNDA:0,(anonymous_11)
FNDA:0,(anonymous_12)
FNDA:0,(anonymous_13)
FNDA:0,(anonymous_14)
FNDA:0,Dashboard
FNDA:0,(anonymous_16)
FNDA:0,(anonymous_17)
FNDA:0,(anonymous_18)
FNDA:0,(anonymous_19)
FNDA:0,(anonymous_20)
FNDA:0,(anonymous_21)
FNDA:0,(anonymous_22)
FNDA:0,(anonymous_23)
FNDA:0,(anonymous_24)
FNDA:0,(anonymous_25)
FNDA:0,(anonymous_26)
FNDA:0,(anonymous_27)
FNDA:0,(anonymous_28)
FNDA:0,(anonymous_29)
FNDA:0,(anonymous_30)
FNDA:0,(anonymous_31)
FNDA:0,(anonymous_32)
FNDA:0,(anonymous_33)
FNDA:0,(anonymous_34)
FNDA:0,(anonymous_35)
FNDA:0,(anonymous_36)
FNDA:0,(anonymous_37)
FNDA:0,(anonymous_38)
FNDA:0,(anonymous_39)
FNDA:0,(anonymous_40)
FNDA:0,(anonymous_41)
FNDA:0,(anonymous_42)
FNDA:0,(anonymous_43)
FNDA:0,(anonymous_44)
FNDA:0,(anonymous_45)
FNDA:0,(anonymous_46)
FNDA:0,(anonymous_47)
FNDA:0,(anonymous_48)
FNDA:0,(anonymous_49)
DA:3,0
DA:4,0
DA:5,0
DA:6,0
DA:7,0
DA:8,0
DA:9,0
DA:10,0
DA:27,0
DA:28,0
DA:29,0
DA:31,0
DA:32,0
DA:33,0
DA:35,0
DA:36,0
DA:37,0
DA:39,0
DA:73,0
DA:74,0
DA:75,0
DA:76,0
DA:77,0
DA:78,0
DA:138,0
DA:178,0
DA:223,0
DA:224,0
DA:225,0
DA:227,0
DA:247,0
DA:260,0
DA:261,0
DA:353,0
DA:369,0
DA:395,0
DA:411,0
DA:519,0
DA:556,0
DA:573,0
DA:649,0
DA:672,0
DA:673,0
DA:674,0
DA:675,0
DA:676,0
DA:677,0
DA:678,0
DA:684,0
DA:685,0
DA:686,0
DA:687,0
DA:688,0
DA:689,0
DA:690,0
DA:693,0
DA:694,0
DA:695,0
DA:696,0
DA:699,0
DA:700,0
DA:701,0
DA:703,0
DA:705,0
DA:706,0
DA:707,0
DA:708,0
DA:710,0
DA:711,0
DA:713,0
DA:715,0
DA:718,0
DA:721,0
DA:722,0
DA:723,0
DA:725,0
DA:729,0
DA:733,0
DA:734,0
DA:736,0
DA:737,0
DA:738,0
DA:740,0
DA:741,0
DA:744,0
DA:748,0
DA:749,0
DA:751,0
DA:752,0
DA:753,0
DA:756,0
DA:760,0
DA:761,0
DA:762,0
DA:767,0
DA:768,0
DA:770,0
DA:771,0
DA:773,0
DA:777,0
DA:778,0
DA:780,0
DA:781,0
DA:783,0
DA:784,0
DA:787,0
DA:788,0
DA:793,0
DA:794,0
DA:795,0
DA:796,0
DA:798,0
DA:799,0
DA:801,0
DA:803,0
DA:804,0
DA:805,0
DA:806,0
DA:807,0
DA:808,0
DA:810,0
DA:811,0
DA:812,0
DA:815,0
DA:816,0
DA:817,0
DA:820,0
DA:821,0
DA:822,0
DA:823,0
DA:825,0
DA:828,0
DA:829,0
DA:830,0
DA:833,0
DA:834,0
DA:836,0
DA:837,0
DA:838,0
DA:840,0
DA:843,0
DA:847,0
DA:848,0
DA:851,0
DA:852,0
DA:853,0
DA:854,0
DA:855,0
DA:856,0
DA:859,0
DA:861,0
DA:864,0
DA:865,0
DA:868,0
DA:869,0
DA:870,0
DA:871,0
DA:873,0
DA:875,0
DA:876,0
DA:878,0
DA:879,0
DA:881,0
DA:885,0
DA:886,0
DA:887,0
DA:888,0
DA:891,0
DA:892,0
DA:898,0
DA:899,0
DA:903,0
DA:904,0
DA:917,0
DA:918,0
DA:920,0
DA:921,0
DA:924,0
DA:925,0
DA:929,0
DA:931,0
DA:932,0
DA:933,0
DA:936,0
DA:940,0
DA:981,0
DA:988,0
DA:1004,0
DA:1011,0
DA:1142,0
DA:1143,0
DA:1144,0
DA:1145,0
DA:1209,0
DA:1211,0
DA:1342,0
DA:1343,0
DA:1344,0
DA:1348,0
DA:1349,0
DA:1350,0
DA:1351,0
DA:1356,0
DA:1363,0
LF:204
LH:0
BRDA:27,0,0,0
BRDA:27,0,1,0
BRDA:28,1,0,0
BRDA:28,1,1,0
BRDA:31,2,0,0
BRDA:31,2,1,0
BRDA:32,3,0,0
BRDA:32,3,1,0
BRDA:35,4,0,0
BRDA:35,4,1,0
BRDA:36,5,0,0
BRDA:36,5,1,0
BRDA:39,6,0,0
BRDA:39,6,1,0
BRDA:63,7,0,0
BRDA:63,7,1,0
BRDA:63,8,0,0
BRDA:63,8,1,0
BRDA:66,9,0,0
BRDA:66,9,1,0
BRDA:66,10,0,0
BRDA:66,10,1,0
BRDA:73,11,0,0
BRDA:73,11,1,0
BRDA:74,12,0,0
BRDA:74,12,1,0
BRDA:76,13,0,0
BRDA:76,13,1,0
BRDA:76,14,0,0
BRDA:76,14,1,0
BRDA:77,15,0,0
BRDA:77,15,1,0
BRDA:94,16,0,0
BRDA:94,16,1,0
BRDA:103,17,0,0
BRDA:103,17,1,0
BRDA:115,18,0,0
BRDA:115,18,1,0
BRDA:121,19,0,0
BRDA:121,19,1,0
BRDA:138,20,0,0
BRDA:138,21,0,0
BRDA:138,21,1,0
BRDA:197,22,0,0
BRDA:197,22,1,0
BRDA:200,23,0,0
BRDA:200,23,1,0
BRDA:227,24,0,0
BRDA:227,25,0,0
BRDA:227,25,1,0
BRDA:231,26,0,0
BRDA:247,27,0,0
BRDA:247,27,1,0
BRDA:248,28,0,0
BRDA:248,28,1,0
BRDA:250,29,0,0
BRDA:250,29,1,0
BRDA:251,30,0,0
BRDA:251,30,1,0
BRDA:253,31,0,0
BRDA:253,31,1,0
BRDA:254,32,0,0
BRDA:254,32,1,0
BRDA:260,33,0,0
BRDA:260,33,1,0
BRDA:261,34,0,0
BRDA:261,34,1,0
BRDA:301,35,0,0
BRDA:301,35,1,0
BRDA:308,36,0,0
BRDA:308,36,1,0
BRDA:315,37,0,0
BRDA:315,37,1,0
BRDA:342,38,0,0
BRDA:342,38,1,0
BRDA:350,39,0,0
BRDA:358,40,0,0
BRDA:358,40,1,0
BRDA:366,41,0,0
BRDA:377,42,0,0
BRDA:377,42,1,0
BRDA:392,43,0,0
BRDA:400,44,0,0
BRDA:400,44,1,0
BRDA:408,45,0,0
BRDA:427,46,0,0
BRDA:427,46,1,0
BRDA:441,47,0,0
BRDA:447,48,0,0
BRDA:447,48,1,0
BRDA:451,49,0,0
BRDA:451,49,1,0
BRDA:451,50,0,0
BRDA:451,50,1,0
BRDA:461,51,0,0
BRDA:461,51,1,0
BRDA:465,52,0,0
BRDA:465,52,1,0
BRDA:526,53,0,0
BRDA:526,53,1,0
BRDA:536,54,0,0
BRDA:542,55,0,0
BRDA:542,55,1,0
BRDA:547,56,0,0
BRDA:547,56,1,0
BRDA:555,57,0,0
BRDA:555,57,1,0
BRDA:570,58,0,0
BRDA:570,58,1,0
BRDA:579,59,0,0
BRDA:588,60,0,0
BRDA:588,60,1,0
BRDA:604,61,0,0
BRDA:604,61,1,0
BRDA:608,62,0,0
BRDA:608,62,1,0
BRDA:609,63,0,0
BRDA:613,64,0,0
BRDA:613,64,1,0
BRDA:613,65,0,0
BRDA:613,65,1,0
BRDA:614,66,0,0
BRDA:614,66,1,0
BRDA:620,67,0,0
BRDA:629,68,0,0
BRDA:629,68,1,0
BRDA:632,69,0,0
BRDA:632,69,1,0
BRDA:637,70,0,0
BRDA:637,70,1,0
BRDA:637,70,2,0
BRDA:639,71,0,0
BRDA:639,71,1,0
BRDA:647,72,0,0
BRDA:647,72,1,0
BRDA:708,73,0,0
BRDA:708,73,1,0
BRDA:713,74,0,0
BRDA:734,75,0,0
BRDA:734,76,0,0
BRDA:734,76,1,0
BRDA:734,76,2,0
BRDA:749,77,0,0
BRDA:749,78,0,0
BRDA:749,78,1,0
BRDA:749,78,2,0
BRDA:761,79,0,0
BRDA:761,80,0,0
BRDA:761,80,1,0
BRDA:768,81,0,0
BRDA:768,82,0,0
BRDA:768,82,1,0
BRDA:768,82,2,0
BRDA:778,83,0,0
BRDA:793,84,0,0
BRDA:793,84,1,0
BRDA:793,85,0,0
BRDA:793,85,1,0
BRDA:801,86,0,0
BRDA:801,86,1,0
BRDA:801,87,0,0
BRDA:801,87,1,0
BRDA:804,88,0,0
BRDA:804,88,1,0
BRDA:804,89,0,0
BRDA:804,89,1,0
BRDA:834,90,0,0
BRDA:834,90,1,0
BRDA:834,91,0,0
BRDA:834,91,1,0
BRDA:840,92,0,0
BRDA:840,92,1,0
BRDA:899,93,0,0
BRDA:899,93,1,0
BRDA:918,94,0,0
BRDA:918,95,0,0
BRDA:918,95,1,0
BRDA:918,95,2,0
BRDA:931,96,0,0
BRDA:931,97,0,0
BRDA:931,97,1,0
BRDA:940,98,0,0
BRDA:958,99,0,0
BRDA:962,100,0,0
BRDA:968,101,0,0
BRDA:971,102,0,0
BRDA:1027,103,0,0
BRDA:1027,103,1,0
BRDA:1028,104,0,0
BRDA:1050,105,0,0
BRDA:1062,106,0,0
BRDA:1071,107,0,0
BRDA:1092,108,0,0
BRDA:1097,109,0,0
BRDA:1099,110,0,0
BRDA:1099,110,1,0
BRDA:1116,111,0,0
BRDA:1123,112,0,0
BRDA:1123,112,1,0
BRDA:1123,113,0,0
BRDA:1123,113,1,0
BRDA:1126,114,0,0
BRDA:1126,114,1,0
BRDA:1126,115,0,0
BRDA:1126,115,1,0
BRDA:1135,116,0,0
BRDA:1142,117,0,0
BRDA:1142,117,1,0
BRDA:1142,118,0,0
BRDA:1142,118,1,0
BRDA:1143,119,0,0
BRDA:1143,119,1,0
BRDA:1143,120,0,0
BRDA:1143,120,1,0
BRDA:1144,121,0,0
BRDA:1144,121,1,0
BRDA:1165,122,0,0
BRDA:1213,123,0,0
BRDA:1213,123,1,0
BRDA:1219,124,0,0
BRDA:1219,124,1,0
BRDA:1224,125,0,0
BRDA:1224,125,1,0
BRDA:1247,126,0,0
BRDA:1259,127,0,0
BRDA:1260,128,0,0
BRDA:1261,129,0,0
BRDA:1262,130,0,0
BRDA:1273,131,0,0
BRDA:1278,132,0,0
BRDA:1292,133,0,0
BRDA:1297,134,0,0
BRDA:1315,135,0,0
BRDA:1315,135,1,0
BRDA:1316,136,0,0
BRDA:1316,136,1,0
BRDA:1324,137,0,0
BRDA:1324,137,1,0
BRDA:1325,138,0,0
BRDA:1325,138,1,0
BRDA:1329,139,0,0
BRDA:1329,139,1,0
BRDA:1329,140,0,0
BRDA:1329,140,1,0
BRDA:1330,141,0,0
BRDA:1330,141,1,0
BRDA:1338,142,0,0
BRDA:1338,142,1,0
BRDA:1340,143,0,0
BRDA:1340,143,1,0
BRDA:1343,144,0,0
BRDA:1344,145,0,0
BRDA:1344,145,1,0
BRDA:1344,145,2,0
BRDA:1348,146,0,0
BRDA:1349,147,0,0
BRDA:1349,147,1,0
BRDA:1351,148,0,0
BRDA:1351,148,1,0
BRDA:1351,148,2,0
BRDA:1351,148,3,0
BRDA:1356,149,0,0
BRDA:1356,149,1,0
BRDA:1356,149,2,0
BRDA:1368,150,0,0
BRDA:1374,151,0,0
BRDA:1374,151,1,0
BRDA:1376,152,0,0
BRDA:1376,152,1,0
BRDA:1378,153,0,0
BRDA:1385,154,0,0
BRDA:1385,154,1,0
BRDA:1387,155,0,0
BRDA:1387,155,1,0
BRDA:1387,156,0,0
BRDA:1387,156,1,0
BRDA:1387,156,2,0
BRDA:1393,157,0,0
BRDA:1413,158,0,0
BRDA:1413,158,1,0
BRDA:1431,159,0,0
BRDA:1453,160,0,0
BRDA:1453,160,1,0
BRDA:1478,161,0,0
BRDA:1491,162,0,0
BRDA:1507,163,0,0
BRDA:1507,163,1,0
BRDA:1519,164,0,0
BRDA:1519,164,1,0
BRDA:1524,165,0,0
BRDA:1524,165,1,0
BRDA:1524,166,0,0
BRDA:1524,166,1,0
BRDA:1524,166,2,0
BRDA:1525,167,0,0
BRDA:1525,167,1,0
BRDA:1525,167,2,0
BRDA:1364,168,0,0
BRDA:1364,168,1,0
BRF:299
BRH:0
end_of_record
TN:
SF:src/app/dashboard/breakdown/[metric]/page.tsx
FN:18,BreakdownPage
FN:45,(anonymous_2)
FN:46,(anonymous_3)
FN:67,(anonymous_4)
FN:81,(anonymous_5)
FN:86,(anonymous_6)
FN:120,(anonymous_7)
FN:127,(anonymous_8)
FN:135,(anonymous_9)
FN:148,(anonymous_10)
FN:153,(anonymous_11)
FN:162,(anonymous_12)
FN:172,(anonymous_13)
FN:185,(anonymous_14)
FN:203,(anonymous_15)
FN:259,(anonymous_16)
FN:277,(anonymous_17)
FN:291,(anonymous_18)
FN:301,(anonymous_19)
FN:311,(anonymous_20)
FN:325,(anonymous_21)
FN:482,(anonymous_22)
FNF:22
FNH:0
FNDA:0,BreakdownPage
FNDA:0,(anonymous_2)
FNDA:0,(anonymous_3)
FNDA:0,(anonymous_4)
FNDA:0,(anonymous_5)
FNDA:0,(anonymous_6)
FNDA:0,(anonymous_7)
FNDA:0,(anonymous_8)
FNDA:0,(anonymous_9)
FNDA:0,(anonymous_10)
FNDA:0,(anonymous_11)
FNDA:0,(anonymous_12)
FNDA:0,(anonymous_13)
FNDA:0,(anonymous_14)
FNDA:0,(anonymous_15)
FNDA:0,(anonymous_16)
FNDA:0,(anonymous_17)
FNDA:0,(anonymous_18)
FNDA:0,(anonymous_19)
FNDA:0,(anonymous_20)
FNDA:0,(anonymous_21)
FNDA:0,(anonymous_22)
DA:3,0
DA:4,0
DA:5,0
DA:15,0
DA:16,0
DA:18,0
DA:19,0
DA:20,0
DA:21,0
DA:23,0
DA:24,0
DA:25,0
DA:26,0
DA:27,0
DA:30,0
DA:33,0
DA:36,0
DA:39,0
DA:42,0
DA:45,0
DA:46,0
DA:47,0
DA:48,0
DA:49,0
DA:50,0
DA:51,0
DA:52,0
DA:53,0
DA:56,0
DA:59,0
DA:60,0
DA:63,0
DA:67,0
DA:68,0
DA:70,0
DA:71,0
DA:72,0
DA:73,0
DA:74,0
DA:76,0
DA:77,0
DA:81,0
DA:82,0
DA:83,0
DA:86,0
DA:87,0
DA:88,0
DA:90,0
DA:91,0
DA:101,0
DA:102,0
DA:103,0
DA:104,0
DA:105,0
DA:106,0
DA:108,0
DA:111,0
DA:113,0
DA:114,0
DA:116,0
DA:120,0
DA:121,0
DA:127,0
DA:128,0
DA:135,0
DA:136,0
DA:145,0
DA:148,0
DA:149,0
DA:150,0
DA:153,0
DA:154,0
DA:155,0
DA:157,0
DA:158,0
DA:162,0
DA:163,0
DA:164,0
DA:165,0
DA:167,0
DA:169,0
DA:172,0
DA:173,0
DA:174,0
DA:180,0
DA:185,0
DA:187,0
DA:190,0
DA:203,0
DA:259,0
DA:277,0
DA:291,0
DA:301,0
DA:311,0
DA:325,0
DA:483,0
LF:96
LH:0
BRDA:31,0,0,0
BRDA:31,0,1,0
BRDA:34,1,0,0
BRDA:34,1,1,0
BRDA:49,2,0,0
BRDA:49,2,1,0
BRDA:52,3,0,0
BRDA:68,4,0,0
BRDA:74,5,0,0
BRDA:82,6,0,0
BRDA:101,7,0,0
BRDA:101,7,1,0
BRDA:103,8,0,0
BRDA:103,8,1,0
BRDA:105,9,0,0
BRDA:105,9,1,0
BRDA:114,10,0,0
BRDA:114,10,1,0
BRDA:145,11,0,0
BRDA:145,11,1,0
BRDA:154,12,0,0
BRDA:154,12,1,0
BRDA:164,13,0,0
BRDA:164,13,1,0
BRDA:190,14,0,0
BRDA:218,15,0,0
BRDA:243,16,0,0
BRDA:243,16,1,0
BRDA:293,17,0,0
BRDA:293,17,1,0
BRDA:298,18,0,0
BRDA:298,18,1,0
BRDA:298,19,0,0
BRDA:298,19,1,0
BRDA:303,20,0,0
BRDA:303,20,1,0
BRDA:308,21,0,0
BRDA:308,21,1,0
BRDA:308,22,0,0
BRDA:308,22,1,0
BRDA:313,23,0,0
BRDA:313,23,1,0
BRDA:318,24,0,0
BRDA:318,24,1,0
BRDA:318,25,0,0
BRDA:318,25,1,0
BRDA:327,26,0,0
BRDA:327,26,1,0
BRDA:342,27,0,0
BRDA:423,28,0,0
BRDA:435,29,0,0
BRDA:435,29,1,0
BRDA:463,30,0,0
BRDA:463,30,1,0
BRF:54
BRH:0
end_of_record
TN:
SF:src/app/dashboard/pnl/page.tsx
FN:24,(anonymous_5)
FN:73,PnLAnalyticsPage
FN:97,(anonymous_8)
FN:102,(anonymous_9)
FN:105,(anonymous_10)
FN:110,(anonymous_11)
FN:113,(anonymous_12)
FN:142,(anonymous_13)
FN:149,(anonymous_14)
FN:150,(anonymous_15)
FN:156,(anonymous_16)
FN:179,(anonymous_17)
FN:184,(anonymous_18)
FN:197,(anonymous_19)
FN:211,(anonymous_20)
FN:225,(anonymous_21)
FN:262,(anonymous_22)
FN:269,(anonymous_23)
FN:397,(anonymous_24)
FNF:19
FNH:0
FNDA:0,(anonymous_5)
FNDA:0,PnLAnalyticsPage
FNDA:0,(anonymous_8)
FNDA:0,(anonymous_9)
FNDA:0,(anonymous_10)
FNDA:0,(anonymous_11)
FNDA:0,(anonymous_12)
FNDA:0,(anonymous_13)
FNDA:0,(anonymous_14)
FNDA:0,(anonymous_15)
FNDA:0,(anonymous_16)
FNDA:0,(anonymous_17)
FNDA:0,(anonymous_18)
FNDA:0,(anonymous_19)
FNDA:0,(anonymous_20)
FNDA:0,(anonymous_21)
FNDA:0,(anonymous_22)
FNDA:0,(anonymous_23)
FNDA:0,(anonymous_24)
DA:3,0
DA:4,0
DA:5,0
DA:6,0
DA:7,0
DA:8,0
DA:25,0
DA:73,0
DA:75,0
DA:76,0
DA:77,0
DA:78,0
DA:81,0
DA:82,0
DA:83,0
DA:84,0
DA:85,0
DA:88,0
DA:89,0
DA:92,0
DA:93,0
DA:94,0
DA:95,0
DA:97,0
DA:98,0
DA:102,0
DA:103,0
DA:105,0
DA:106,0
DA:107,0
DA:110,0
DA:113,0
DA:114,0
DA:115,0
DA:116,0
DA:119,0
DA:125,0
DA:126,0
DA:127,0
DA:130,0
DA:131,0
DA:134,0
DA:135,0
DA:137,0
DA:142,0
DA:143,0
DA:149,0
DA:150,0
DA:156,0
DA:157,0
DA:159,0
DA:161,0
DA:167,0
DA:169,0
DA:170,0
DA:171,0
DA:174,0
DA:179,0
DA:181,0
DA:184,0
DA:185,0
DA:187,0
DA:189,0
DA:190,0
DA:192,0
DA:193,0
DA:197,0
DA:198,0
DA:200,0
DA:202,0
DA:203,0
DA:204,0
DA:206,0
DA:207,0
DA:211,0
DA:212,0
DA:213,0
DA:214,0
DA:216,0
DA:217,0
DA:218,0
DA:220,0
DA:221,0
DA:225,0
DA:226,0
DA:228,0
DA:229,0
DA:230,0
DA:232,0
DA:233,0
DA:237,0
DA:238,0
DA:241,0
DA:262,0
DA:269,0
DA:398,0
DA:399,0
DA:400,0
LF:98
LH:0
BRDA:103,0,0,0
BRDA:103,1,0,0
BRDA:103,1,1,0
BRDA:144,2,0,0
BRDA:144,2,1,0
BRDA:145,3,0,0
BRDA:145,3,1,0
BRDA:149,4,0,0
BRDA:149,4,1,0
BRDA:150,5,0,0
BRDA:150,5,1,0
BRDA:157,6,0,0
BRDA:157,7,0,0
BRDA:157,7,1,0
BRDA:169,8,0,0
BRDA:169,9,0,0
BRDA:169,9,1,0
BRDA:212,10,0,0
BRDA:212,10,1,0
BRDA:212,11,0,0
BRDA:212,11,1,0
BRDA:237,12,0,0
BRDA:241,13,0,0
BRDA:285,14,0,0
BRDA:285,14,1,0
BRDA:286,15,0,0
BRDA:294,16,0,0
BRDA:309,17,0,0
BRDA:327,18,0,0
BRDA:352,19,0,0
BRDA:375,20,0,0
BRDA:392,21,0,0
BRF:32
BRH:0
end_of_record
TN:
SF:src/app/demo/page.tsx
FN:1,DemoPage
FNF:1
FNH:0
FNDA:0,DemoPage
DA:1,0
LF:1
LH:0
BRF:0
BRH:0
end_of_record
TN:
SF:src/app/login/page.tsx
FN:6,LoginPage
FN:17,(anonymous_2)
FN:61,(anonymous_3)
FN:62,(anonymous_4)
FN:93,(anonymous_5)
FN:109,(anonymous_6)
FN:125,(anonymous_7)
FN:174,(anonymous_8)
FNF:8
FNH:0
FNDA:0,LoginPage
FNDA:0,(anonymous_2)
FNDA:0,(anonymous_3)
FNDA:0,(anonymous_4)
FNDA:0,(anonymous_5)
FNDA:0,(anonymous_6)
FNDA:0,(anonymous_7)
FNDA:0,(anonymous_8)
DA:3,0
DA:4,0
DA:6,0
DA:7,0
DA:12,0
DA:13,0
DA:14,0
DA:15,0
DA:17,0
DA:18,0
DA:19,0
DA:20,0
DA:22,0
DA:23,0
DA:35,0
DA:37,0
DA:39,0
DA:40,0
DA:42,0
DA:45,0
DA:46,0
DA:47,0
DA:48,0
DA:51,0
DA:54,0
DA:56,0
DA:61,0
DA:62,0
DA:63,0
DA:93,0
DA:109,0
DA:125,0
DA:174,0
LF:33
LH:0
BRDA:31,0,0,0
BRDA:31,0,1,0
BRDA:37,1,0,0
BRDA:37,1,1,0
BRDA:37,2,0,0
BRDA:37,2,1,0
BRDA:42,3,0,0
BRDA:42,3,1,0
BRDA:45,4,0,0
BRDA:45,4,1,0
BRDA:45,5,0,0
BRDA:45,5,1,0
BRDA:47,6,0,0
BRDA:77,7,0,0
BRDA:116,8,0,0
BRDA:139,9,0,0
BRDA:139,9,1,0
BRDA:159,10,0,0
BRDA:159,10,1,0
BRF:19
BRH:0
end_of_record
TN:
SF:src/app/logo-test/page.tsx
FN:6,LogoTestPage
FN:26,(anonymous_2)
FN:31,(anonymous_3)
FN:51,(anonymous_4)
FNF:4
FNH:0
FNDA:0,LogoTestPage
FNDA:0,(anonymous_2)
FNDA:0,(anonymous_3)
FNDA:0,(anonymous_4)
DA:3,0
DA:4,0
DA:6,0
DA:7,0
DA:8,0
DA:10,0
DA:26,0
DA:31,0
DA:52,0
LF:9
LH:0
BRF:0
BRH:0
end_of_record
TN:
SF:src/app/test-logos/page.tsx
FN:12,TestLogosPage
FN:16,(anonymous_2)
FN:21,(anonymous_3)
FN:70,(anonymous_4)
FN:86,(anonymous_5)
FNF:5
FNH:0
FNDA:0,TestLogosPage
FNDA:0,(anonymous_2)
FNDA:0,(anonymous_3)
FNDA:0,(anonymous_4)
FNDA:0,(anonymous_5)
DA:3,0
DA:4,0
DA:5,0
DA:7,0
DA:12,0
DA:13,0
DA:14,0
DA:16,0
DA:17,0
DA:18,0
DA:21,0
DA:22,0
DA:70,0
DA:87,0
LF:14
LH:0
BRDA:74,0,0,0
BRF:1
BRH:0
end_of_record
TN:
SF:src/components/ChunkErrorBoundary.tsx
FN:16,(anonymous_1)
FN:21,(anonymous_2)
FN:26,(anonymous_3)
FN:33,(anonymous_4)
FN:39,(anonymous_5)
FN:50,(anonymous_6)
FNF:6
FNH:0
FNDA:0,(anonymous_1)
FNDA:0,(anonymous_2)
FNDA:0,(anonymous_3)
FNDA:0,(anonymous_4)
FNDA:0,(anonymous_5)
FNDA:0,(anonymous_6)
DA:3,0
DA:15,0
DA:17,0
DA:18,0
DA:23,0
DA:28,0
DA:31,0
DA:33,0
DA:34,0
DA:40,0
DA:50,0
DA:60,0
LF:12
LH:0
BRDA:31,0,0,0
BRDA:31,1,0,0
BRDA:31,1,1,0
BRDA:40,2,0,0
BRDA:42,3,0,0
BRF:5
BRH:0
end_of_record
TN:
SF:src/components/OptionsHistorySection.tsx
FN:28,OptionsHistorySection
FN:54,(anonymous_2)
FN:69,(anonymous_3)
FN:84,(anonymous_4)
FN:88,(anonymous_5)
FN:106,(anonymous_6)
FN:112,(anonymous_7)
FN:113,(anonymous_8)
FN:119,(anonymous_9)
FN:120,(anonymous_10)
FN:124,(anonymous_11)
FN:141,(anonymous_12)
FN:155,(anonymous_13)
FN:179,(anonymous_14)
FN:204,(anonymous_15)
FN:224,(anonymous_16)
FN:231,(anonymous_17)
FN:247,(anonymous_18)
FN:252,(anonymous_19)
FN:264,(anonymous_20)
FN:269,(anonymous_21)
FN:271,(anonymous_22)
FN:313,(anonymous_23)
FN:313,(anonymous_24)
FN:323,(anonymous_25)
FN:323,(anonymous_26)
FN:345,(anonymous_27)
FN:374,(anonymous_28)
FNF:28
FNH:14
FNDA:25,OptionsHistorySection
FNDA:10,(anonymous_2)
FNDA:0,(anonymous_3)
FNDA:10,(anonymous_4)
FNDA:1,(anonymous_5)
FNDA:0,(anonymous_6)
FNDA:0,(anonymous_7)
FNDA:0,(anonymous_8)
FNDA:1,(anonymous_9)
FNDA:1,(anonymous_10)
FNDA:26,(anonymous_11)
FNDA:40,(anonymous_12)
FNDA:0,(anonymous_13)
FNDA:0,(anonymous_14)
FNDA:4,(anonymous_15)
FNDA:1,(anonymous_16)
FNDA:0,(anonymous_17)
FNDA:1,(anonymous_18)
FNDA:0,(anonymous_19)
FNDA:0,(anonymous_20)
FNDA:0,(anonymous_21)
FNDA:0,(anonymous_22)
FNDA:0,(anonymous_23)
FNDA:0,(anonymous_24)
FNDA:1,(anonymous_25)
FNDA:1,(anonymous_26)
FNDA:12,(anonymous_27)
FNDA:0,(anonymous_28)
DA:3,1
DA:11,1
DA:16,1
DA:17,1
DA:28,8
DA:33,25
DA:34,25
DA:35,25
DA:36,25
DA:37,25
DA:38,25
DA:41,25
DA:42,25
DA:43,25
DA:46,25
DA:54,25
DA:55,10
DA:56,10
DA:57,10
DA:59,10
DA:69,0
DA:72,9
DA:73,9
DA:74,9
DA:77,1
DA:78,1
DA:80,10
DA:84,25
DA:85,10
DA:88,25
DA:89,1
DA:90,1
DA:91,1
DA:92,1
DA:94,1
DA:99,0
DA:100,0
DA:101,0
DA:102,0
DA:106,25
DA:107,0
DA:108,0
DA:109,0
DA:112,25
DA:113,0
DA:119,25
DA:120,1
DA:124,25
DA:125,26
DA:126,26
DA:127,26
DA:129,0
DA:133,25
DA:142,40
DA:149,17
DA:155,0
DA:170,16
DA:171,16
DA:173,16
DA:179,0
DA:204,4
DA:224,1
DA:231,0
DA:247,1
DA:252,0
DA:264,0
DA:270,0
DA:271,0
DA:272,0
DA:313,0
DA:323,1
DA:346,12
DA:374,0
LF:73
LH:53
BRDA:54,0,0,0
BRDA:63,1,0,10
BRDA:63,1,1,9
BRDA:64,2,0,10
BRDA:64,2,1,0
BRDA:65,3,0,10
BRDA:65,3,1,10
BRDA:73,4,0,9
BRDA:78,5,0,1
BRDA:78,5,1,0
BRDA:88,6,0,0
BRDA:94,7,0,0
BRDA:94,7,1,1
BRDA:100,8,0,0
BRDA:100,8,1,0
BRDA:125,9,0,0
BRDA:133,10,0,8
BRDA:133,11,0,25
BRDA:133,11,1,10
BRDA:149,12,0,1
BRDA:149,13,0,17
BRDA:149,13,1,1
BRDA:159,14,0,0
BRDA:159,14,1,1
BRDA:170,15,0,16
BRDA:170,15,1,0
BRDA:171,16,0,16
BRDA:171,16,1,0
BRDA:173,17,0,1
BRDA:173,18,0,16
BRDA:173,18,1,1
BRDA:189,19,0,1
BRDA:189,19,1,0
BRDA:211,20,0,9
BRDA:211,20,1,6
BRDA:228,21,0,1
BRDA:228,21,1,14
BRDA:241,22,0,15
BRDA:285,23,0,15
BRDA:294,24,0,15
BRDA:306,25,0,9
BRDA:314,26,0,3
BRDA:314,26,1,0
BRDA:324,27,0,3
BRDA:324,27,1,3
BRDA:334,28,0,9
BRDA:336,29,0,9
BRDA:336,29,1,0
BRDA:343,30,0,15
BRDA:343,30,1,6
BRDA:350,31,0,12
BRDA:350,31,1,0
BRDA:359,32,0,6
BRDA:359,32,1,6
BRDA:363,33,0,0
BRDA:363,33,1,12
BRDA:363,34,0,0
BRDA:363,34,1,12
BRDA:363,35,0,12
BRDA:363,35,1,0
BRDA:367,36,0,0
BRDA:367,36,1,12
BRDA:367,37,0,12
BRDA:367,37,1,0
BRDA:372,38,0,6
BRF:65
BRH:45
end_of_record
TN:
SF:src/components/RolledOptionsSection.tsx
FN:13,RolledOptionsSection
FN:25,(anonymous_2)
FN:31,(anonymous_3)
FN:59,(anonymous_4)
FN:69,(anonymous_5)
FN:78,(anonymous_6)
FN:82,(anonymous_7)
FN:83,(anonymous_8)
FN:133,(anonymous_9)
FN:140,(anonymous_10)
FN:163,(anonymous_11)
FN:211,(anonymous_12)
FN:226,(anonymous_13)
FN:239,(anonymous_14)
FN:243,(anonymous_15)
FN:252,(anonymous_16)
FN:263,(anonymous_17)
FN:293,(anonymous_18)
FN:296,(anonymous_19)
FN:364,(anonymous_20)
FN:385,(anonymous_21)
FN:406,(anonymous_22)
FN:500,(anonymous_23)
FN:507,(anonymous_24)
FN:517,(anonymous_25)
FN:524,(anonymous_26)
FNF:26
FNH:0
FNDA:0,RolledOptionsSection
FNDA:0,(anonymous_2)
FNDA:0,(anonymous_3)
FNDA:0,(anonymous_4)
FNDA:0,(anonymous_5)
FNDA:0,(anonymous_6)
FNDA:0,(anonymous_7)
FNDA:0,(anonymous_8)
FNDA:0,(anonymous_9)
FNDA:0,(anonymous_10)
FNDA:0,(anonymous_11)
FNDA:0,(anonymous_12)
FNDA:0,(anonymous_13)
FNDA:0,(anonymous_14)
FNDA:0,(anonymous_15)
FNDA:0,(anonymous_16)
FNDA:0,(anonymous_17)
FNDA:0,(anonymous_18)
FNDA:0,(anonymous_19)
FNDA:0,(anonymous_20)
FNDA:0,(anonymous_21)
FNDA:0,(anonymous_22)
FNDA:0,(anonymous_23)
FNDA:0,(anonymous_24)
FNDA:0,(anonymous_25)
FNDA:0,(anonymous_26)
DA:3,0
DA:4,0
DA:5,0
DA:6,0
DA:13,0
DA:14,0
DA:15,0
DA:16,0
DA:17,0
DA:18,0
DA:19,0
DA:20,0
DA:21,0
DA:22,0
DA:23,0
DA:25,0
DA:26,0
DA:28,0
DA:31,0
DA:32,0
DA:33,0
DA:35,0
DA:36,0
DA:41,0
DA:42,0
DA:44,0
DA:45,0
DA:46,0
DA:48,0
DA:49,0
DA:52,0
DA:53,0
DA:55,0
DA:59,0
DA:60,0
DA:61,0
DA:62,0
DA:64,0
DA:66,0
DA:69,0
DA:70,0
DA:71,0
DA:72,0
DA:73,0
DA:74,0
DA:78,0
DA:79,0
DA:82,0
DA:83,0
DA:86,0
DA:87,0
DA:110,0
DA:111,0
DA:133,0
DA:141,0
DA:142,0
DA:155,0
DA:156,0
DA:163,0
DA:211,0
DA:226,0
DA:239,0
DA:244,0
DA:252,0
DA:263,0
DA:294,0
DA:296,0
DA:365,0
DA:367,0
DA:368,0
DA:372,0
DA:373,0
DA:374,0
DA:375,0
DA:380,0
DA:385,0
DA:386,0
DA:387,0
DA:394,0
DA:395,0
DA:403,0
DA:406,0
DA:407,0
DA:410,0
DA:414,0
DA:500,0
DA:507,0
DA:517,0
DA:524,0
LF:89
LH:0
BRDA:31,0,0,0
BRDA:41,1,0,0
BRDA:42,2,0,0
BRDA:48,3,0,0
BRDA:53,4,0,0
BRDA:53,4,1,0
BRDA:61,5,0,0
BRDA:61,5,1,0
BRDA:70,6,0,0
BRDA:70,6,1,0
BRDA:70,6,2,0
BRDA:70,6,3,0
BRDA:82,7,0,0
BRDA:82,7,1,0
BRDA:86,8,0,0
BRDA:86,9,0,0
BRDA:86,9,1,0
BRDA:87,10,0,0
BRDA:87,10,1,0
BRDA:88,11,0,0
BRDA:88,11,1,0
BRDA:110,12,0,0
BRDA:111,13,0,0
BRDA:111,13,1,0
BRDA:119,14,0,0
BRDA:138,15,0,0
BRDA:155,16,0,0
BRDA:168,17,0,0
BRDA:168,17,1,0
BRDA:177,18,0,0
BRDA:187,19,0,0
BRDA:276,20,0,0
BRDA:285,21,0,0
BRDA:288,22,0,0
BRDA:288,22,1,0
BRDA:312,23,0,0
BRDA:312,23,1,0
BRDA:326,24,0,0
BRDA:326,24,1,0
BRDA:332,25,0,0
BRDA:332,25,1,0
BRDA:339,26,0,0
BRDA:339,26,1,0
BRDA:350,27,0,0
BRDA:357,28,0,0
BRDA:367,29,0,0
BRDA:368,30,0,0
BRDA:368,30,1,0
BRDA:368,30,2,0
BRDA:372,31,0,0
BRDA:372,31,1,0
BRDA:373,32,0,0
BRDA:373,32,1,0
BRDA:375,33,0,0
BRDA:375,33,1,0
BRDA:375,33,2,0
BRDA:375,33,3,0
BRDA:380,34,0,0
BRDA:380,34,1,0
BRDA:380,34,2,0
BRDA:386,35,0,0
BRDA:386,35,1,0
BRDA:394,36,0,0
BRDA:407,37,0,0
BRDA:407,37,1,0
BRDA:407,38,0,0
BRDA:407,38,1,0
BRDA:410,39,0,0
BRDA:410,39,1,0
BRDA:415,40,0,0
BRDA:415,40,1,0
BRDA:420,41,0,0
BRDA:420,41,1,0
BRDA:422,42,0,0
BRDA:427,43,0,0
BRDA:446,44,0,0
BRDA:446,44,1,0
BRDA:475,45,0,0
BRDA:475,45,1,0
BRDA:481,46,0,0
BRDA:481,46,1,0
BRDA:497,47,0,0
BRDA:497,47,1,0
BRDA:501,48,0,0
BRDA:501,48,1,0
BRDA:508,49,0,0
BRDA:508,49,1,0
BRDA:518,50,0,0
BRDA:518,50,1,0
BRDA:524,51,0,0
BRDA:524,51,1,0
BRDA:525,52,0,0
BRDA:525,52,1,0
BRDA:525,53,0,0
BRDA:525,53,1,0
BRF:95
BRH:0
end_of_record
TN:
SF:src/components/analysis/AnalysisFilters.tsx
FN:22,AnalysisFilters
FN:38,(anonymous_2)
FN:38,(anonymous_3)
FN:45,(anonymous_4)
FN:55,(anonymous_5)
FN:55,(anonymous_6)
FN:62,(anonymous_7)
FN:72,(anonymous_8)
FN:72,(anonymous_9)
FN:85,(anonymous_10)
FN:85,(anonymous_11)
FN:99,(anonymous_12)
FN:99,(anonymous_13)
FNF:13
FNH:0
FNDA:0,AnalysisFilters
FNDA:0,(anonymous_2)
FNDA:0,(anonymous_3)
FNDA:0,(anonymous_4)
FNDA:0,(anonymous_5)
FNDA:0,(anonymous_6)
FNDA:0,(anonymous_7)
FNDA:0,(anonymous_8)
FNDA:0,(anonymous_9)
FNDA:0,(anonymous_10)
FNDA:0,(anonymous_11)
FNDA:0,(anonymous_12)
FNDA:0,(anonymous_13)
DA:22,0
DA:38,0
DA:46,0
DA:55,0
DA:63,0
DA:72,0
DA:85,0
DA:99,0
LF:8
LH:0
BRDA:40,0,0,0
BRDA:40,0,1,0
BRDA:40,0,2,0
BRDA:43,1,0,0
BRDA:43,1,1,0
BRDA:43,2,0,0
BRDA:43,2,1,0
BRDA:57,3,0,0
BRDA:57,3,1,0
BRDA:57,3,2,0
BRDA:60,4,0,0
BRDA:60,4,1,0
BRDA:60,5,0,0
BRDA:60,5,1,0
BRF:14
BRH:0
end_of_record
TN:
SF:src/components/analysis/AnalysisTab.tsx
FN:24,AnalysisTab
FN:60,(anonymous_3)
FN:156,(anonymous_4)
FN:163,(anonymous_5)
FN:164,(anonymous_6)
FN:170,(anonymous_7)
FN:193,(anonymous_8)
FN:196,(anonymous_9)
FN:201,(anonymous_10)
FN:205,(anonymous_11)
FN:208,(anonymous_12)
FN:213,(anonymous_13)
FN:217,(anonymous_14)
FN:223,(anonymous_15)
FN:228,(anonymous_16)
FN:230,(anonymous_17)
FN:234,(anonymous_18)
FN:239,(anonymous_19)
FN:239,(anonymous_20)
FN:240,(anonymous_21)
FN:240,(anonymous_22)
FN:244,(anonymous_23)
FN:244,(anonymous_24)
FN:245,(anonymous_25)
FN:245,(anonymous_26)
FN:274,(anonymous_27)
FN:281,(anonymous_28)
FN:297,(anonymous_29)
FN:304,(anonymous_30)
FN:359,(anonymous_31)
FN:364,(anonymous_32)
FN:395,(anonymous_33)
FN:407,(anonymous_34)
FN:418,(anonymous_35)
FNF:34
FNH:0
FNDA:0,AnalysisTab
FNDA:0,(anonymous_3)
FNDA:0,(anonymous_4)
FNDA:0,(anonymous_5)
FNDA:0,(anonymous_6)
FNDA:0,(anonymous_7)
FNDA:0,(anonymous_8)
FNDA:0,(anonymous_9)
FNDA:0,(anonymous_10)
FNDA:0,(anonymous_11)
FNDA:0,(anonymous_12)
FNDA:0,(anonymous_13)
FNDA:0,(anonymous_14)
FNDA:0,(anonymous_15)
FNDA:0,(anonymous_16)
FNDA:0,(anonymous_17)
FNDA:0,(anonymous_18)
FNDA:0,(anonymous_19)
FNDA:0,(anonymous_20)
FNDA:0,(anonymous_21)
FNDA:0,(anonymous_22)
FNDA:0,(anonymous_23)
FNDA:0,(anonymous_24)
FNDA:0,(anonymous_25)
FNDA:0,(anonymous_26)
FNDA:0,(anonymous_27)
FNDA:0,(anonymous_28)
FNDA:0,(anonymous_29)
FNDA:0,(anonymous_30)
FNDA:0,(anonymous_31)
FNDA:0,(anonymous_32)
FNDA:0,(anonymous_33)
FNDA:0,(anonymous_34)
FNDA:0,(anonymous_35)
DA:3,0
DA:5,0
DA:6,0
DA:7,0
DA:8,0
DA:9,0
DA:24,0
DA:26,0
DA:27,0
DA:30,0
DA:31,0
DA:32,0
DA:33,0
DA:34,0
DA:37,0
DA:38,0
DA:41,0
DA:50,0
DA:51,0
DA:52,0
DA:53,0
DA:56,0
DA:57,0
DA:60,0
DA:61,0
DA:63,0
DA:64,0
DA:65,0
DA:67,0
DA:71,0
DA:74,0
DA:75,0
DA:76,0
DA:84,0
DA:85,0
DA:86,0
DA:90,0
DA:91,0
DA:92,0
DA:94,0
DA:95,0
DA:96,0
DA:100,0
DA:101,0
DA:102,0
DA:104,0
DA:105,0
DA:106,0
DA:110,0
DA:111,0
DA:112,0
DA:113,0
DA:121,0
DA:122,0
DA:123,0
DA:128,0
DA:129,0
DA:130,0
DA:131,0
DA:132,0
DA:135,0
DA:136,0
DA:138,0
DA:147,0
DA:148,0
DA:150,0
DA:151,0
DA:156,0
DA:157,0
DA:163,0
DA:164,0
DA:170,0
DA:171,0
DA:173,0
DA:175,0
DA:181,0
DA:183,0
DA:184,0
DA:185,0
DA:188,0
DA:193,0
DA:194,0
DA:196,0
DA:197,0
DA:198,0
DA:201,0
DA:205,0
DA:206,0
DA:208,0
DA:209,0
DA:210,0
DA:213,0
DA:217,0
DA:219,0
DA:223,0
DA:224,0
DA:228,0
DA:229,0
DA:230,0
DA:231,0
DA:234,0
DA:238,0
DA:239,0
DA:240,0
DA:243,0
DA:244,0
DA:245,0
DA:274,0
DA:281,0
DA:297,0
DA:304,0
DA:360,0
DA:364,0
DA:395,0
DA:407,0
DA:418,0
LF:116
LH:0
BRDA:60,0,0,0
BRDA:64,1,0,0
BRDA:64,1,1,0
BRDA:78,2,0,0
BRDA:78,2,1,0
BRDA:79,3,0,0
BRDA:79,3,1,0
BRDA:79,4,0,0
BRDA:79,4,1,0
BRDA:80,5,0,0
BRDA:80,5,1,0
BRDA:80,6,0,0
BRDA:80,6,1,0
BRDA:81,7,0,0
BRDA:81,7,1,0
BRDA:81,8,0,0
BRDA:81,8,1,0
BRDA:111,9,0,0
BRDA:111,10,0,0
BRDA:111,10,1,0
BRDA:111,10,2,0
BRDA:111,10,3,0
BRDA:114,11,0,0
BRDA:114,11,1,0
BRDA:115,12,0,0
BRDA:115,12,1,0
BRDA:116,13,0,0
BRDA:116,13,1,0
BRDA:163,14,0,0
BRDA:163,14,1,0
BRDA:164,15,0,0
BRDA:164,15,1,0
BRDA:171,16,0,0
BRDA:171,17,0,0
BRDA:171,17,1,0
BRDA:171,17,2,0
BRDA:183,18,0,0
BRDA:183,19,0,0
BRDA:183,19,1,0
BRDA:194,20,0,0
BRDA:194,21,0,0
BRDA:194,21,1,0
BRDA:194,21,2,0
BRDA:206,22,0,0
BRDA:206,23,0,0
BRDA:206,23,1,0
BRDA:206,23,2,0
BRDA:229,24,0,0
BRDA:254,25,0,0
BRDA:260,26,0,0
BRDA:319,27,0,0
BRDA:319,27,1,0
BRDA:320,28,0,0
BRDA:328,29,0,0
BRDA:355,30,0,0
BRDA:368,31,0,0
BRDA:368,31,1,0
BRDA:374,32,0,0
BRDA:380,33,0,0
BRDA:380,33,1,0
BRDA:380,34,0,0
BRDA:380,34,1,0
BRDA:381,35,0,0
BRDA:381,35,1,0
BRDA:381,36,0,0
BRDA:381,36,1,0
BRDA:383,37,0,0
BRDA:383,37,1,0
BRF:68
BRH:0
end_of_record
TN:
SF:src/components/analysis/FilteredPositionsSection.tsx
FN:22,FilteredPositionsSection
FN:60,(anonymous_2)
FN:76,(anonymous_3)
FN:106,(anonymous_4)
FNF:4
FNH:0
FNDA:0,FilteredPositionsSection
FNDA:0,(anonymous_2)
FNDA:0,(anonymous_3)
FNDA:0,(anonymous_4)
DA:2,0
DA:22,0
DA:60,0
DA:77,0
DA:106,0
LF:5
LH:0
BRDA:37,0,0,0
BRDA:41,1,0,0
BRDA:40,2,0,0
BRDA:40,2,1,0
BRDA:40,2,2,0
BRDA:41,3,0,0
BRDA:41,3,1,0
BRDA:52,4,0,0
BRDA:52,4,1,0
BRDA:64,5,0,0
BRDA:64,5,1,0
BRDA:67,6,0,0
BRDA:67,6,1,0
BRDA:76,7,0,0
BRDA:76,7,1,0
BRDA:87,8,0,0
BRDA:87,8,1,0
BRDA:98,9,0,0
BRDA:98,9,1,0
BRDA:104,10,0,0
BRDA:104,10,1,0
BRF:21
BRH:0
end_of_record
TN:
SF:src/components/analysis/TickerPerformanceSection.tsx
FN:13,TickerPerformanceSection
FN:53,(anonymous_2)
FNF:2
FNH:0
FNDA:0,TickerPerformanceSection
FNDA:0,(anonymous_2)
DA:13,0
DA:54,0
LF:2
LH:0
BRDA:26,0,0,0
BRDA:30,1,0,0
BRDA:41,2,0,0
BRDA:47,3,0,0
BRDA:62,4,0,0
BRDA:62,4,1,0
BRDA:71,5,0,0
BRF:7
BRH:0
end_of_record
TN:
SF:src/components/analysis/TradingHistorySection.tsx
FN:15,TradingHistorySection
FN:28,(anonymous_2)
FN:67,(anonymous_3)
FN:77,(anonymous_4)
FNF:4
FNH:0
FNDA:0,TradingHistorySection
FNDA:0,(anonymous_2)
FNDA:0,(anonymous_3)
FNDA:0,(anonymous_4)
DA:2,0
DA:15,0
DA:28,0
DA:68,0
DA:78,0
LF:5
LH:0
BRDA:35,0,0,0
BRDA:39,1,0,0
BRDA:39,1,1,0
BRDA:42,2,0,0
BRDA:42,2,1,0
BRDA:52,3,0,0
BRDA:54,4,0,0
BRDA:54,4,1,0
BRDA:65,5,0,0
BRDA:65,5,1,0
BRDA:71,6,0,0
BRDA:71,6,1,0
BRDA:83,7,0,0
BRDA:83,7,1,0
BRDA:83,7,2,0
BRDA:89,8,0,0
BRDA:89,8,1,0
BRDA:90,9,0,0
BRDA:90,9,1,0
BRDA:93,10,0,0
BRDA:93,10,1,0
BRDA:95,11,0,0
BRDA:102,12,0,0
BRDA:102,12,1,0
BRDA:102,13,0,0
BRDA:102,13,1,0
BRDA:102,14,0,0
BRDA:102,14,1,0
BRDA:102,15,0,0
BRDA:102,15,1,0
BRDA:105,16,0,0
BRDA:105,16,1,0
BRDA:105,17,0,0
BRDA:105,17,1,0
BRDA:106,18,0,0
BRDA:106,18,1,0
BRDA:109,19,0,0
BRDA:109,19,1,0
BRDA:109,20,0,0
BRDA:109,20,1,0
BRDA:114,21,0,0
BRDA:114,21,1,0
BRDA:114,21,2,0
BRDA:117,22,0,0
BRDA:117,22,1,0
BRDA:117,22,2,0
BRDA:119,23,0,0
BRDA:119,23,1,0
BRF:48
BRH:0
end_of_record
TN:
SF:src/components/breakdown/BreakdownComponents.tsx
FN:16,BreakdownComponents
FN:34,(anonymous_2)
FN:39,(anonymous_3)
FN:121,(anonymous_4)
FNF:4
FNH:0
FNDA:0,BreakdownComponents
FNDA:0,(anonymous_2)
FNDA:0,(anonymous_3)
FNDA:0,(anonymous_4)
DA:4,0
DA:6,0
DA:16,0
DA:24,0
DA:35,0
DA:39,0
DA:122,0
LF:7
LH:0
BRDA:24,0,0,0
BRDA:45,1,0,0
BRDA:52,2,0,0
BRDA:52,2,1,0
BRDA:71,3,0,0
BRDA:74,4,0,0
BRDA:74,4,1,0
BRDA:77,5,0,0
BRDA:92,6,0,0
BRDA:104,7,0,0
BRDA:108,8,0,0
BRDA:137,9,0,0
BRDA:147,10,0,0
BRDA:155,11,0,0
BRDA:167,12,0,0
BRDA:167,12,1,0
BRF:16
BRH:0
end_of_record
TN:
SF:src/components/breakdown/BreakdownModal.tsx
FN:26,BreakdownModal
FN:44,(anonymous_2)
FN:50,(anonymous_3)
FN:88,(anonymous_4)
FN:95,(anonymous_5)
FN:103,(anonymous_6)
FN:113,(anonymous_7)
FN:118,(anonymous_8)
FN:162,(anonymous_9)
FN:176,(anonymous_10)
FN:186,(anonymous_11)
FN:196,(anonymous_12)
FN:210,(anonymous_13)
FN:295,(anonymous_14)
FN:310,(anonymous_15)
FN:314,(anonymous_16)
FN:356,(anonymous_17)
FNF:17
FNH:0
FNDA:0,BreakdownModal
FNDA:0,(anonymous_2)
FNDA:0,(anonymous_3)
FNDA:0,(anonymous_4)
FNDA:0,(anonymous_5)
FNDA:0,(anonymous_6)
FNDA:0,(anonymous_7)
FNDA:0,(anonymous_8)
FNDA:0,(anonymous_9)
FNDA:0,(anonymous_10)
FNDA:0,(anonymous_11)
FNDA:0,(anonymous_12)
FNDA:0,(anonymous_13)
FNDA:0,(anonymous_14)
FNDA:0,(anonymous_15)
FNDA:0,(anonymous_16)
FNDA:0,(anonymous_17)
DA:3,0
DA:4,0
DA:5,0
DA:15,0
DA:26,0
DA:34,0
DA:35,0
DA:36,0
DA:37,0
DA:38,0
DA:39,0
DA:40,0
DA:41,0
DA:42,0
DA:44,0
DA:45,0
DA:46,0
DA:50,0
DA:51,0
DA:52,0
DA:54,0
DA:55,0
DA:66,0
DA:67,0
DA:68,0
DA:69,0
DA:70,0
DA:73,0
DA:74,0
DA:76,0
DA:79,0
DA:81,0
DA:82,0
DA:84,0
DA:88,0
DA:89,0
DA:95,0
DA:96,0
DA:103,0
DA:104,0
DA:105,0
DA:106,0
DA:108,0
DA:110,0
DA:113,0
DA:114,0
DA:118,0
DA:119,0
DA:120,0
DA:122,0
DA:123,0
DA:127,0
DA:162,0
DA:176,0
DA:186,0
DA:196,0
DA:210,0
DA:296,0
DA:311,0
DA:314,0
DA:357,0
LF:61
LH:0
BRDA:31,0,0,0
BRDA:32,1,0,0
BRDA:45,2,0,0
BRDA:61,3,0,0
BRDA:61,3,1,0
BRDA:66,4,0,0
BRDA:66,4,1,0
BRDA:68,5,0,0
BRDA:68,5,1,0
BRDA:70,6,0,0
BRDA:70,6,1,0
BRDA:70,7,0,0
BRDA:70,7,1,0
BRDA:70,7,2,0
BRDA:70,7,3,0
BRDA:70,7,4,0
BRDA:82,8,0,0
BRDA:82,8,1,0
BRDA:105,9,0,0
BRDA:105,9,1,0
BRDA:119,10,0,0
BRDA:119,10,1,0
BRDA:127,11,0,0
BRDA:138,12,0,0
BRDA:178,13,0,0
BRDA:178,13,1,0
BRDA:183,14,0,0
BRDA:183,14,1,0
BRDA:183,15,0,0
BRDA:183,15,1,0
BRDA:188,16,0,0
BRDA:188,16,1,0
BRDA:193,17,0,0
BRDA:193,17,1,0
BRDA:193,18,0,0
BRDA:193,18,1,0
BRDA:198,19,0,0
BRDA:198,19,1,0
BRDA:203,20,0,0
BRDA:203,20,1,0
BRDA:203,21,0,0
BRDA:203,21,1,0
BRDA:221,22,0,0
BRDA:221,22,1,0
BRDA:229,23,0,0
BRDA:242,24,0,0
BRDA:254,25,0,0
BRDA:254,25,1,0
BRDA:276,26,0,0
BRDA:276,26,1,0
BRDA:319,27,0,0
BRDA:336,28,0,0
BRDA:337,29,0,0
BRDA:337,29,1,0
BRDA:339,30,0,0
BRDA:352,31,0,0
BRDA:380,32,0,0
BRDA:380,32,1,0
BRF:58
BRH:0
end_of_record
TN:
SF:src/components/breakdown/InteractiveMetricCard.tsx
FN:16,InteractiveMetricCard
FN:28,(anonymous_2)
FN:34,(anonymous_3)
FN:60,(anonymous_4)
FNF:4
FNH:0
FNDA:0,InteractiveMetricCard
FNDA:0,(anonymous_2)
FNDA:0,(anonymous_3)
FNDA:0,(anonymous_4)
DA:3,0
DA:16,0
DA:26,0
DA:28,0
DA:29,0
DA:30,0
DA:34,0
DA:35,0
DA:36,0
DA:38,0
DA:41,0
DA:61,0
DA:62,0
DA:63,0
LF:14
LH:0
BRDA:23,0,0,0
BRDA:24,1,0,0
BRDA:29,2,0,0
BRDA:35,3,0,0
BRDA:35,4,0,0
BRDA:35,4,1,0
BRDA:38,5,0,0
BRDA:38,5,1,0
BRDA:41,6,0,0
BRDA:47,7,0,0
BRDA:61,8,0,0
BRDA:61,9,0,0
BRDA:61,9,1,0
BRDA:87,10,0,0
BRF:14
BRH:0
end_of_record
TN:
SF:src/components/options/ConnectionStatus.tsx
FN:12,ConnectionStatus
FN:19,(anonymous_2)
FN:20,(anonymous_3)
FN:25,(anonymous_4)
FN:30,(anonymous_5)
FN:69,(anonymous_6)
FN:76,(anonymous_7)
FN:97,(anonymous_8)
FNF:8
FNH:0
FNDA:0,ConnectionStatus
FNDA:0,(anonymous_2)
FNDA:0,(anonymous_3)
FNDA:0,(anonymous_4)
FNDA:0,(anonymous_5)
FNDA:0,(anonymous_6)
FNDA:0,(anonymous_7)
FNDA:0,(anonymous_8)
DA:3,1
DA:12,0
DA:16,0
DA:17,0
DA:19,0
DA:20,0
DA:21,0
DA:22,0
DA:25,0
DA:26,0
DA:30,0
DA:31,0
DA:32,0
DA:33,0
DA:36,0
DA:37,0
DA:38,0
DA:42,0
DA:44,0
DA:45,0
DA:46,0
DA:48,0
DA:50,0
DA:52,0
DA:55,0
DA:60,0
DA:63,0
DA:64,0
DA:67,0
DA:69,0
DA:70,0
DA:71,0
DA:72,0
DA:76,0
DA:77,0
DA:79,0
DA:80,0
DA:81,0
DA:82,0
DA:83,0
DA:84,0
DA:86,0
DA:89,0
DA:93,0
DA:97,0
DA:98,0
DA:100,0
DA:114,0
DA:128,0
DA:140,0
DA:144,0
DA:145,0
LF:52
LH:1
BRDA:14,0,0,0
BRDA:31,1,0,0
BRDA:44,2,0,0
BRDA:44,2,1,0
BRDA:45,3,0,0
BRDA:45,3,1,0
BRDA:81,4,0,0
BRDA:81,4,1,0
BRDA:93,5,0,0
BRDA:98,6,0,0
BRDA:98,6,1,0
BRDA:98,6,2,0
BRDA:98,6,3,0
BRDA:145,7,0,0
BRDA:167,8,0,0
BRDA:177,9,0,0
BRDA:177,9,1,0
BRF:17
BRH:0
end_of_record
TN:
SF:src/components/options/ErrorBoundary.tsx
FN:48,(anonymous_3)
FN:70,(anonymous_4)
FN:95,(anonymous_5)
FN:75,(anonymous_6)
FN:82,(anonymous_7)
FN:99,(anonymous_8)
FNF:6
FNH:0
FNDA:0,(anonymous_3)
FNDA:0,(anonymous_4)
FNDA:0,(anonymous_5)
FNDA:0,(anonymous_6)
FNDA:0,(anonymous_7)
FNDA:0,(anonymous_8)
DA:3,1
DA:48,0
DA:71,0
DA:72,0
DA:76,0
DA:83,0
DA:89,0
DA:90,0
DA:95,0
DA:96,0
DA:100,0
DA:101,0
DA:112,0
DA:116,1
LF:14
LH:2
BRDA:38,0,0,0
BRDA:38,0,1,0
BRDA:54,1,0,0
BRDA:54,1,1,0
BRDA:89,2,0,0
BRDA:100,3,0,0
BRDA:101,4,0,0
BRDA:101,4,1,0
BRF:8
BRH:0
end_of_record
TN:
SF:src/components/options/NewUserOnboarding.tsx
FN:13,NewUserOnboarding
FN:21,(anonymous_3)
FN:35,(anonymous_4)
FN:39,(anonymous_5)
FN:44,(anonymous_6)
FNF:5
FNH:0
FNDA:0,NewUserOnboarding
FNDA:0,(anonymous_3)
FNDA:0,(anonymous_4)
FNDA:0,(anonymous_5)
FNDA:0,(anonymous_6)
DA:3,1
DA:4,1
DA:5,1
DA:13,0
DA:18,0
DA:19,0
DA:21,0
DA:22,0
DA:23,0
DA:24,0
DA:27,0
DA:30,0
DA:35,0
DA:36,0
DA:39,0
DA:40,0
DA:44,0
DA:45,0
DA:46,0
DA:48,0
DA:52,0
LF:21
LH:3
BRDA:45,0,0,0
BRDA:45,0,1,0
BRDA:52,1,0,0
BRDA:57,2,0,0
BRDA:103,3,0,0
BRDA:133,4,0,0
BRF:6
BRH:0
end_of_record
TN:
SF:src/components/options/OptionsOrderLegs.tsx
FN:10,OptionsOrderLegs
FN:63,(anonymous_2)
FNF:2
FNH:1
FNDA:1,OptionsOrderLegs
FNDA:0,(anonymous_2)
DA:10,1
DA:64,0
LF:2
LH:1
BRDA:26,0,0,1
BRDA:26,0,1,0
BRDA:30,1,0,1
BRDA:30,1,1,1
BRDA:35,2,0,1
BRDA:35,2,1,0
BRDA:35,2,2,0
BRDA:37,3,0,1
BRDA:43,4,0,1
BRDA:49,5,0,1
BRDA:59,6,0,1
BRDA:59,6,1,1
BRDA:71,7,0,0
BRDA:71,7,1,0
BRDA:78,8,0,0
BRDA:78,8,1,0
BRDA:102,9,0,1
BRDA:102,9,1,1
BRDA:102,9,2,1
BRDA:130,10,0,1
BRDA:130,10,1,0
BRDA:136,11,0,1
BRDA:136,11,1,0
BRDA:142,12,0,0
BRDA:142,12,1,1
BRF:25
BRH:15
end_of_record
TN:
SF:src/components/options/OptionsOrderRow.tsx
FN:15,OptionsOrderRow
FNF:1
FNH:1
FNDA:23,OptionsOrderRow
DA:4,2
DA:5,2
DA:15,23
LF:3
LH:3
BRDA:32,0,0,23
BRDA:32,0,1,1
BRDA:38,1,0,23
BRDA:38,1,1,0
BRDA:49,2,0,23
BRDA:49,2,1,0
BRDA:50,3,0,23
BRDA:50,3,1,23
BRDA:53,4,0,8
BRDA:53,4,1,15
BRDA:59,5,0,1
BRDA:59,5,1,22
BRDA:59,6,0,1
BRDA:59,6,1,22
BRDA:59,7,0,23
BRDA:59,7,1,0
BRDA:63,8,0,1
BRDA:63,8,1,22
BRDA:63,9,0,23
BRDA:63,9,1,0
BRDA:66,10,0,23
BRDA:66,10,1,0
BRDA:66,11,0,23
BRDA:66,11,1,23
BRDA:72,12,0,1
BRDA:72,12,1,22
BRDA:83,13,0,23
BRF:27
BRH:22
end_of_record
TN:
SF:src/components/options/OptionsOrdersList.tsx
FN:16,OptionsOrdersList
FN:27,(anonymous_3)
FN:47,(anonymous_4)
FN:52,(anonymous_5)
FNF:4
FNH:3
FNDA:9,OptionsOrdersList
FNDA:10,(anonymous_3)
FNDA:14,(anonymous_4)
FNDA:0,(anonymous_5)
DA:5,1
DA:16,9
DA:24,9
DA:28,10
DA:34,7
DA:48,14
DA:52,0
LF:7
LH:6
BRDA:18,0,0,0
BRDA:24,1,0,2
BRDA:34,2,0,0
BRDA:51,3,0,14
BRDA:51,3,1,14
BRF:5
BRH:3
end_of_record
TN:
SF:src/components/options/SyncProgressIndicator.tsx
FN:22,SyncProgressIndicator
FN:31,(anonymous_2)
FN:41,(anonymous_3)
FN:56,(anonymous_4)
FN:76,(anonymous_5)
FNF:5
FNH:3
FNDA:2,SyncProgressIndicator
FNDA:1,(anonymous_2)
FNDA:0,(anonymous_3)
FNDA:0,(anonymous_4)
FNDA:1,(anonymous_5)
DA:3,1
DA:22,1
DA:27,2
DA:28,2
DA:31,2
DA:32,1
DA:33,0
DA:34,0
DA:35,0
DA:38,1
DA:39,1
DA:41,1
DA:44,0
DA:45,0
DA:46,0
DA:53,0
DA:56,0
DA:57,0
DA:58,0
DA:61,0
DA:64,0
DA:76,1
DA:79,2
DA:81,0
DA:82,0
LF:25
LH:11
BRDA:25,0,0,0
BRDA:32,1,0,0
BRDA:44,2,0,0
BRDA:79,3,0,2
BRDA:79,4,0,2
BRDA:79,4,1,2
BRDA:89,5,0,0
BRDA:98,6,0,0
BRDA:98,6,1,0
BRDA:110,7,0,0
BRDA:110,7,1,0
BRDA:117,8,0,0
BRDA:125,9,0,0
BRDA:125,9,1,0
BRDA:130,10,0,0
BRDA:135,11,0,0
BRDA:141,12,0,0
BRF:17
BRH:3
end_of_record
TN:
SF:src/components/options/SyncStatusIndicator.tsx
FN:11,SyncStatusIndicator
FN:18,(anonymous_2)
FN:34,(anonymous_3)
FN:38,(anonymous_4)
FN:52,(anonymous_5)
FNF:5
FNH:5
FNDA:20,SyncStatusIndicator
FNDA:6,(anonymous_2)
FNDA:6,(anonymous_3)
FNDA:6,(anonymous_4)
FNDA:14,(anonymous_5)
DA:3,1
DA:4,1
DA:11,15
DA:15,20
DA:16,20
DA:18,20
DA:19,6
DA:20,6
DA:21,6
DA:24,6
DA:25,0
DA:28,0
DA:30,6
DA:34,20
DA:35,6
DA:37,6
DA:38,6
DA:41,20
DA:50,14
DA:52,14
DA:53,14
DA:55,14
DA:61,0
DA:67,0
DA:75,14
LF:25
LH:21
BRDA:13,0,0,20
BRDA:24,1,0,0
BRDA:24,2,0,6
BRDA:24,2,1,0
BRDA:41,3,0,6
BRDA:50,4,0,0
BRDA:53,5,0,14
BRDA:53,5,1,0
BRDA:53,5,2,0
BRDA:84,6,0,14
BRF:10
BRH:5
end_of_record
TN:
SF:src/components/options/VirtualizedOrdersList.tsx
FN:32,(anonymous_2)
FN:44,(anonymous_3)
FN:55,VirtualizedOrdersList
FN:65,(anonymous_5)
FN:80,(anonymous_6)
FNF:5
FNH:0
FNDA:0,(anonymous_2)
FNDA:0,(anonymous_3)
FNDA:0,VirtualizedOrdersList
FNDA:0,(anonymous_5)
FNDA:0,(anonymous_6)
DA:3,1
DA:4,1
DA:7,1
DA:32,1
DA:33,0
DA:34,0
DA:36,0
DA:44,0
DA:53,1
DA:55,0
DA:65,0
DA:66,0
DA:67,0
DA:69,0
DA:70,0
DA:72,0
DA:73,0
DA:74,0
DA:77,0
DA:80,0
DA:88,0
LF:21
LH:5
BRDA:36,0,0,0
BRDA:43,1,0,0
BRDA:43,1,1,0
BRDA:58,2,0,0
BRDA:67,3,0,0
BRDA:70,4,0,0
BRDA:73,5,0,0
BRDA:73,5,1,0
BRDA:88,6,0,0
BRF:9
BRH:0
end_of_record
TN:
SF:src/components/pnl/PnLSummaryCards.tsx
FN:15,(anonymous_2)
FN:25,(anonymous_3)
FN:37,(anonymous_4)
FN:41,(anonymous_5)
FN:47,(anonymous_6)
FNF:5
FNH:0
FNDA:0,(anonymous_2)
FNDA:0,(anonymous_3)
FNDA:0,(anonymous_4)
FNDA:0,(anonymous_5)
FNDA:0,(anonymous_6)
DA:1,0
DA:2,0
DA:15,0
DA:25,0
DA:26,0
DA:27,0
DA:34,0
DA:37,0
DA:38,0
DA:41,0
DA:42,0
DA:43,0
DA:44,0
DA:47,0
LF:14
LH:0
BRDA:21,0,0,0
BRDA:22,1,0,0
BRDA:23,2,0,0
BRDA:34,3,0,0
BRDA:34,3,1,0
BRDA:42,4,0,0
BRDA:43,5,0,0
BRDA:63,6,0,0
BRDA:63,6,1,0
BRDA:68,7,0,0
BRDA:68,7,1,0
BRF:11
BRH:0
end_of_record
TN:
SF:src/components/pnl/SymbolPnLTable.tsx
FN:25,(anonymous_2)
FN:32,(anonymous_3)
FN:44,(anonymous_4)
FN:48,(anonymous_5)
FN:54,(anonymous_6)
FN:60,(anonymous_7)
FN:73,(anonymous_9)
FN:107,(anonymous_10)
FN:114,(anonymous_11)
FNF:9
FNH:0
FNDA:0,(anonymous_2)
FNDA:0,(anonymous_3)
FNDA:0,(anonymous_4)
FNDA:0,(anonymous_5)
FNDA:0,(anonymous_6)
FNDA:0,(anonymous_7)
FNDA:0,(anonymous_9)
FNDA:0,(anonymous_10)
FNDA:0,(anonymous_11)
DA:1,0
DA:2,0
DA:3,0
DA:25,0
DA:32,0
DA:33,0
DA:34,0
DA:41,0
DA:44,0
DA:45,0
DA:48,0
DA:49,0
DA:50,0
DA:51,0
DA:54,0
DA:57,0
DA:60,0
DA:61,0
DA:73,0
DA:81,0
DA:108,0
DA:114,0
LF:22
LH:0
BRDA:41,0,0,0
BRDA:41,0,1,0
BRDA:49,1,0,0
BRDA:50,2,0,0
BRDA:61,3,0,0
BRDA:65,4,0,0
BRDA:81,5,0,0
BRDA:81,6,0,0
BRDA:81,6,1,0
BRDA:112,7,0,0
BRDA:112,7,1,0
BRDA:141,8,0,0
BRDA:141,8,1,0
BRF:13
BRH:0
end_of_record
TN:
SF:src/components/pnl/TradeDetailsModal.tsx
FN:29,(anonymous_4)
FN:38,(anonymous_5)
FN:50,(anonymous_6)
FN:59,(anonymous_7)
FN:64,(anonymous_8)
FN:70,(anonymous_9)
FN:76,(anonymous_10)
FN:90,(anonymous_11)
FN:96,(anonymous_12)
FN:114,(anonymous_13)
FN:115,(anonymous_14)
FN:116,(anonymous_15)
FN:117,(anonymous_16)
FN:118,(anonymous_17)
FN:121,(anonymous_18)
FN:130,(anonymous_19)
FN:146,(anonymous_20)
FN:225,(anonymous_21)
FN:228,(anonymous_22)
FN:237,(anonymous_23)
FN:247,(anonymous_24)
FN:272,(anonymous_25)
FNF:22
FNH:0
FNDA:0,(anonymous_4)
FNDA:0,(anonymous_5)
FNDA:0,(anonymous_6)
FNDA:0,(anonymous_7)
FNDA:0,(anonymous_8)
FNDA:0,(anonymous_9)
FNDA:0,(anonymous_10)
FNDA:0,(anonymous_11)
FNDA:0,(anonymous_12)
FNDA:0,(anonymous_13)
FNDA:0,(anonymous_14)
FNDA:0,(anonymous_15)
FNDA:0,(anonymous_16)
FNDA:0,(anonymous_17)
FNDA:0,(anonymous_18)
FNDA:0,(anonymous_19)
FNDA:0,(anonymous_20)
FNDA:0,(anonymous_21)
FNDA:0,(anonymous_22)
FNDA:0,(anonymous_23)
FNDA:0,(anonymous_24)
FNDA:0,(anonymous_25)
DA:1,0
DA:2,0
DA:3,0
DA:29,0
DA:35,0
DA:36,0
DA:38,0
DA:39,0
DA:40,0
DA:47,0
DA:50,0
DA:51,0
DA:52,0
DA:53,0
DA:55,0
DA:59,0
DA:60,0
DA:61,0
DA:64,0
DA:65,0
DA:66,0
DA:67,0
DA:70,0
DA:73,0
DA:76,0
DA:77,0
DA:78,0
DA:90,0
DA:91,0
DA:92,0
DA:96,0
DA:97,0
DA:99,0
DA:100,0
DA:101,0
DA:103,0
DA:105,0
DA:107,0
DA:112,0
DA:114,0
DA:115,0
DA:116,0
DA:117,0
DA:118,0
DA:121,0
DA:122,0
DA:128,0
DA:130,0
DA:146,0
DA:149,0
DA:150,0
DA:151,0
DA:152,0
DA:153,0
DA:154,0
DA:155,0
DA:156,0
DA:157,0
DA:160,0
DA:226,0
DA:228,0
DA:237,0
DA:247,0
DA:273,0
LF:64
LH:0
BRDA:47,0,0,0
BRDA:47,0,1,0
BRDA:51,1,0,0
BRDA:60,2,0,0
BRDA:60,3,0,0
BRDA:60,3,1,0
BRDA:65,4,0,0
BRDA:66,5,0,0
BRDA:78,6,0,0
BRDA:78,6,1,0
BRDA:91,7,0,0
BRDA:97,8,0,0
BRDA:97,8,1,0
BRDA:97,8,2,0
BRDA:97,8,3,0
BRDA:99,9,0,0
BRDA:99,9,1,0
BRDA:99,9,2,0
BRDA:100,10,0,0
BRDA:100,10,1,0
BRDA:100,10,2,0
BRDA:117,11,0,0
BRDA:117,11,1,0
BRDA:118,12,0,0
BRDA:118,12,1,0
BRDA:134,13,0,0
BRDA:134,13,1,0
BRDA:135,14,0,0
BRDA:135,14,1,0
BRDA:137,15,0,0
BRDA:137,15,1,0
BRDA:141,16,0,0
BRDA:141,16,1,0
BRDA:143,17,0,0
BRDA:143,17,1,0
BRDA:144,18,0,0
BRDA:144,18,1,0
BRDA:160,19,0,0
BRDA:202,20,0,0
BRDA:202,20,1,0
BRDA:209,21,0,0
BRDA:209,21,1,0
BRDA:216,22,0,0
BRDA:216,22,1,0
BRDA:230,23,0,0
BRDA:230,23,1,0
BRDA:236,24,0,0
BRDA:236,24,1,0
BRDA:292,25,0,0
BRDA:297,26,0,0
BRDA:313,27,0,0
BRDA:326,28,0,0
BRDA:341,29,0,0
BRF:53
BRH:0
end_of_record
TN:
SF:src/components/pnl/YearlyPnLChart.tsx
FN:29,(anonymous_2)
FN:34,(anonymous_3)
FN:43,(anonymous_4)
FN:47,(anonymous_5)
FN:75,(anonymous_6)
FN:82,(anonymous_7)
FNF:6
FNH:0
FNDA:0,(anonymous_2)
FNDA:0,(anonymous_3)
FNDA:0,(anonymous_4)
FNDA:0,(anonymous_5)
FNDA:0,(anonymous_6)
FNDA:0,(anonymous_7)
DA:1,0
DA:12,0
DA:29,0
DA:34,0
DA:35,0
DA:43,0
DA:44,0
DA:47,0
DA:48,0
DA:49,0
DA:72,0
DA:75,0
DA:76,0
DA:77,0
DA:82,0
DA:92,0
LF:16
LH:0
BRDA:48,0,0,0
BRDA:48,1,0,0
BRDA:48,1,1,0
BRDA:48,1,2,0
BRDA:76,2,0,0
BRDA:76,3,0,0
BRDA:76,3,1,0
BRDA:85,4,0,0
BRDA:85,4,1,0
BRDA:86,5,0,0
BRDA:86,5,1,0
BRDA:87,6,0,0
BRDA:87,6,1,0
BRDA:89,7,0,0
BRDA:89,7,1,0
BRDA:92,8,0,0
BRDA:92,9,0,0
BRDA:92,9,1,0
BRDA:176,10,0,0
BRF:19
BRH:0
end_of_record
TN:
SF:src/components/ui/ChainSummary.tsx
FN:21,ChainSummary
FNF:1
FNH:0
FNDA:0,ChainSummary
DA:3,0
DA:21,0
LF:2
LH:0
BRDA:21,0,0,0
BRDA:38,1,0,0
BRDA:38,1,1,0
BRDA:44,2,0,0
BRDA:44,2,1,0
BRF:5
BRH:0
end_of_record
TN:
SF:src/components/ui/SummaryCard.tsx
FN:12,SummaryCard
FNF:1
FNH:0
FNDA:0,SummaryCard
DA:12,0
DA:20,0
DA:26,0
LF:3
LH:0
BRDA:16,0,0,0
BRDA:17,1,0,0
BRDA:18,2,0,0
BRDA:26,3,0,0
BRDA:26,3,1,0
BRDA:33,4,0,0
BRDA:33,4,1,0
BRDA:36,5,0,0
BRF:8
BRH:0
end_of_record
TN:
SF:src/components/ui/SymbolLogo.tsx
FN:25,SymbolLogo
FN:55,(anonymous_2)
FN:63,(anonymous_3)
FN:69,(anonymous_4)
FN:76,(anonymous_5)
FNF:5
FNH:3
FNDA:37,SymbolLogo
FNDA:36,(anonymous_2)
FNDA:0,(anonymous_3)
FNDA:0,(anonymous_4)
FNDA:28,(anonymous_5)
DA:3,2
DA:4,2
DA:13,2
DA:19,2
DA:25,35
DA:31,37
DA:32,37
DA:35,37
DA:55,36
DA:56,36
DA:57,36
DA:58,36
DA:61,36
DA:63,36
DA:64,0
DA:65,0
DA:66,0
DA:69,36
DA:70,0
DA:71,0
DA:72,0
DA:76,36
DA:77,28
DA:78,28
DA:81,36
LF:25
LH:19
BRDA:27,0,0,0
BRDA:28,1,0,0
BRDA:35,2,0,1
BRDA:35,3,0,37
BRDA:35,3,1,36
BRDA:45,4,0,1
BRDA:81,5,0,0
BRDA:91,6,0,0
BRDA:108,7,0,0
BRDA:108,7,1,36
BRDA:110,8,0,36
BRDA:110,8,1,36
BRDA:116,9,0,36
BRF:13
BRH:8
end_of_record
TN:
SF:src/lib/api.ts
FN:364,(anonymous_35)
FN:370,apiRequest
FN:374,(anonymous_37)
FN:386,(anonymous_38)
FN:405,getPortfolioSummary
FN:414,getStockPositions
FN:419,getStocksSummary
FN:428,getOptionsPositions
FN:433,getOptionsSummary
FN:442,getPortfolioGreeks
FN:472,getOptionsOrders
FN:512,getOptionsOrdersLegacy
FN:553,getClosedOptionsHistory
FN:579,getTickerPerformance
FN:589,getFilteredOptionsPositions
FN:613,getRolledOptionsChains
FN:651,getRolledOptionsChainDetails
FN:659,getRolledOptionsSummary
FN:671,getSymbolRolledChains
FN:688,checkAuthStatus
FN:697,getDashboardData
FN:700,(anonymous_56)
FN:704,(anonymous_57)
FN:708,(anonymous_58)
FN:726,(anonymous_59)
FN:734,(anonymous_60)
FN:840,apiPostRequest
FN:851,(anonymous_62)
FN:867,getTotalValueBreakdown
FN:875,getTotalReturnBreakdown
FN:883,getGreeksBreakdown
FN:891,getQuickBreakdown
FN:904,getAvailableGroupings
FN:913,getPnLSummary
FN:921,getYearlyPnL
FN:934,getSymbolPnL
FN:954,getSymbolTrades
FN:971,triggerPnLProcessing
FN:983,getPnLProcessingStatus
FN:991,forceOptionsPositionsRefresh
FN:1010,getOptionsOrdersSyncStatus
FN:1018,triggerOptionsOrdersSync
FNF:42
FNH:2
FNDA:0,(anonymous_35)
FNDA:0,apiRequest
FNDA:0,(anonymous_37)
FNDA:0,(anonymous_38)
FNDA:0,getPortfolioSummary
FNDA:0,getStockPositions
FNDA:0,getStocksSummary
FNDA:0,getOptionsPositions
FNDA:0,getOptionsSummary
FNDA:0,getPortfolioGreeks
FNDA:0,getOptionsOrders
FNDA:0,getOptionsOrdersLegacy
FNDA:0,getClosedOptionsHistory
FNDA:0,getTickerPerformance
FNDA:0,getFilteredOptionsPositions
FNDA:0,getRolledOptionsChains
FNDA:0,getRolledOptionsChainDetails
FNDA:0,getRolledOptionsSummary
FNDA:0,getSymbolRolledChains
FNDA:0,checkAuthStatus
FNDA:0,getDashboardData
FNDA:0,(anonymous_56)
FNDA:0,(anonymous_57)
FNDA:0,(anonymous_58)
FNDA:1,(anonymous_59)
FNDA:1,(anonymous_60)
FNDA:0,apiPostRequest
FNDA:0,(anonymous_62)
FNDA:0,getTotalValueBreakdown
FNDA:0,getTotalReturnBreakdown
FNDA:0,getGreeksBreakdown
FNDA:0,getQuickBreakdown
FNDA:0,getAvailableGroupings
FNDA:0,getPnLSummary
FNDA:0,getYearlyPnL
FNDA:0,getSymbolPnL
FNDA:0,getSymbolTrades
FNDA:0,triggerPnLProcessing
FNDA:0,getPnLProcessingStatus
FNDA:0,forceOptionsPositionsRefresh
FNDA:0,getOptionsOrdersSyncStatus
FNDA:0,triggerOptionsOrdersSync
DA:5,1
DA:364,0
DA:365,0
DA:366,0
DA:371,0
DA:373,0
DA:374,0
DA:376,0
DA:383,0
DA:385,0
DA:386,0
DA:387,0
DA:388,0
DA:391,0
DA:392,0
DA:394,0
DA:395,0
DA:397,0
DA:398,0
DA:400,0
DA:405,1
DA:406,0
DA:407,0
DA:408,0
DA:410,0
DA:414,1
DA:415,0
DA:416,0
DA:419,1
DA:420,0
DA:421,0
DA:422,0
DA:424,0
DA:428,1
DA:429,0
DA:430,0
DA:433,1
DA:434,0
DA:435,0
DA:436,0
DA:437,0
DA:439,0
DA:442,1
DA:443,0
DA:444,0
DA:445,0
DA:447,0
DA:472,1
DA:482,0
DA:483,0
DA:484,0
DA:485,0
DA:486,0
DA:487,0
DA:488,0
DA:489,0
DA:490,0
DA:492,0
DA:493,0
DA:496,0
DA:512,1
DA:521,0
DA:528,0
DA:553,1
DA:563,0
DA:564,0
DA:565,0
DA:566,0
DA:567,0
DA:568,0
DA:569,0
DA:570,0
DA:571,0
DA:573,0
DA:574,0
DA:575,0
DA:579,1
DA:580,0
DA:581,0
DA:582,0
DA:583,0
DA:585,0
DA:589,1
DA:598,0
DA:599,0
DA:600,0
DA:601,0
DA:602,0
DA:603,0
DA:604,0
DA:605,0
DA:607,0
DA:608,0
DA:609,0
DA:613,1
DA:621,0
DA:622,0
DA:623,0
DA:624,0
DA:625,0
DA:626,0
DA:627,0
DA:629,0
DA:633,0
DA:635,0
DA:636,0
DA:638,0
DA:644,0
DA:645,0
DA:646,0
DA:648,0
DA:651,1
DA:652,0
DA:653,0
DA:654,0
DA:656,0
DA:659,1
DA:660,0
DA:661,0
DA:663,0
DA:664,0
DA:665,0
DA:666,0
DA:668,0
DA:671,1
DA:675,0
DA:676,0
DA:677,0
DA:679,0
DA:680,0
DA:681,0
DA:682,0
DA:684,0
DA:688,1
DA:689,0
DA:690,0
DA:691,0
DA:693,0
DA:697,1
DA:698,0
DA:699,0
DA:701,0
DA:702,0
DA:705,0
DA:706,0
DA:709,0
DA:710,0
DA:714,0
DA:720,0
DA:721,0
DA:726,1
DA:734,1
DA:841,0
DA:842,0
DA:850,0
DA:851,0
DA:852,0
DA:853,0
DA:856,0
DA:857,0
DA:859,0
DA:860,0
DA:862,0
DA:867,1
DA:868,0
DA:869,0
DA:870,0
DA:872,0
DA:875,1
DA:876,0
DA:877,0
DA:878,0
DA:880,0
DA:883,1
DA:884,0
DA:885,0
DA:886,0
DA:888,0
DA:891,1
DA:892,0
DA:893,0
DA:894,0
DA:895,0
DA:897,0
DA:898,0
DA:899,0
DA:901,0
DA:904,1
DA:905,0
DA:906,0
DA:907,0
DA:909,0
DA:913,1
DA:914,0
DA:915,0
DA:916,0
DA:918,0
DA:921,1
DA:922,0
DA:923,0
DA:924,0
DA:926,0
DA:927,0
DA:928,0
DA:929,0
DA:931,0
DA:934,1
DA:940,0
DA:941,0
DA:942,0
DA:943,0
DA:944,0
DA:946,0
DA:947,0
DA:948,0
DA:949,0
DA:951,0
DA:954,1
DA:959,0
DA:960,0
DA:961,0
DA:963,0
DA:964,0
DA:965,0
DA:966,0
DA:968,0
DA:971,1
DA:972,0
DA:973,0
DA:975,0
DA:976,0
DA:977,0
DA:978,0
DA:980,0
DA:983,1
DA:984,0
DA:985,0
DA:986,0
DA:988,0
DA:991,1
DA:992,0
DA:993,0
DA:994,0
DA:996,0
DA:1010,1
DA:1011,0
DA:1012,0
DA:1013,0
DA:1015,0
DA:1018,1
DA:1022,0
DA:1023,0
DA:1024,0
DA:1026,0
DA:1027,0
DA:1028,0
DA:1029,0
DA:1031,0
DA:1034,1
LF:259
LH:35
BRDA:370,0,0,0
BRDA:385,1,0,0
BRDA:387,2,0,0
BRDA:387,2,1,0
BRDA:387,2,2,0
BRDA:394,3,0,0
BRDA:397,4,0,0
BRDA:397,5,0,0
BRDA:397,5,1,0
BRDA:397,5,2,0
BRDA:397,5,3,0
BRDA:400,6,0,0
BRDA:400,6,1,0
BRDA:407,7,0,0
BRDA:416,8,0,0
BRDA:416,8,1,0
BRDA:421,9,0,0
BRDA:430,10,0,0
BRDA:430,10,1,0
BRDA:433,11,0,0
BRDA:434,12,0,0
BRDA:434,12,1,0
BRDA:436,13,0,0
BRDA:444,14,0,0
BRDA:483,15,0,0
BRDA:484,16,0,0
BRDA:485,17,0,0
BRDA:486,18,0,0
BRDA:487,19,0,0
BRDA:488,20,0,0
BRDA:489,21,0,0
BRDA:490,22,0,0
BRDA:492,23,0,0
BRDA:492,23,1,0
BRDA:497,24,0,0
BRDA:497,24,1,0
BRDA:499,25,0,0
BRDA:499,25,1,0
BRDA:500,26,0,0
BRDA:500,26,1,0
BRDA:501,27,0,0
BRDA:501,27,1,0
BRDA:502,28,0,0
BRDA:502,28,1,0
BRDA:503,29,0,0
BRDA:503,29,1,0
BRDA:504,30,0,0
BRDA:504,30,1,0
BRDA:506,31,0,0
BRDA:506,31,1,0
BRDA:507,32,0,0
BRDA:507,32,1,0
BRDA:564,33,0,0
BRDA:565,34,0,0
BRDA:566,35,0,0
BRDA:567,36,0,0
BRDA:568,37,0,0
BRDA:569,38,0,0
BRDA:570,39,0,0
BRDA:571,40,0,0
BRDA:573,41,0,0
BRDA:573,41,1,0
BRDA:575,42,0,0
BRDA:575,42,1,0
BRDA:580,43,0,0
BRDA:580,43,1,0
BRDA:582,44,0,0
BRDA:585,45,0,0
BRDA:585,45,1,0
BRDA:599,46,0,0
BRDA:600,47,0,0
BRDA:601,48,0,0
BRDA:602,49,0,0
BRDA:603,50,0,0
BRDA:604,51,0,0
BRDA:605,52,0,0
BRDA:607,53,0,0
BRDA:607,53,1,0
BRDA:609,54,0,0
BRDA:609,54,1,0
BRDA:622,55,0,0
BRDA:623,56,0,0
BRDA:624,57,0,0
BRDA:625,58,0,0
BRDA:626,59,0,0
BRDA:627,60,0,0
BRDA:629,61,0,0
BRDA:629,61,1,0
BRDA:635,62,0,0
BRDA:636,63,0,0
BRDA:636,63,1,0
BRDA:637,64,0,0
BRDA:637,64,1,0
BRDA:638,65,0,0
BRDA:638,65,1,0
BRDA:639,66,0,0
BRDA:639,66,1,0
BRDA:641,67,0,0
BRDA:641,67,1,0
BRDA:645,68,0,0
BRDA:653,69,0,0
BRDA:661,70,0,0
BRDA:663,71,0,0
BRDA:663,71,1,0
BRDA:665,72,0,0
BRDA:676,73,0,0
BRDA:677,74,0,0
BRDA:679,75,0,0
BRDA:679,75,1,0
BRDA:681,76,0,0
BRDA:690,77,0,0
BRDA:697,78,0,0
BRDA:726,79,0,1
BRDA:726,79,1,1
BRDA:734,80,0,1
BRDA:734,80,1,1
BRDA:850,81,0,0
BRDA:852,82,0,0
BRDA:852,82,1,0
BRDA:852,82,2,0
BRDA:859,83,0,0
BRDA:862,84,0,0
BRDA:862,84,1,0
BRDA:869,85,0,0
BRDA:877,86,0,0
BRDA:885,87,0,0
BRDA:893,88,0,0
BRDA:894,89,0,0
BRDA:895,90,0,0
BRDA:898,91,0,0
BRDA:906,92,0,0
BRDA:915,93,0,0
BRDA:923,94,0,0
BRDA:924,95,0,0
BRDA:926,96,0,0
BRDA:926,96,1,0
BRDA:928,97,0,0
BRDA:941,98,0,0
BRDA:942,99,0,0
BRDA:943,100,0,0
BRDA:944,101,0,0
BRDA:946,102,0,0
BRDA:946,102,1,0
BRDA:948,103,0,0
BRDA:960,104,0,0
BRDA:961,105,0,0
BRDA:963,106,0,0
BRDA:963,106,1,0
BRDA:965,107,0,0
BRDA:971,108,0,0
BRDA:973,109,0,0
BRDA:975,110,0,0
BRDA:975,110,1,0
BRDA:977,111,0,0
BRDA:985,112,0,0
BRDA:993,113,0,0
BRDA:1012,114,0,0
BRDA:1019,115,0,0
BRDA:1020,116,0,0
BRDA:1023,117,0,0
BRDA:1024,118,0,0
BRDA:1026,119,0,0
BRDA:1026,119,1,0
BRDA:1028,120,0,0
BRF:164
BRH:4
end_of_record
TN:
SF:src/lib/logoUtils.ts
FN:38,(anonymous_6)
FN:48,(anonymous_7)
FN:59,(anonymous_8)
FN:75,(anonymous_9)
FN:83,(anonymous_10)
FN:105,(anonymous_11)
FN:117,(anonymous_12)
FN:144,(anonymous_13)
FN:154,(anonymous_14)
FNF:9
FNH:0
FNDA:0,(anonymous_6)
FNDA:0,(anonymous_7)
FNDA:0,(anonymous_8)
FNDA:0,(anonymous_9)
FNDA:0,(anonymous_10)
FNDA:0,(anonymous_11)
FNDA:0,(anonymous_12)
FNDA:0,(anonymous_13)
FNDA:0,(anonymous_14)
DA:10,0
DA:11,0
DA:14,0
DA:38,0
DA:39,0
DA:41,0
DA:42,0
DA:43,0
DA:44,0
DA:46,0
DA:47,0
DA:48,0
DA:50,0
DA:53,0
DA:55,0
DA:59,0
DA:60,0
DA:62,0
DA:63,0
DA:64,0
DA:68,0
DA:70,0
DA:75,0
DA:76,0
DA:78,0
DA:79,0
DA:83,0
DA:84,0
DA:86,0
DA:88,0
DA:91,0
DA:92,0
DA:93,0
DA:96,0
DA:99,0
DA:101,0
DA:105,0
DA:106,0
DA:108,0
DA:109,0
DA:110,0
DA:112,0
DA:117,0
DA:118,0
DA:120,0
DA:123,0
DA:124,0
DA:125,0
DA:126,0
DA:127,0
DA:129,0
DA:134,0
DA:135,0
DA:136,0
DA:137,0
DA:140,0
DA:144,0
DA:145,0
DA:146,0
DA:154,0
DA:155,0
LF:61
LH:0
BRDA:39,0,0,0
BRDA:43,1,0,0
BRDA:60,2,0,0
BRDA:84,3,0,0
BRDA:91,4,0,0
BRDA:106,5,0,0
BRDA:118,6,0,0
BRDA:123,7,0,0
BRDA:134,8,0,0
BRF:9
BRH:0
end_of_record
TN:
SF:src/lib/utils.ts
FN:4,cn
FNF:1
FNH:1
FNDA:110,cn
DA:1,2
DA:2,2
DA:4,110
DA:5,110
LF:4
LH:4
BRF:0
BRH:0
end_of_record
TN:
SF:src/lib/providers/query-provider.tsx
FN:7,QueryProvider
FN:9,(anonymous_2)
FN:15,(anonymous_3)
FN:28,(anonymous_4)
FNF:4
FNH:0
FNDA:0,QueryProvider
FNDA:0,(anonymous_2)
FNDA:0,(anonymous_3)
FNDA:0,(anonymous_4)
DA:3,0
DA:4,0
DA:5,0
DA:7,0
DA:8,0
DA:10,0
DA:17,0
DA:18,0
DA:21,0
DA:29,0
LF:10
LH:0
BRDA:17,0,0,0
BRDA:17,1,0,0
BRDA:17,1,1,0
BRDA:39,2,0,0
BRF:4
BRH:0
end_of_record
TN:
SF:src/lib/providers/supabase-provider.tsx
FN:14,SupabaseProvider
FN:15,(anonymous_4)
FN:17,(anonymous_5)
FN:20,(anonymous_6)
FN:28,(anonymous_7)
FN:40,(anonymous_8)
FNF:6
FNH:0
FNDA:0,SupabaseProvider
FNDA:0,(anonymous_4)
FNDA:0,(anonymous_5)
FNDA:0,(anonymous_6)
FNDA:0,(anonymous_7)
FNDA:0,(anonymous_8)
DA:3,0
DA:4,0
DA:12,0
DA:14,0
DA:15,0
DA:17,0
DA:20,0
DA:21,0
DA:22,0
DA:23,0
DA:24,0
DA:28,0
DA:29,0
DA:40,0
DA:41,0
DA:42,0
DA:43,0
DA:45,0
LF:18
LH:0
BRDA:21,0,0,0
BRDA:21,0,1,0
BRDA:23,1,0,0
BRDA:42,2,0,0
BRF:4
BRH:0
end_of_record
TN:
SF:src/lib/providers/theme-provider.tsx
FN:7,ThemeProvider
FNF:1
FNH:0
FNDA:0,ThemeProvider
DA:3,0
DA:4,0
DA:7,0
LF:3
LH:0
BRF:0
BRH:0
end_of_record
TN:
SF:src/test-utils/index.tsx
FN:6,(anonymous_5)
FN:25,(anonymous_6)
FNF:2
FNH:2
FNDA:17,(anonymous_5)
FNDA:17,(anonymous_6)
DA:1,2
DA:2,2
DA:3,2
DA:6,2
DA:8,17
DA:25,2
DA:28,17
DA:31,17
LF:8
LH:8
BRF:0
BRH:0
end_of_record
TN:
SF:src/test-utils/mocks.ts
FN:150,(anonymous_9)
FNF:1
FNH:0
FNDA:0,(anonymous_9)
DA:4,8
DA:29,2
DA:77,2
DA:107,13
DA:125,2
DA:150,2
DA:158,2
DA:166,2
LF:8
LH:8
BRF:0
BRH:0
end_of_record
